<?xml version="1.0" encoding="UTF-8"?>
<robot generator="Robot 6.0 (Python 3.11.7 on darwin)" generated="20240229 09:47:35.191" rpa="false" schemaversion="3">
<suite id="s1" name="OpenPropertyUrl" source="/Users/azizahira/Workspace/Automation/Test/OpenPropertyUrl.robot">
<test id="s1-t1" name="Open All Property For Sale Url" line="7">
<kw name="Open Homepage" library="TestSetup" type="SETUP">
<kw name="Open Chrome Browser" library="TestSetup">
<kw name="Run Keyword If" library="BuiltIn">
<arg>'${HEADLESS_BROWSER}'=='true'</arg>
<arg>Headless Browser Setup</arg>
<doc>Runs the given keyword with the given arguments, if ``condition`` is true.</doc>
<status status="PASS" starttime="20240229 09:47:36.038" endtime="20240229 09:47:36.038"/>
</kw>
<kw name="Open Browser" library="SeleniumLibrary">
<arg>${url}</arg>
<arg>${BROWSER}</arg>
<arg>alias=chrome</arg>
<doc>Opens a new browser instance to the optional ``url``.</doc>
<msg timestamp="20240229 09:47:36.040" level="INFO">Opening browser 'gc' to base url 'about:blank'.</msg>
<status status="PASS" starttime="20240229 09:47:36.039" endtime="20240229 09:47:37.567"/>
</kw>
<timeout value="2 minutes"/>
<status status="PASS" starttime="20240229 09:47:36.036" endtime="20240229 09:47:37.567"/>
</kw>
<kw name="Go To" library="SeleniumLibrary">
<arg>${SERVER}</arg>
<doc>Navigates the current browser window to the provided ``url``.</doc>
<msg timestamp="20240229 09:47:37.568" level="INFO">Opening url 'https://www.99.co/id'</msg>
<status status="PASS" starttime="20240229 09:47:37.568" endtime="20240229 09:47:38.280"/>
</kw>
<status status="PASS" starttime="20240229 09:47:36.036" endtime="20240229 09:47:38.280"/>
</kw>
<kw name="Scroll To Property Section" library="HomepagePages">
<kw name="Scroll Element Into View" library="SeleniumLibrary">
<arg>class=upperFooter</arg>
<doc>Scrolls the element identified by ``locator`` into view.</doc>
<status status="PASS" starttime="20240229 09:47:38.281" endtime="20240229 09:47:38.592"/>
</kw>
<status status="PASS" starttime="20240229 09:47:38.280" endtime="20240229 09:47:38.592"/>
</kw>
<kw name="Open All Property Content by Index" library="HomepageLogic">
<arg>1</arg>
<kw name="Verify Property Content Section Is Visible" library="HomepagePages">
<kw name="Wait Until Element Is Visible" library="SeleniumLibrary">
<arg>xpath=//div[@class="accordion"]</arg>
<arg>timeout=${MED_TIMEOUT}</arg>
<doc>Waits until the element ``locator`` is visible.</doc>
<status status="PASS" starttime="20240229 09:47:38.593" endtime="20240229 09:47:38.617"/>
</kw>
<status status="PASS" starttime="20240229 09:47:38.593" endtime="20240229 09:47:38.618"/>
</kw>
<kw name="Click All Property Content by Index" library="HomepagePages">
<arg>${index}</arg>
<kw name="Click Button" library="SeleniumLibrary">
<arg>xpath=//div[@class="accordion"][${index}]//button</arg>
<doc>Clicks the button identified by ``locator``.</doc>
<msg timestamp="20240229 09:47:38.618" level="INFO">Clicking button 'xpath=//div[@class="accordion"][1]//button'.</msg>
<status status="PASS" starttime="20240229 09:47:38.618" endtime="20240229 09:47:38.665"/>
</kw>
<status status="PASS" starttime="20240229 09:47:38.618" endtime="20240229 09:47:38.665"/>
</kw>
<status status="PASS" starttime="20240229 09:47:38.592" endtime="20240229 09:47:38.665"/>
</kw>
<kw name="Check If Property Content Is Visible" library="HomepageLogic">
<arg>1</arg>
<kw name="Run Keyword And Return Status" library="BuiltIn">
<var>${status}</var>
<arg>HomepagePages.Verify Property Content List Is Visible</arg>
<doc>Runs the given keyword with given arguments and returns the status as a Boolean value.</doc>
<kw name="Verify Property Content List Is Visible" library="HomepagePages">
<kw name="Wait Until Element Is Visible" library="SeleniumLibrary">
<arg>css=.accordion-content.showContent</arg>
<doc>Waits until the element ``locator`` is visible.</doc>
<msg timestamp="20240229 09:47:48.839" level="FAIL">Element 'css=.accordion-content.showContent' not visible after 10 seconds.</msg>
<status status="FAIL" starttime="20240229 09:47:38.667" endtime="20240229 09:47:48.844"/>
</kw>
<status status="FAIL" starttime="20240229 09:47:38.666" endtime="20240229 09:47:48.844"/>
</kw>
<msg timestamp="20240229 09:47:48.844" level="INFO">${status} = False</msg>
<status status="PASS" starttime="20240229 09:47:38.666" endtime="20240229 09:47:48.844"/>
</kw>
<kw name="Run Keyword If" library="BuiltIn">
<arg>'${status}' == 'False'</arg>
<arg>HomePageLogic.Open All Property Content by Index</arg>
<arg>${index}</arg>
<doc>Runs the given keyword with the given arguments, if ``condition`` is true.</doc>
<kw name="Open All Property Content by Index" library="HomepageLogic">
<arg>${index}</arg>
<kw name="Verify Property Content Section Is Visible" library="HomepagePages">
<kw name="Wait Until Element Is Visible" library="SeleniumLibrary">
<arg>xpath=//div[@class="accordion"]</arg>
<arg>timeout=${MED_TIMEOUT}</arg>
<doc>Waits until the element ``locator`` is visible.</doc>
<status status="PASS" starttime="20240229 09:47:48.846" endtime="20240229 09:47:48.866"/>
</kw>
<status status="PASS" starttime="20240229 09:47:48.846" endtime="20240229 09:47:48.866"/>
</kw>
<kw name="Click All Property Content by Index" library="HomepagePages">
<arg>${index}</arg>
<kw name="Click Button" library="SeleniumLibrary">
<arg>xpath=//div[@class="accordion"][${index}]//button</arg>
<doc>Clicks the button identified by ``locator``.</doc>
<msg timestamp="20240229 09:47:48.867" level="INFO">Clicking button 'xpath=//div[@class="accordion"][1]//button'.</msg>
<status status="PASS" starttime="20240229 09:47:48.866" endtime="20240229 09:47:48.908"/>
</kw>
<status status="PASS" starttime="20240229 09:47:48.866" endtime="20240229 09:47:48.908"/>
</kw>
<status status="PASS" starttime="20240229 09:47:48.845" endtime="20240229 09:47:48.908"/>
</kw>
<status status="PASS" starttime="20240229 09:47:48.845" endtime="20240229 09:47:48.908"/>
</kw>
<status status="PASS" starttime="20240229 09:47:38.666" endtime="20240229 09:47:48.908"/>
</kw>
<kw name="Open Property One By One" library="HomepageLogic">
<kw name="Get Count Property Content" library="HomepagePages">
<kw name="Get Element Count" library="SeleniumLibrary">
<var>${total_content}</var>
<arg>//div[contains(@class, 'accordion-content') and contains(@class, 'showContent')]/a</arg>
<doc>Returns the number of elements matching ``locator``.</doc>
<msg timestamp="20240229 09:47:48.921" level="INFO">${total_content} = 15</msg>
<status status="PASS" starttime="20240229 09:47:48.909" endtime="20240229 09:47:48.921"/>
</kw>
<kw name="Set Test Variable" library="BuiltIn">
<arg>${total_content}</arg>
<doc>Makes a variable available everywhere within the scope of the current test.</doc>
<msg timestamp="20240229 09:47:48.922" level="INFO">${total_content} = 15</msg>
<status status="PASS" starttime="20240229 09:47:48.922" endtime="20240229 09:47:48.922"/>
</kw>
<status status="PASS" starttime="20240229 09:47:48.909" endtime="20240229 09:47:48.922"/>
</kw>
<for flavor="IN RANGE">
<var>${i}</var>
<value>1</value>
<value>${total_content+1}</value>
<iter>
<var name="${i}">1</var>
<kw name="Log To Console" library="BuiltIn">
<arg>${i}</arg>
<doc>Logs the given message to the console.</doc>
<status status="PASS" starttime="20240229 09:47:48.924" endtime="20240229 09:47:48.925"/>
</kw>
<kw name="Get Property Title" library="HomepagePages">
<arg>${i}</arg>
<kw name="Get Text" library="SeleniumLibrary">
<var>${property_title}</var>
<arg>xpath=//div[contains(@class, 'accordion-content') and contains(@class, 'showContent')]/a[${index}]</arg>
<doc>Returns the text value of the element identified by ``locator``.</doc>
<msg timestamp="20240229 09:47:48.956" level="INFO">${property_title} = Rumah Dijual</msg>
<status status="PASS" starttime="20240229 09:47:48.926" endtime="20240229 09:47:48.956"/>
</kw>
<kw name="Set Test Variable" library="BuiltIn">
<arg>${property_title}</arg>
<doc>Makes a variable available everywhere within the scope of the current test.</doc>
<msg timestamp="20240229 09:47:48.957" level="INFO">${property_title} = Rumah Dijual</msg>
<status status="PASS" starttime="20240229 09:47:48.957" endtime="20240229 09:47:48.957"/>
</kw>
<status status="PASS" starttime="20240229 09:47:48.925" endtime="20240229 09:47:48.957"/>
</kw>
<kw name="Get Property Content Url By Index" library="HomepagePages">
<arg>${i}</arg>
<kw name="Get Element Attribute" library="SeleniumLibrary">
<var>${property_url}</var>
<arg>xpath=//div[contains(@class, 'accordion-content') and contains(@class, 'showContent')]/a[${index}]</arg>
<arg>href</arg>
<doc>Returns the value of ``attribute`` from the element ``locator``.</doc>
<msg timestamp="20240229 09:47:48.988" level="INFO">${property_url} = https://www.99.co/id/jual/rumah</msg>
<status status="PASS" starttime="20240229 09:47:48.958" endtime="20240229 09:47:48.988"/>
</kw>
<kw name="Set Test Variable" library="BuiltIn">
<arg>${property_url}</arg>
<doc>Makes a variable available everywhere within the scope of the current test.</doc>
<msg timestamp="20240229 09:47:48.989" level="INFO">${property_url} = https://www.99.co/id/jual/rumah</msg>
<status status="PASS" starttime="20240229 09:47:48.989" endtime="20240229 09:47:48.989"/>
</kw>
<status status="PASS" starttime="20240229 09:47:48.957" endtime="20240229 09:47:48.989"/>
</kw>
<kw name="Click Property In The New Tab" library="HomepagePages">
<arg>${property_url}</arg>
<kw name="Execute Javascript" library="SeleniumLibrary">
<arg>window.open('${property_url}', '_blank')</arg>
<doc>Executes the given JavaScript code with possible arguments.</doc>
<msg timestamp="20240229 09:47:48.990" level="INFO">Executing JavaScript:
window.open('https://www.99.co/id/jual/rumah', '_blank')
Without any arguments.</msg>
<status status="PASS" starttime="20240229 09:47:48.989" endtime="20240229 09:47:49.020"/>
</kw>
<status status="PASS" starttime="20240229 09:47:48.989" endtime="20240229 09:47:49.020"/>
</kw>
<kw name="Switch Window" library="SeleniumLibrary">
<var>${tab1}</var>
<arg>NEW</arg>
<doc>Switches to browser window matching ``locator``.</doc>
<msg timestamp="20240229 09:47:49.028" level="INFO">${tab1} = EF4AB84CCEFF6AE98EB58F500444B415</msg>
<status status="PASS" starttime="20240229 09:47:49.021" endtime="20240229 09:47:49.028"/>
</kw>
<kw name="Verify Redirect To Expected Url" library="PropertyPagePages">
<arg>${property_url}</arg>
<kw name="Location Should Be" library="SeleniumLibrary">
<arg>${Property_url}</arg>
<doc>Verifies that the current URL is exactly ``url``.</doc>
<msg timestamp="20240229 09:47:51.875" level="INFO">Current location is 'https://www.99.co/id/jual/rumah'.</msg>
<status status="PASS" starttime="20240229 09:47:49.029" endtime="20240229 09:47:51.875"/>
</kw>
<status status="PASS" starttime="20240229 09:47:49.029" endtime="20240229 09:47:51.875"/>
</kw>
<kw name="Verify User Already On Property Page Details" library="PropertyPageLogic">
<kw name="Verify Search Bar" library="PropertyPagePages">
<kw name="Wait Until Element Is Visible" library="SeleniumLibrary">
<arg>name=search-bar</arg>
<arg>timeout=${MIN_TIMEOUT}</arg>
<doc>Waits until the element ``locator`` is visible.</doc>
<status status="PASS" starttime="20240229 09:47:51.876" endtime="20240229 09:47:51.904"/>
</kw>
<status status="PASS" starttime="20240229 09:47:51.875" endtime="20240229 09:47:51.904"/>
</kw>
<kw name="Verify Filter Section" library="PropertyPagePages">
<kw name="Wait Until Element Is Visible" library="SeleniumLibrary">
<arg>class=filterOuter</arg>
<arg>timeout=${MIN_TIMEOUT}</arg>
<doc>Waits until the element ``locator`` is visible.</doc>
<status status="PASS" starttime="20240229 09:47:51.904" endtime="20240229 09:47:51.954"/>
</kw>
<status status="PASS" starttime="20240229 09:47:51.904" endtime="20240229 09:47:51.954"/>
</kw>
<kw name="Verify Filter Quick Section" library="PropertyPagePages">
<kw name="Wait Until Element Is Visible" library="SeleniumLibrary">
<arg>class=FilterQuick</arg>
<arg>timeout=${MIN_TIMEOUT}</arg>
<doc>Waits until the element ``locator`` is visible.</doc>
<status status="PASS" starttime="20240229 09:47:51.955" endtime="20240229 09:47:51.982"/>
</kw>
<status status="PASS" starttime="20240229 09:47:51.955" endtime="20240229 09:47:51.982"/>
</kw>
<kw name="Verify Filter Sorting Section" library="PropertyPagePages">
<kw name="Wait Until Element Is Visible" library="SeleniumLibrary">
<arg>class=FilterQuick__sort</arg>
<arg>timeout=${MIN_TIMEOUT}</arg>
<doc>Waits until the element ``locator`` is visible.</doc>
<status status="PASS" starttime="20240229 09:47:51.983" endtime="20240229 09:47:52.000"/>
</kw>
<status status="PASS" starttime="20240229 09:47:51.982" endtime="20240229 09:47:52.000"/>
</kw>
<status status="PASS" starttime="20240229 09:47:51.875" endtime="20240229 09:47:52.000"/>
</kw>
<kw name="Run Keyword And Ignore Error" library="BuiltIn">
<arg>PropertyPagePages.Verify Property Page Title</arg>
<arg>${property_title}</arg>
<doc>Runs the given keyword with the given arguments and ignores possible error.</doc>
<kw name="Verify Property Page Title" library="PropertyPagePages">
<arg>${property_title}</arg>
<kw name="Element Should Contain" library="SeleniumLibrary">
<arg>xpath=//div[@class="row"]//h1</arg>
<arg>${saleProperty_title} di Indonesia</arg>
<doc>Verifies that element ``locator`` contains text ``expected``.</doc>
<msg timestamp="20240229 09:47:52.022" level="INFO">Element 'xpath=//div[@class="row"]//h1' contains text 'Rumah Dijual di Indonesia'.</msg>
<status status="PASS" starttime="20240229 09:47:52.001" endtime="20240229 09:47:52.022"/>
</kw>
<status status="PASS" starttime="20240229 09:47:52.000" endtime="20240229 09:47:52.023"/>
</kw>
<status status="PASS" starttime="20240229 09:47:52.000" endtime="20240229 09:47:52.023"/>
</kw>
<kw name="Close Window" library="SeleniumLibrary">
<doc>Closes currently opened and selected browser window/tab.</doc>
<status status="PASS" starttime="20240229 09:47:52.023" endtime="20240229 09:47:52.075"/>
</kw>
<kw name="Switch Window" library="SeleniumLibrary">
<arg>MAIN</arg>
<doc>Switches to browser window matching ``locator``.</doc>
<status status="PASS" starttime="20240229 09:47:52.075" endtime="20240229 09:47:52.078"/>
</kw>
<status status="PASS" starttime="20240229 09:47:48.924" endtime="20240229 09:47:52.079"/>
</iter>
<iter>
<var name="${i}">2</var>
<kw name="Log To Console" library="BuiltIn">
<arg>${i}</arg>
<doc>Logs the given message to the console.</doc>
<status status="PASS" starttime="20240229 09:47:52.079" endtime="20240229 09:47:52.079"/>
</kw>
<kw name="Get Property Title" library="HomepagePages">
<arg>${i}</arg>
<kw name="Get Text" library="SeleniumLibrary">
<var>${property_title}</var>
<arg>xpath=//div[contains(@class, 'accordion-content') and contains(@class, 'showContent')]/a[${index}]</arg>
<doc>Returns the text value of the element identified by ``locator``.</doc>
<msg timestamp="20240229 09:47:52.100" level="INFO">${property_title} = Apartemen Dijual</msg>
<status status="PASS" starttime="20240229 09:47:52.080" endtime="20240229 09:47:52.100"/>
</kw>
<kw name="Set Test Variable" library="BuiltIn">
<arg>${property_title}</arg>
<doc>Makes a variable available everywhere within the scope of the current test.</doc>
<msg timestamp="20240229 09:47:52.100" level="INFO">${property_title} = Apartemen Dijual</msg>
<status status="PASS" starttime="20240229 09:47:52.100" endtime="20240229 09:47:52.100"/>
</kw>
<status status="PASS" starttime="20240229 09:47:52.079" endtime="20240229 09:47:52.100"/>
</kw>
<kw name="Get Property Content Url By Index" library="HomepagePages">
<arg>${i}</arg>
<kw name="Get Element Attribute" library="SeleniumLibrary">
<var>${property_url}</var>
<arg>xpath=//div[contains(@class, 'accordion-content') and contains(@class, 'showContent')]/a[${index}]</arg>
<arg>href</arg>
<doc>Returns the value of ``attribute`` from the element ``locator``.</doc>
<msg timestamp="20240229 09:47:52.116" level="INFO">${property_url} = https://www.99.co/id/jual/apartemen</msg>
<status status="PASS" starttime="20240229 09:47:52.101" endtime="20240229 09:47:52.116"/>
</kw>
<kw name="Set Test Variable" library="BuiltIn">
<arg>${property_url}</arg>
<doc>Makes a variable available everywhere within the scope of the current test.</doc>
<msg timestamp="20240229 09:47:52.116" level="INFO">${property_url} = https://www.99.co/id/jual/apartemen</msg>
<status status="PASS" starttime="20240229 09:47:52.116" endtime="20240229 09:47:52.116"/>
</kw>
<status status="PASS" starttime="20240229 09:47:52.101" endtime="20240229 09:47:52.116"/>
</kw>
<kw name="Click Property In The New Tab" library="HomepagePages">
<arg>${property_url}</arg>
<kw name="Execute Javascript" library="SeleniumLibrary">
<arg>window.open('${property_url}', '_blank')</arg>
<doc>Executes the given JavaScript code with possible arguments.</doc>
<msg timestamp="20240229 09:47:52.117" level="INFO">Executing JavaScript:
window.open('https://www.99.co/id/jual/apartemen', '_blank')
Without any arguments.</msg>
<status status="PASS" starttime="20240229 09:47:52.117" endtime="20240229 09:47:52.143"/>
</kw>
<status status="PASS" starttime="20240229 09:47:52.116" endtime="20240229 09:47:52.143"/>
</kw>
<kw name="Switch Window" library="SeleniumLibrary">
<var>${tab1}</var>
<arg>NEW</arg>
<doc>Switches to browser window matching ``locator``.</doc>
<msg timestamp="20240229 09:47:52.149" level="INFO">${tab1} = EF4AB84CCEFF6AE98EB58F500444B415</msg>
<status status="PASS" starttime="20240229 09:47:52.143" endtime="20240229 09:47:52.149"/>
</kw>
<kw name="Verify Redirect To Expected Url" library="PropertyPagePages">
<arg>${property_url}</arg>
<kw name="Location Should Be" library="SeleniumLibrary">
<arg>${Property_url}</arg>
<doc>Verifies that the current URL is exactly ``url``.</doc>
<msg timestamp="20240229 09:47:52.367" level="INFO">Current location is 'https://www.99.co/id/jual/apartemen'.</msg>
<status status="PASS" starttime="20240229 09:47:52.150" endtime="20240229 09:47:52.367"/>
</kw>
<status status="PASS" starttime="20240229 09:47:52.149" endtime="20240229 09:47:52.367"/>
</kw>
<kw name="Verify User Already On Property Page Details" library="PropertyPageLogic">
<kw name="Verify Search Bar" library="PropertyPagePages">
<kw name="Wait Until Element Is Visible" library="SeleniumLibrary">
<arg>name=search-bar</arg>
<arg>timeout=${MIN_TIMEOUT}</arg>
<doc>Waits until the element ``locator`` is visible.</doc>
<status status="PASS" starttime="20240229 09:47:52.368" endtime="20240229 09:47:52.385"/>
</kw>
<status status="PASS" starttime="20240229 09:47:52.367" endtime="20240229 09:47:52.385"/>
</kw>
<kw name="Verify Filter Section" library="PropertyPagePages">
<kw name="Wait Until Element Is Visible" library="SeleniumLibrary">
<arg>class=filterOuter</arg>
<arg>timeout=${MIN_TIMEOUT}</arg>
<doc>Waits until the element ``locator`` is visible.</doc>
<status status="PASS" starttime="20240229 09:47:52.386" endtime="20240229 09:47:52.402"/>
</kw>
<status status="PASS" starttime="20240229 09:47:52.385" endtime="20240229 09:47:52.402"/>
</kw>
<kw name="Verify Filter Quick Section" library="PropertyPagePages">
<kw name="Wait Until Element Is Visible" library="SeleniumLibrary">
<arg>class=FilterQuick</arg>
<arg>timeout=${MIN_TIMEOUT}</arg>
<doc>Waits until the element ``locator`` is visible.</doc>
<status status="PASS" starttime="20240229 09:47:52.403" endtime="20240229 09:47:52.417"/>
</kw>
<status status="PASS" starttime="20240229 09:47:52.402" endtime="20240229 09:47:52.417"/>
</kw>
<kw name="Verify Filter Sorting Section" library="PropertyPagePages">
<kw name="Wait Until Element Is Visible" library="SeleniumLibrary">
<arg>class=FilterQuick__sort</arg>
<arg>timeout=${MIN_TIMEOUT}</arg>
<doc>Waits until the element ``locator`` is visible.</doc>
<status status="PASS" starttime="20240229 09:47:52.418" endtime="20240229 09:47:52.432"/>
</kw>
<status status="PASS" starttime="20240229 09:47:52.417" endtime="20240229 09:47:52.432"/>
</kw>
<status status="PASS" starttime="20240229 09:47:52.367" endtime="20240229 09:47:52.432"/>
</kw>
<kw name="Run Keyword And Ignore Error" library="BuiltIn">
<arg>PropertyPagePages.Verify Property Page Title</arg>
<arg>${property_title}</arg>
<doc>Runs the given keyword with the given arguments and ignores possible error.</doc>
<kw name="Verify Property Page Title" library="PropertyPagePages">
<arg>${property_title}</arg>
<kw name="Element Should Contain" library="SeleniumLibrary">
<arg>xpath=//div[@class="row"]//h1</arg>
<arg>${saleProperty_title} di Indonesia</arg>
<doc>Verifies that element ``locator`` contains text ``expected``.</doc>
<msg timestamp="20240229 09:47:52.446" level="INFO">Element 'xpath=//div[@class="row"]//h1' contains text 'Apartemen Dijual di Indonesia'.</msg>
<status status="PASS" starttime="20240229 09:47:52.433" endtime="20240229 09:47:52.446"/>
</kw>
<status status="PASS" starttime="20240229 09:47:52.433" endtime="20240229 09:47:52.446"/>
</kw>
<status status="PASS" starttime="20240229 09:47:52.432" endtime="20240229 09:47:52.447"/>
</kw>
<kw name="Close Window" library="SeleniumLibrary">
<doc>Closes currently opened and selected browser window/tab.</doc>
<status status="PASS" starttime="20240229 09:47:52.447" endtime="20240229 09:47:52.503"/>
</kw>
<kw name="Switch Window" library="SeleniumLibrary">
<arg>MAIN</arg>
<doc>Switches to browser window matching ``locator``.</doc>
<status status="PASS" starttime="20240229 09:47:52.504" endtime="20240229 09:47:52.508"/>
</kw>
<status status="PASS" starttime="20240229 09:47:52.079" endtime="20240229 09:47:52.508"/>
</iter>
<iter>
<var name="${i}">3</var>
<kw name="Log To Console" library="BuiltIn">
<arg>${i}</arg>
<doc>Logs the given message to the console.</doc>
<status status="PASS" starttime="20240229 09:47:52.508" endtime="20240229 09:47:52.509"/>
</kw>
<kw name="Get Property Title" library="HomepagePages">
<arg>${i}</arg>
<kw name="Get Text" library="SeleniumLibrary">
<var>${property_title}</var>
<arg>xpath=//div[contains(@class, 'accordion-content') and contains(@class, 'showContent')]/a[${index}]</arg>
<doc>Returns the text value of the element identified by ``locator``.</doc>
<msg timestamp="20240229 09:47:52.525" level="INFO">${property_title} = Ruko Dijual</msg>
<status status="PASS" starttime="20240229 09:47:52.509" endtime="20240229 09:47:52.525"/>
</kw>
<kw name="Set Test Variable" library="BuiltIn">
<arg>${property_title}</arg>
<doc>Makes a variable available everywhere within the scope of the current test.</doc>
<msg timestamp="20240229 09:47:52.525" level="INFO">${property_title} = Ruko Dijual</msg>
<status status="PASS" starttime="20240229 09:47:52.525" endtime="20240229 09:47:52.525"/>
</kw>
<status status="PASS" starttime="20240229 09:47:52.509" endtime="20240229 09:47:52.526"/>
</kw>
<kw name="Get Property Content Url By Index" library="HomepagePages">
<arg>${i}</arg>
<kw name="Get Element Attribute" library="SeleniumLibrary">
<var>${property_url}</var>
<arg>xpath=//div[contains(@class, 'accordion-content') and contains(@class, 'showContent')]/a[${index}]</arg>
<arg>href</arg>
<doc>Returns the value of ``attribute`` from the element ``locator``.</doc>
<msg timestamp="20240229 09:47:52.539" level="INFO">${property_url} = https://www.99.co/id/jual/ruko</msg>
<status status="PASS" starttime="20240229 09:47:52.526" endtime="20240229 09:47:52.539"/>
</kw>
<kw name="Set Test Variable" library="BuiltIn">
<arg>${property_url}</arg>
<doc>Makes a variable available everywhere within the scope of the current test.</doc>
<msg timestamp="20240229 09:47:52.539" level="INFO">${property_url} = https://www.99.co/id/jual/ruko</msg>
<status status="PASS" starttime="20240229 09:47:52.539" endtime="20240229 09:47:52.540"/>
</kw>
<status status="PASS" starttime="20240229 09:47:52.526" endtime="20240229 09:47:52.540"/>
</kw>
<kw name="Click Property In The New Tab" library="HomepagePages">
<arg>${property_url}</arg>
<kw name="Execute Javascript" library="SeleniumLibrary">
<arg>window.open('${property_url}', '_blank')</arg>
<doc>Executes the given JavaScript code with possible arguments.</doc>
<msg timestamp="20240229 09:47:52.541" level="INFO">Executing JavaScript:
window.open('https://www.99.co/id/jual/ruko', '_blank')
Without any arguments.</msg>
<status status="PASS" starttime="20240229 09:47:52.540" endtime="20240229 09:47:52.566"/>
</kw>
<status status="PASS" starttime="20240229 09:47:52.540" endtime="20240229 09:47:52.566"/>
</kw>
<kw name="Switch Window" library="SeleniumLibrary">
<var>${tab1}</var>
<arg>NEW</arg>
<doc>Switches to browser window matching ``locator``.</doc>
<msg timestamp="20240229 09:47:52.572" level="INFO">${tab1} = EF4AB84CCEFF6AE98EB58F500444B415</msg>
<status status="PASS" starttime="20240229 09:47:52.566" endtime="20240229 09:47:52.572"/>
</kw>
<kw name="Verify Redirect To Expected Url" library="PropertyPagePages">
<arg>${property_url}</arg>
<kw name="Location Should Be" library="SeleniumLibrary">
<arg>${Property_url}</arg>
<doc>Verifies that the current URL is exactly ``url``.</doc>
<msg timestamp="20240229 09:47:54.091" level="INFO">Current location is 'https://www.99.co/id/jual/ruko'.</msg>
<status status="PASS" starttime="20240229 09:47:52.572" endtime="20240229 09:47:54.091"/>
</kw>
<status status="PASS" starttime="20240229 09:47:52.572" endtime="20240229 09:47:54.091"/>
</kw>
<kw name="Verify User Already On Property Page Details" library="PropertyPageLogic">
<kw name="Verify Search Bar" library="PropertyPagePages">
<kw name="Wait Until Element Is Visible" library="SeleniumLibrary">
<arg>name=search-bar</arg>
<arg>timeout=${MIN_TIMEOUT}</arg>
<doc>Waits until the element ``locator`` is visible.</doc>
<status status="PASS" starttime="20240229 09:47:54.092" endtime="20240229 09:47:54.106"/>
</kw>
<status status="PASS" starttime="20240229 09:47:54.092" endtime="20240229 09:47:54.106"/>
</kw>
<kw name="Verify Filter Section" library="PropertyPagePages">
<kw name="Wait Until Element Is Visible" library="SeleniumLibrary">
<arg>class=filterOuter</arg>
<arg>timeout=${MIN_TIMEOUT}</arg>
<doc>Waits until the element ``locator`` is visible.</doc>
<status status="PASS" starttime="20240229 09:47:54.106" endtime="20240229 09:47:54.118"/>
</kw>
<status status="PASS" starttime="20240229 09:47:54.106" endtime="20240229 09:47:54.118"/>
</kw>
<kw name="Verify Filter Quick Section" library="PropertyPagePages">
<kw name="Wait Until Element Is Visible" library="SeleniumLibrary">
<arg>class=FilterQuick</arg>
<arg>timeout=${MIN_TIMEOUT}</arg>
<doc>Waits until the element ``locator`` is visible.</doc>
<status status="PASS" starttime="20240229 09:47:54.119" endtime="20240229 09:47:54.134"/>
</kw>
<status status="PASS" starttime="20240229 09:47:54.118" endtime="20240229 09:47:54.134"/>
</kw>
<kw name="Verify Filter Sorting Section" library="PropertyPagePages">
<kw name="Wait Until Element Is Visible" library="SeleniumLibrary">
<arg>class=FilterQuick__sort</arg>
<arg>timeout=${MIN_TIMEOUT}</arg>
<doc>Waits until the element ``locator`` is visible.</doc>
<status status="PASS" starttime="20240229 09:47:54.135" endtime="20240229 09:47:54.149"/>
</kw>
<status status="PASS" starttime="20240229 09:47:54.134" endtime="20240229 09:47:54.149"/>
</kw>
<status status="PASS" starttime="20240229 09:47:54.091" endtime="20240229 09:47:54.149"/>
</kw>
<kw name="Run Keyword And Ignore Error" library="BuiltIn">
<arg>PropertyPagePages.Verify Property Page Title</arg>
<arg>${property_title}</arg>
<doc>Runs the given keyword with the given arguments and ignores possible error.</doc>
<kw name="Verify Property Page Title" library="PropertyPagePages">
<arg>${property_title}</arg>
<kw name="Element Should Contain" library="SeleniumLibrary">
<arg>xpath=//div[@class="row"]//h1</arg>
<arg>${saleProperty_title} di Indonesia</arg>
<doc>Verifies that element ``locator`` contains text ``expected``.</doc>
<msg timestamp="20240229 09:47:54.165" level="INFO">Element 'xpath=//div[@class="row"]//h1' contains text 'Ruko Dijual di Indonesia'.</msg>
<status status="PASS" starttime="20240229 09:47:54.149" endtime="20240229 09:47:54.165"/>
</kw>
<status status="PASS" starttime="20240229 09:47:54.149" endtime="20240229 09:47:54.165"/>
</kw>
<status status="PASS" starttime="20240229 09:47:54.149" endtime="20240229 09:47:54.165"/>
</kw>
<kw name="Close Window" library="SeleniumLibrary">
<doc>Closes currently opened and selected browser window/tab.</doc>
<status status="PASS" starttime="20240229 09:47:54.165" endtime="20240229 09:47:54.226"/>
</kw>
<kw name="Switch Window" library="SeleniumLibrary">
<arg>MAIN</arg>
<doc>Switches to browser window matching ``locator``.</doc>
<status status="PASS" starttime="20240229 09:47:54.226" endtime="20240229 09:47:54.232"/>
</kw>
<status status="PASS" starttime="20240229 09:47:52.508" endtime="20240229 09:47:54.232"/>
</iter>
<iter>
<var name="${i}">4</var>
<kw name="Log To Console" library="BuiltIn">
<arg>${i}</arg>
<doc>Logs the given message to the console.</doc>
<status status="PASS" starttime="20240229 09:47:54.233" endtime="20240229 09:47:54.233"/>
</kw>
<kw name="Get Property Title" library="HomepagePages">
<arg>${i}</arg>
<kw name="Get Text" library="SeleniumLibrary">
<var>${property_title}</var>
<arg>xpath=//div[contains(@class, 'accordion-content') and contains(@class, 'showContent')]/a[${index}]</arg>
<doc>Returns the text value of the element identified by ``locator``.</doc>
<msg timestamp="20240229 09:47:54.252" level="INFO">${property_title} = Tanah Dijual</msg>
<status status="PASS" starttime="20240229 09:47:54.234" endtime="20240229 09:47:54.252"/>
</kw>
<kw name="Set Test Variable" library="BuiltIn">
<arg>${property_title}</arg>
<doc>Makes a variable available everywhere within the scope of the current test.</doc>
<msg timestamp="20240229 09:47:54.253" level="INFO">${property_title} = Tanah Dijual</msg>
<status status="PASS" starttime="20240229 09:47:54.252" endtime="20240229 09:47:54.253"/>
</kw>
<status status="PASS" starttime="20240229 09:47:54.233" endtime="20240229 09:47:54.253"/>
</kw>
<kw name="Get Property Content Url By Index" library="HomepagePages">
<arg>${i}</arg>
<kw name="Get Element Attribute" library="SeleniumLibrary">
<var>${property_url}</var>
<arg>xpath=//div[contains(@class, 'accordion-content') and contains(@class, 'showContent')]/a[${index}]</arg>
<arg>href</arg>
<doc>Returns the value of ``attribute`` from the element ``locator``.</doc>
<msg timestamp="20240229 09:47:54.267" level="INFO">${property_url} = https://www.99.co/id/jual/tanah</msg>
<status status="PASS" starttime="20240229 09:47:54.253" endtime="20240229 09:47:54.267"/>
</kw>
<kw name="Set Test Variable" library="BuiltIn">
<arg>${property_url}</arg>
<doc>Makes a variable available everywhere within the scope of the current test.</doc>
<msg timestamp="20240229 09:47:54.267" level="INFO">${property_url} = https://www.99.co/id/jual/tanah</msg>
<status status="PASS" starttime="20240229 09:47:54.267" endtime="20240229 09:47:54.267"/>
</kw>
<status status="PASS" starttime="20240229 09:47:54.253" endtime="20240229 09:47:54.267"/>
</kw>
<kw name="Click Property In The New Tab" library="HomepagePages">
<arg>${property_url}</arg>
<kw name="Execute Javascript" library="SeleniumLibrary">
<arg>window.open('${property_url}', '_blank')</arg>
<doc>Executes the given JavaScript code with possible arguments.</doc>
<msg timestamp="20240229 09:47:54.268" level="INFO">Executing JavaScript:
window.open('https://www.99.co/id/jual/tanah', '_blank')
Without any arguments.</msg>
<status status="PASS" starttime="20240229 09:47:54.268" endtime="20240229 09:47:54.291"/>
</kw>
<status status="PASS" starttime="20240229 09:47:54.267" endtime="20240229 09:47:54.292"/>
</kw>
<kw name="Switch Window" library="SeleniumLibrary">
<var>${tab1}</var>
<arg>NEW</arg>
<doc>Switches to browser window matching ``locator``.</doc>
<msg timestamp="20240229 09:47:54.299" level="INFO">${tab1} = EF4AB84CCEFF6AE98EB58F500444B415</msg>
<status status="PASS" starttime="20240229 09:47:54.292" endtime="20240229 09:47:54.299"/>
</kw>
<kw name="Verify Redirect To Expected Url" library="PropertyPagePages">
<arg>${property_url}</arg>
<kw name="Location Should Be" library="SeleniumLibrary">
<arg>${Property_url}</arg>
<doc>Verifies that the current URL is exactly ``url``.</doc>
<msg timestamp="20240229 09:47:54.454" level="INFO">Current location is 'https://www.99.co/id/jual/tanah'.</msg>
<status status="PASS" starttime="20240229 09:47:54.299" endtime="20240229 09:47:54.454"/>
</kw>
<status status="PASS" starttime="20240229 09:47:54.299" endtime="20240229 09:47:54.454"/>
</kw>
<kw name="Verify User Already On Property Page Details" library="PropertyPageLogic">
<kw name="Verify Search Bar" library="PropertyPagePages">
<kw name="Wait Until Element Is Visible" library="SeleniumLibrary">
<arg>name=search-bar</arg>
<arg>timeout=${MIN_TIMEOUT}</arg>
<doc>Waits until the element ``locator`` is visible.</doc>
<status status="PASS" starttime="20240229 09:47:54.455" endtime="20240229 09:47:54.711"/>
</kw>
<status status="PASS" starttime="20240229 09:47:54.454" endtime="20240229 09:47:54.712"/>
</kw>
<kw name="Verify Filter Section" library="PropertyPagePages">
<kw name="Wait Until Element Is Visible" library="SeleniumLibrary">
<arg>class=filterOuter</arg>
<arg>timeout=${MIN_TIMEOUT}</arg>
<doc>Waits until the element ``locator`` is visible.</doc>
<status status="PASS" starttime="20240229 09:47:54.712" endtime="20240229 09:47:54.726"/>
</kw>
<status status="PASS" starttime="20240229 09:47:54.712" endtime="20240229 09:47:54.726"/>
</kw>
<kw name="Verify Filter Quick Section" library="PropertyPagePages">
<kw name="Wait Until Element Is Visible" library="SeleniumLibrary">
<arg>class=FilterQuick</arg>
<arg>timeout=${MIN_TIMEOUT}</arg>
<doc>Waits until the element ``locator`` is visible.</doc>
<status status="PASS" starttime="20240229 09:47:54.726" endtime="20240229 09:47:54.741"/>
</kw>
<status status="PASS" starttime="20240229 09:47:54.726" endtime="20240229 09:47:54.741"/>
</kw>
<kw name="Verify Filter Sorting Section" library="PropertyPagePages">
<kw name="Wait Until Element Is Visible" library="SeleniumLibrary">
<arg>class=FilterQuick__sort</arg>
<arg>timeout=${MIN_TIMEOUT}</arg>
<doc>Waits until the element ``locator`` is visible.</doc>
<status status="PASS" starttime="20240229 09:47:54.741" endtime="20240229 09:47:54.755"/>
</kw>
<status status="PASS" starttime="20240229 09:47:54.741" endtime="20240229 09:47:54.755"/>
</kw>
<status status="PASS" starttime="20240229 09:47:54.454" endtime="20240229 09:47:54.755"/>
</kw>
<kw name="Run Keyword And Ignore Error" library="BuiltIn">
<arg>PropertyPagePages.Verify Property Page Title</arg>
<arg>${property_title}</arg>
<doc>Runs the given keyword with the given arguments and ignores possible error.</doc>
<kw name="Verify Property Page Title" library="PropertyPagePages">
<arg>${property_title}</arg>
<kw name="Element Should Contain" library="SeleniumLibrary">
<arg>xpath=//div[@class="row"]//h1</arg>
<arg>${saleProperty_title} di Indonesia</arg>
<doc>Verifies that element ``locator`` contains text ``expected``.</doc>
<msg timestamp="20240229 09:47:54.768" level="INFO">Element 'xpath=//div[@class="row"]//h1' contains text 'Tanah Dijual di Indonesia'.</msg>
<status status="PASS" starttime="20240229 09:47:54.755" endtime="20240229 09:47:54.768"/>
</kw>
<status status="PASS" starttime="20240229 09:47:54.755" endtime="20240229 09:47:54.768"/>
</kw>
<status status="PASS" starttime="20240229 09:47:54.755" endtime="20240229 09:47:54.768"/>
</kw>
<kw name="Close Window" library="SeleniumLibrary">
<doc>Closes currently opened and selected browser window/tab.</doc>
<status status="PASS" starttime="20240229 09:47:54.768" endtime="20240229 09:47:54.824"/>
</kw>
<kw name="Switch Window" library="SeleniumLibrary">
<arg>MAIN</arg>
<doc>Switches to browser window matching ``locator``.</doc>
<status status="PASS" starttime="20240229 09:47:54.825" endtime="20240229 09:47:54.830"/>
</kw>
<status status="PASS" starttime="20240229 09:47:54.232" endtime="20240229 09:47:54.830"/>
</iter>
<iter>
<var name="${i}">5</var>
<kw name="Log To Console" library="BuiltIn">
<arg>${i}</arg>
<doc>Logs the given message to the console.</doc>
<status status="PASS" starttime="20240229 09:47:54.831" endtime="20240229 09:47:54.831"/>
</kw>
<kw name="Get Property Title" library="HomepagePages">
<arg>${i}</arg>
<kw name="Get Text" library="SeleniumLibrary">
<var>${property_title}</var>
<arg>xpath=//div[contains(@class, 'accordion-content') and contains(@class, 'showContent')]/a[${index}]</arg>
<doc>Returns the text value of the element identified by ``locator``.</doc>
<msg timestamp="20240229 09:47:54.867" level="INFO">${property_title} = Kios Dijual</msg>
<status status="PASS" starttime="20240229 09:47:54.832" endtime="20240229 09:47:54.867"/>
</kw>
<kw name="Set Test Variable" library="BuiltIn">
<arg>${property_title}</arg>
<doc>Makes a variable available everywhere within the scope of the current test.</doc>
<msg timestamp="20240229 09:47:54.868" level="INFO">${property_title} = Kios Dijual</msg>
<status status="PASS" starttime="20240229 09:47:54.867" endtime="20240229 09:47:54.868"/>
</kw>
<status status="PASS" starttime="20240229 09:47:54.831" endtime="20240229 09:47:54.868"/>
</kw>
<kw name="Get Property Content Url By Index" library="HomepagePages">
<arg>${i}</arg>
<kw name="Get Element Attribute" library="SeleniumLibrary">
<var>${property_url}</var>
<arg>xpath=//div[contains(@class, 'accordion-content') and contains(@class, 'showContent')]/a[${index}]</arg>
<arg>href</arg>
<doc>Returns the value of ``attribute`` from the element ``locator``.</doc>
<msg timestamp="20240229 09:47:54.881" level="INFO">${property_url} = https://www.99.co/id/jual/kios</msg>
<status status="PASS" starttime="20240229 09:47:54.868" endtime="20240229 09:47:54.881"/>
</kw>
<kw name="Set Test Variable" library="BuiltIn">
<arg>${property_url}</arg>
<doc>Makes a variable available everywhere within the scope of the current test.</doc>
<msg timestamp="20240229 09:47:54.881" level="INFO">${property_url} = https://www.99.co/id/jual/kios</msg>
<status status="PASS" starttime="20240229 09:47:54.881" endtime="20240229 09:47:54.881"/>
</kw>
<status status="PASS" starttime="20240229 09:47:54.868" endtime="20240229 09:47:54.881"/>
</kw>
<kw name="Click Property In The New Tab" library="HomepagePages">
<arg>${property_url}</arg>
<kw name="Execute Javascript" library="SeleniumLibrary">
<arg>window.open('${property_url}', '_blank')</arg>
<doc>Executes the given JavaScript code with possible arguments.</doc>
<msg timestamp="20240229 09:47:54.882" level="INFO">Executing JavaScript:
window.open('https://www.99.co/id/jual/kios', '_blank')
Without any arguments.</msg>
<status status="PASS" starttime="20240229 09:47:54.882" endtime="20240229 09:47:54.905"/>
</kw>
<status status="PASS" starttime="20240229 09:47:54.881" endtime="20240229 09:47:54.905"/>
</kw>
<kw name="Switch Window" library="SeleniumLibrary">
<var>${tab1}</var>
<arg>NEW</arg>
<doc>Switches to browser window matching ``locator``.</doc>
<msg timestamp="20240229 09:47:54.911" level="INFO">${tab1} = EF4AB84CCEFF6AE98EB58F500444B415</msg>
<status status="PASS" starttime="20240229 09:47:54.906" endtime="20240229 09:47:54.911"/>
</kw>
<kw name="Verify Redirect To Expected Url" library="PropertyPagePages">
<arg>${property_url}</arg>
<kw name="Location Should Be" library="SeleniumLibrary">
<arg>${Property_url}</arg>
<doc>Verifies that the current URL is exactly ``url``.</doc>
<msg timestamp="20240229 09:47:55.086" level="INFO">Current location is 'https://www.99.co/id/jual/kios'.</msg>
<status status="PASS" starttime="20240229 09:47:54.912" endtime="20240229 09:47:55.086"/>
</kw>
<status status="PASS" starttime="20240229 09:47:54.912" endtime="20240229 09:47:55.086"/>
</kw>
<kw name="Verify User Already On Property Page Details" library="PropertyPageLogic">
<kw name="Verify Search Bar" library="PropertyPagePages">
<kw name="Wait Until Element Is Visible" library="SeleniumLibrary">
<arg>name=search-bar</arg>
<arg>timeout=${MIN_TIMEOUT}</arg>
<doc>Waits until the element ``locator`` is visible.</doc>
<status status="PASS" starttime="20240229 09:47:55.087" endtime="20240229 09:47:55.258"/>
</kw>
<status status="PASS" starttime="20240229 09:47:55.087" endtime="20240229 09:47:55.258"/>
</kw>
<kw name="Verify Filter Section" library="PropertyPagePages">
<kw name="Wait Until Element Is Visible" library="SeleniumLibrary">
<arg>class=filterOuter</arg>
<arg>timeout=${MIN_TIMEOUT}</arg>
<doc>Waits until the element ``locator`` is visible.</doc>
<status status="PASS" starttime="20240229 09:47:55.259" endtime="20240229 09:47:55.280"/>
</kw>
<status status="PASS" starttime="20240229 09:47:55.259" endtime="20240229 09:47:55.280"/>
</kw>
<kw name="Verify Filter Quick Section" library="PropertyPagePages">
<kw name="Wait Until Element Is Visible" library="SeleniumLibrary">
<arg>class=FilterQuick</arg>
<arg>timeout=${MIN_TIMEOUT}</arg>
<doc>Waits until the element ``locator`` is visible.</doc>
<status status="PASS" starttime="20240229 09:47:55.281" endtime="20240229 09:47:55.293"/>
</kw>
<status status="PASS" starttime="20240229 09:47:55.281" endtime="20240229 09:47:55.293"/>
</kw>
<kw name="Verify Filter Sorting Section" library="PropertyPagePages">
<kw name="Wait Until Element Is Visible" library="SeleniumLibrary">
<arg>class=FilterQuick__sort</arg>
<arg>timeout=${MIN_TIMEOUT}</arg>
<doc>Waits until the element ``locator`` is visible.</doc>
<status status="PASS" starttime="20240229 09:47:55.293" endtime="20240229 09:47:55.304"/>
</kw>
<status status="PASS" starttime="20240229 09:47:55.293" endtime="20240229 09:47:55.304"/>
</kw>
<status status="PASS" starttime="20240229 09:47:55.086" endtime="20240229 09:47:55.304"/>
</kw>
<kw name="Run Keyword And Ignore Error" library="BuiltIn">
<arg>PropertyPagePages.Verify Property Page Title</arg>
<arg>${property_title}</arg>
<doc>Runs the given keyword with the given arguments and ignores possible error.</doc>
<kw name="Verify Property Page Title" library="PropertyPagePages">
<arg>${property_title}</arg>
<kw name="Element Should Contain" library="SeleniumLibrary">
<arg>xpath=//div[@class="row"]//h1</arg>
<arg>${saleProperty_title} di Indonesia</arg>
<doc>Verifies that element ``locator`` contains text ``expected``.</doc>
<msg timestamp="20240229 09:47:55.317" level="INFO">Element 'xpath=//div[@class="row"]//h1' contains text 'Kios Dijual di Indonesia'.</msg>
<status status="PASS" starttime="20240229 09:47:55.305" endtime="20240229 09:47:55.317"/>
</kw>
<status status="PASS" starttime="20240229 09:47:55.305" endtime="20240229 09:47:55.317"/>
</kw>
<status status="PASS" starttime="20240229 09:47:55.305" endtime="20240229 09:47:55.317"/>
</kw>
<kw name="Close Window" library="SeleniumLibrary">
<doc>Closes currently opened and selected browser window/tab.</doc>
<status status="PASS" starttime="20240229 09:47:55.318" endtime="20240229 09:47:55.370"/>
</kw>
<kw name="Switch Window" library="SeleniumLibrary">
<arg>MAIN</arg>
<doc>Switches to browser window matching ``locator``.</doc>
<status status="PASS" starttime="20240229 09:47:55.370" endtime="20240229 09:47:55.377"/>
</kw>
<status status="PASS" starttime="20240229 09:47:54.830" endtime="20240229 09:47:55.377"/>
</iter>
<iter>
<var name="${i}">6</var>
<kw name="Log To Console" library="BuiltIn">
<arg>${i}</arg>
<doc>Logs the given message to the console.</doc>
<status status="PASS" starttime="20240229 09:47:55.378" endtime="20240229 09:47:55.378"/>
</kw>
<kw name="Get Property Title" library="HomepagePages">
<arg>${i}</arg>
<kw name="Get Text" library="SeleniumLibrary">
<var>${property_title}</var>
<arg>xpath=//div[contains(@class, 'accordion-content') and contains(@class, 'showContent')]/a[${index}]</arg>
<doc>Returns the text value of the element identified by ``locator``.</doc>
<msg timestamp="20240229 09:47:55.397" level="INFO">${property_title} = Villa Dijual</msg>
<status status="PASS" starttime="20240229 09:47:55.379" endtime="20240229 09:47:55.397"/>
</kw>
<kw name="Set Test Variable" library="BuiltIn">
<arg>${property_title}</arg>
<doc>Makes a variable available everywhere within the scope of the current test.</doc>
<msg timestamp="20240229 09:47:55.398" level="INFO">${property_title} = Villa Dijual</msg>
<status status="PASS" starttime="20240229 09:47:55.397" endtime="20240229 09:47:55.398"/>
</kw>
<status status="PASS" starttime="20240229 09:47:55.378" endtime="20240229 09:47:55.398"/>
</kw>
<kw name="Get Property Content Url By Index" library="HomepagePages">
<arg>${i}</arg>
<kw name="Get Element Attribute" library="SeleniumLibrary">
<var>${property_url}</var>
<arg>xpath=//div[contains(@class, 'accordion-content') and contains(@class, 'showContent')]/a[${index}]</arg>
<arg>href</arg>
<doc>Returns the value of ``attribute`` from the element ``locator``.</doc>
<msg timestamp="20240229 09:47:55.411" level="INFO">${property_url} = https://www.99.co/id/jual/vila</msg>
<status status="PASS" starttime="20240229 09:47:55.398" endtime="20240229 09:47:55.411"/>
</kw>
<kw name="Set Test Variable" library="BuiltIn">
<arg>${property_url}</arg>
<doc>Makes a variable available everywhere within the scope of the current test.</doc>
<msg timestamp="20240229 09:47:55.412" level="INFO">${property_url} = https://www.99.co/id/jual/vila</msg>
<status status="PASS" starttime="20240229 09:47:55.411" endtime="20240229 09:47:55.412"/>
</kw>
<status status="PASS" starttime="20240229 09:47:55.398" endtime="20240229 09:47:55.412"/>
</kw>
<kw name="Click Property In The New Tab" library="HomepagePages">
<arg>${property_url}</arg>
<kw name="Execute Javascript" library="SeleniumLibrary">
<arg>window.open('${property_url}', '_blank')</arg>
<doc>Executes the given JavaScript code with possible arguments.</doc>
<msg timestamp="20240229 09:47:55.413" level="INFO">Executing JavaScript:
window.open('https://www.99.co/id/jual/vila', '_blank')
Without any arguments.</msg>
<status status="PASS" starttime="20240229 09:47:55.412" endtime="20240229 09:47:55.431"/>
</kw>
<status status="PASS" starttime="20240229 09:47:55.412" endtime="20240229 09:47:55.431"/>
</kw>
<kw name="Switch Window" library="SeleniumLibrary">
<var>${tab1}</var>
<arg>NEW</arg>
<doc>Switches to browser window matching ``locator``.</doc>
<msg timestamp="20240229 09:47:55.445" level="INFO">${tab1} = EF4AB84CCEFF6AE98EB58F500444B415</msg>
<status status="PASS" starttime="20240229 09:47:55.431" endtime="20240229 09:47:55.445"/>
</kw>
<kw name="Verify Redirect To Expected Url" library="PropertyPagePages">
<arg>${property_url}</arg>
<kw name="Location Should Be" library="SeleniumLibrary">
<arg>${Property_url}</arg>
<doc>Verifies that the current URL is exactly ``url``.</doc>
<msg timestamp="20240229 09:47:55.746" level="INFO">Current location is 'https://www.99.co/id/jual/vila'.</msg>
<status status="PASS" starttime="20240229 09:47:55.445" endtime="20240229 09:47:55.746"/>
</kw>
<status status="PASS" starttime="20240229 09:47:55.445" endtime="20240229 09:47:55.746"/>
</kw>
<kw name="Verify User Already On Property Page Details" library="PropertyPageLogic">
<kw name="Verify Search Bar" library="PropertyPagePages">
<kw name="Wait Until Element Is Visible" library="SeleniumLibrary">
<arg>name=search-bar</arg>
<arg>timeout=${MIN_TIMEOUT}</arg>
<doc>Waits until the element ``locator`` is visible.</doc>
<status status="PASS" starttime="20240229 09:47:55.747" endtime="20240229 09:47:55.887"/>
</kw>
<status status="PASS" starttime="20240229 09:47:55.746" endtime="20240229 09:47:55.887"/>
</kw>
<kw name="Verify Filter Section" library="PropertyPagePages">
<kw name="Wait Until Element Is Visible" library="SeleniumLibrary">
<arg>class=filterOuter</arg>
<arg>timeout=${MIN_TIMEOUT}</arg>
<doc>Waits until the element ``locator`` is visible.</doc>
<status status="PASS" starttime="20240229 09:47:55.887" endtime="20240229 09:47:55.899"/>
</kw>
<status status="PASS" starttime="20240229 09:47:55.887" endtime="20240229 09:47:55.899"/>
</kw>
<kw name="Verify Filter Quick Section" library="PropertyPagePages">
<kw name="Wait Until Element Is Visible" library="SeleniumLibrary">
<arg>class=FilterQuick</arg>
<arg>timeout=${MIN_TIMEOUT}</arg>
<doc>Waits until the element ``locator`` is visible.</doc>
<status status="PASS" starttime="20240229 09:47:55.900" endtime="20240229 09:47:55.911"/>
</kw>
<status status="PASS" starttime="20240229 09:47:55.899" endtime="20240229 09:47:55.911"/>
</kw>
<kw name="Verify Filter Sorting Section" library="PropertyPagePages">
<kw name="Wait Until Element Is Visible" library="SeleniumLibrary">
<arg>class=FilterQuick__sort</arg>
<arg>timeout=${MIN_TIMEOUT}</arg>
<doc>Waits until the element ``locator`` is visible.</doc>
<status status="PASS" starttime="20240229 09:47:55.912" endtime="20240229 09:47:55.923"/>
</kw>
<status status="PASS" starttime="20240229 09:47:55.911" endtime="20240229 09:47:55.923"/>
</kw>
<status status="PASS" starttime="20240229 09:47:55.746" endtime="20240229 09:47:55.923"/>
</kw>
<kw name="Run Keyword And Ignore Error" library="BuiltIn">
<arg>PropertyPagePages.Verify Property Page Title</arg>
<arg>${property_title}</arg>
<doc>Runs the given keyword with the given arguments and ignores possible error.</doc>
<kw name="Verify Property Page Title" library="PropertyPagePages">
<arg>${property_title}</arg>
<kw name="Element Should Contain" library="SeleniumLibrary">
<arg>xpath=//div[@class="row"]//h1</arg>
<arg>${saleProperty_title} di Indonesia</arg>
<doc>Verifies that element ``locator`` contains text ``expected``.</doc>
<msg timestamp="20240229 09:47:55.935" level="INFO">Element 'xpath=//div[@class="row"]//h1' contains text 'Villa Dijual di Indonesia'.</msg>
<status status="PASS" starttime="20240229 09:47:55.924" endtime="20240229 09:47:55.935"/>
</kw>
<status status="PASS" starttime="20240229 09:47:55.924" endtime="20240229 09:47:55.936"/>
</kw>
<status status="PASS" starttime="20240229 09:47:55.923" endtime="20240229 09:47:55.936"/>
</kw>
<kw name="Close Window" library="SeleniumLibrary">
<doc>Closes currently opened and selected browser window/tab.</doc>
<status status="PASS" starttime="20240229 09:47:55.936" endtime="20240229 09:47:55.989"/>
</kw>
<kw name="Switch Window" library="SeleniumLibrary">
<arg>MAIN</arg>
<doc>Switches to browser window matching ``locator``.</doc>
<status status="PASS" starttime="20240229 09:47:55.989" endtime="20240229 09:47:55.996"/>
</kw>
<status status="PASS" starttime="20240229 09:47:55.377" endtime="20240229 09:47:55.996"/>
</iter>
<iter>
<var name="${i}">7</var>
<kw name="Log To Console" library="BuiltIn">
<arg>${i}</arg>
<doc>Logs the given message to the console.</doc>
<status status="PASS" starttime="20240229 09:47:55.997" endtime="20240229 09:47:55.997"/>
</kw>
<kw name="Get Property Title" library="HomepagePages">
<arg>${i}</arg>
<kw name="Get Text" library="SeleniumLibrary">
<var>${property_title}</var>
<arg>xpath=//div[contains(@class, 'accordion-content') and contains(@class, 'showContent')]/a[${index}]</arg>
<doc>Returns the text value of the element identified by ``locator``.</doc>
<msg timestamp="20240229 09:47:56.015" level="INFO">${property_title} = Komersial Dijual</msg>
<status status="PASS" starttime="20240229 09:47:55.998" endtime="20240229 09:47:56.015"/>
</kw>
<kw name="Set Test Variable" library="BuiltIn">
<arg>${property_title}</arg>
<doc>Makes a variable available everywhere within the scope of the current test.</doc>
<msg timestamp="20240229 09:47:56.016" level="INFO">${property_title} = Komersial Dijual</msg>
<status status="PASS" starttime="20240229 09:47:56.015" endtime="20240229 09:47:56.016"/>
</kw>
<status status="PASS" starttime="20240229 09:47:55.997" endtime="20240229 09:47:56.016"/>
</kw>
<kw name="Get Property Content Url By Index" library="HomepagePages">
<arg>${i}</arg>
<kw name="Get Element Attribute" library="SeleniumLibrary">
<var>${property_url}</var>
<arg>xpath=//div[contains(@class, 'accordion-content') and contains(@class, 'showContent')]/a[${index}]</arg>
<arg>href</arg>
<doc>Returns the value of ``attribute`` from the element ``locator``.</doc>
<msg timestamp="20240229 09:47:56.029" level="INFO">${property_url} = https://www.99.co/id/jual/komersial</msg>
<status status="PASS" starttime="20240229 09:47:56.016" endtime="20240229 09:47:56.029"/>
</kw>
<kw name="Set Test Variable" library="BuiltIn">
<arg>${property_url}</arg>
<doc>Makes a variable available everywhere within the scope of the current test.</doc>
<msg timestamp="20240229 09:47:56.030" level="INFO">${property_url} = https://www.99.co/id/jual/komersial</msg>
<status status="PASS" starttime="20240229 09:47:56.029" endtime="20240229 09:47:56.030"/>
</kw>
<status status="PASS" starttime="20240229 09:47:56.016" endtime="20240229 09:47:56.030"/>
</kw>
<kw name="Click Property In The New Tab" library="HomepagePages">
<arg>${property_url}</arg>
<kw name="Execute Javascript" library="SeleniumLibrary">
<arg>window.open('${property_url}', '_blank')</arg>
<doc>Executes the given JavaScript code with possible arguments.</doc>
<msg timestamp="20240229 09:47:56.031" level="INFO">Executing JavaScript:
window.open('https://www.99.co/id/jual/komersial', '_blank')
Without any arguments.</msg>
<status status="PASS" starttime="20240229 09:47:56.030" endtime="20240229 09:47:56.058"/>
</kw>
<status status="PASS" starttime="20240229 09:47:56.030" endtime="20240229 09:47:56.058"/>
</kw>
<kw name="Switch Window" library="SeleniumLibrary">
<var>${tab1}</var>
<arg>NEW</arg>
<doc>Switches to browser window matching ``locator``.</doc>
<msg timestamp="20240229 09:47:56.065" level="INFO">${tab1} = EF4AB84CCEFF6AE98EB58F500444B415</msg>
<status status="PASS" starttime="20240229 09:47:56.059" endtime="20240229 09:47:56.065"/>
</kw>
<kw name="Verify Redirect To Expected Url" library="PropertyPagePages">
<arg>${property_url}</arg>
<kw name="Location Should Be" library="SeleniumLibrary">
<arg>${Property_url}</arg>
<doc>Verifies that the current URL is exactly ``url``.</doc>
<msg timestamp="20240229 09:47:57.878" level="INFO">Current location is 'https://www.99.co/id/jual/komersial'.</msg>
<status status="PASS" starttime="20240229 09:47:56.065" endtime="20240229 09:47:57.878"/>
</kw>
<status status="PASS" starttime="20240229 09:47:56.065" endtime="20240229 09:47:57.878"/>
</kw>
<kw name="Verify User Already On Property Page Details" library="PropertyPageLogic">
<kw name="Verify Search Bar" library="PropertyPagePages">
<kw name="Wait Until Element Is Visible" library="SeleniumLibrary">
<arg>name=search-bar</arg>
<arg>timeout=${MIN_TIMEOUT}</arg>
<doc>Waits until the element ``locator`` is visible.</doc>
<status status="PASS" starttime="20240229 09:47:57.879" endtime="20240229 09:47:57.907"/>
</kw>
<status status="PASS" starttime="20240229 09:47:57.879" endtime="20240229 09:47:57.907"/>
</kw>
<kw name="Verify Filter Section" library="PropertyPagePages">
<kw name="Wait Until Element Is Visible" library="SeleniumLibrary">
<arg>class=filterOuter</arg>
<arg>timeout=${MIN_TIMEOUT}</arg>
<doc>Waits until the element ``locator`` is visible.</doc>
<status status="PASS" starttime="20240229 09:47:57.908" endtime="20240229 09:47:58.102"/>
</kw>
<status status="PASS" starttime="20240229 09:47:57.907" endtime="20240229 09:47:58.102"/>
</kw>
<kw name="Verify Filter Quick Section" library="PropertyPagePages">
<kw name="Wait Until Element Is Visible" library="SeleniumLibrary">
<arg>class=FilterQuick</arg>
<arg>timeout=${MIN_TIMEOUT}</arg>
<doc>Waits until the element ``locator`` is visible.</doc>
<status status="PASS" starttime="20240229 09:47:58.102" endtime="20240229 09:47:58.118"/>
</kw>
<status status="PASS" starttime="20240229 09:47:58.102" endtime="20240229 09:47:58.118"/>
</kw>
<kw name="Verify Filter Sorting Section" library="PropertyPagePages">
<kw name="Wait Until Element Is Visible" library="SeleniumLibrary">
<arg>class=FilterQuick__sort</arg>
<arg>timeout=${MIN_TIMEOUT}</arg>
<doc>Waits until the element ``locator`` is visible.</doc>
<status status="PASS" starttime="20240229 09:47:58.119" endtime="20240229 09:47:58.131"/>
</kw>
<status status="PASS" starttime="20240229 09:47:58.118" endtime="20240229 09:47:58.131"/>
</kw>
<status status="PASS" starttime="20240229 09:47:57.878" endtime="20240229 09:47:58.131"/>
</kw>
<kw name="Run Keyword And Ignore Error" library="BuiltIn">
<arg>PropertyPagePages.Verify Property Page Title</arg>
<arg>${property_title}</arg>
<doc>Runs the given keyword with the given arguments and ignores possible error.</doc>
<kw name="Verify Property Page Title" library="PropertyPagePages">
<arg>${property_title}</arg>
<kw name="Element Should Contain" library="SeleniumLibrary">
<arg>xpath=//div[@class="row"]//h1</arg>
<arg>${saleProperty_title} di Indonesia</arg>
<doc>Verifies that element ``locator`` contains text ``expected``.</doc>
<msg timestamp="20240229 09:47:58.145" level="FAIL">Element 'xpath=//div[@class="row"]//h1' should have contained text 'Komersial Dijual di Indonesia' but its text was 'Jual Komersial di Indonesia'.</msg>
<status status="FAIL" starttime="20240229 09:47:58.132" endtime="20240229 09:47:58.146"/>
</kw>
<status status="FAIL" starttime="20240229 09:47:58.131" endtime="20240229 09:47:58.146"/>
</kw>
<status status="PASS" starttime="20240229 09:47:58.131" endtime="20240229 09:47:58.147"/>
</kw>
<kw name="Close Window" library="SeleniumLibrary">
<doc>Closes currently opened and selected browser window/tab.</doc>
<status status="PASS" starttime="20240229 09:47:58.147" endtime="20240229 09:47:58.204"/>
</kw>
<kw name="Switch Window" library="SeleniumLibrary">
<arg>MAIN</arg>
<doc>Switches to browser window matching ``locator``.</doc>
<status status="PASS" starttime="20240229 09:47:58.205" endtime="20240229 09:47:58.211"/>
</kw>
<status status="PASS" starttime="20240229 09:47:55.996" endtime="20240229 09:47:58.212"/>
</iter>
<iter>
<var name="${i}">8</var>
<kw name="Log To Console" library="BuiltIn">
<arg>${i}</arg>
<doc>Logs the given message to the console.</doc>
<status status="PASS" starttime="20240229 09:47:58.212" endtime="20240229 09:47:58.212"/>
</kw>
<kw name="Get Property Title" library="HomepagePages">
<arg>${i}</arg>
<kw name="Get Text" library="SeleniumLibrary">
<var>${property_title}</var>
<arg>xpath=//div[contains(@class, 'accordion-content') and contains(@class, 'showContent')]/a[${index}]</arg>
<doc>Returns the text value of the element identified by ``locator``.</doc>
<msg timestamp="20240229 09:47:58.243" level="INFO">${property_title} = Ruang Kantor Dijual</msg>
<status status="PASS" starttime="20240229 09:47:58.213" endtime="20240229 09:47:58.243"/>
</kw>
<kw name="Set Test Variable" library="BuiltIn">
<arg>${property_title}</arg>
<doc>Makes a variable available everywhere within the scope of the current test.</doc>
<msg timestamp="20240229 09:47:58.243" level="INFO">${property_title} = Ruang Kantor Dijual</msg>
<status status="PASS" starttime="20240229 09:47:58.243" endtime="20240229 09:47:58.243"/>
</kw>
<status status="PASS" starttime="20240229 09:47:58.213" endtime="20240229 09:47:58.243"/>
</kw>
<kw name="Get Property Content Url By Index" library="HomepagePages">
<arg>${i}</arg>
<kw name="Get Element Attribute" library="SeleniumLibrary">
<var>${property_url}</var>
<arg>xpath=//div[contains(@class, 'accordion-content') and contains(@class, 'showContent')]/a[${index}]</arg>
<arg>href</arg>
<doc>Returns the value of ``attribute`` from the element ``locator``.</doc>
<msg timestamp="20240229 09:47:58.256" level="INFO">${property_url} = https://www.99.co/id/jual/ruang-kantor</msg>
<status status="PASS" starttime="20240229 09:47:58.244" endtime="20240229 09:47:58.256"/>
</kw>
<kw name="Set Test Variable" library="BuiltIn">
<arg>${property_url}</arg>
<doc>Makes a variable available everywhere within the scope of the current test.</doc>
<msg timestamp="20240229 09:47:58.256" level="INFO">${property_url} = https://www.99.co/id/jual/ruang-kantor</msg>
<status status="PASS" starttime="20240229 09:47:58.256" endtime="20240229 09:47:58.256"/>
</kw>
<status status="PASS" starttime="20240229 09:47:58.243" endtime="20240229 09:47:58.256"/>
</kw>
<kw name="Click Property In The New Tab" library="HomepagePages">
<arg>${property_url}</arg>
<kw name="Execute Javascript" library="SeleniumLibrary">
<arg>window.open('${property_url}', '_blank')</arg>
<doc>Executes the given JavaScript code with possible arguments.</doc>
<msg timestamp="20240229 09:47:58.257" level="INFO">Executing JavaScript:
window.open('https://www.99.co/id/jual/ruang-kantor', '_blank')
Without any arguments.</msg>
<status status="PASS" starttime="20240229 09:47:58.257" endtime="20240229 09:47:58.295"/>
</kw>
<status status="PASS" starttime="20240229 09:47:58.256" endtime="20240229 09:47:58.295"/>
</kw>
<kw name="Switch Window" library="SeleniumLibrary">
<var>${tab1}</var>
<arg>NEW</arg>
<doc>Switches to browser window matching ``locator``.</doc>
<msg timestamp="20240229 09:47:58.302" level="INFO">${tab1} = EF4AB84CCEFF6AE98EB58F500444B415</msg>
<status status="PASS" starttime="20240229 09:47:58.295" endtime="20240229 09:47:58.302"/>
</kw>
<kw name="Verify Redirect To Expected Url" library="PropertyPagePages">
<arg>${property_url}</arg>
<kw name="Location Should Be" library="SeleniumLibrary">
<arg>${Property_url}</arg>
<doc>Verifies that the current URL is exactly ``url``.</doc>
<msg timestamp="20240229 09:47:58.671" level="INFO">Current location is 'https://www.99.co/id/jual/ruang-kantor'.</msg>
<status status="PASS" starttime="20240229 09:47:58.303" endtime="20240229 09:47:58.671"/>
</kw>
<status status="PASS" starttime="20240229 09:47:58.302" endtime="20240229 09:47:58.671"/>
</kw>
<kw name="Verify User Already On Property Page Details" library="PropertyPageLogic">
<kw name="Verify Search Bar" library="PropertyPagePages">
<kw name="Wait Until Element Is Visible" library="SeleniumLibrary">
<arg>name=search-bar</arg>
<arg>timeout=${MIN_TIMEOUT}</arg>
<doc>Waits until the element ``locator`` is visible.</doc>
<status status="PASS" starttime="20240229 09:47:58.673" endtime="20240229 09:47:58.801"/>
</kw>
<status status="PASS" starttime="20240229 09:47:58.672" endtime="20240229 09:47:58.801"/>
</kw>
<kw name="Verify Filter Section" library="PropertyPagePages">
<kw name="Wait Until Element Is Visible" library="SeleniumLibrary">
<arg>class=filterOuter</arg>
<arg>timeout=${MIN_TIMEOUT}</arg>
<doc>Waits until the element ``locator`` is visible.</doc>
<status status="PASS" starttime="20240229 09:47:58.802" endtime="20240229 09:47:58.816"/>
</kw>
<status status="PASS" starttime="20240229 09:47:58.801" endtime="20240229 09:47:58.816"/>
</kw>
<kw name="Verify Filter Quick Section" library="PropertyPagePages">
<kw name="Wait Until Element Is Visible" library="SeleniumLibrary">
<arg>class=FilterQuick</arg>
<arg>timeout=${MIN_TIMEOUT}</arg>
<doc>Waits until the element ``locator`` is visible.</doc>
<status status="PASS" starttime="20240229 09:47:58.817" endtime="20240229 09:47:58.828"/>
</kw>
<status status="PASS" starttime="20240229 09:47:58.816" endtime="20240229 09:47:58.828"/>
</kw>
<kw name="Verify Filter Sorting Section" library="PropertyPagePages">
<kw name="Wait Until Element Is Visible" library="SeleniumLibrary">
<arg>class=FilterQuick__sort</arg>
<arg>timeout=${MIN_TIMEOUT}</arg>
<doc>Waits until the element ``locator`` is visible.</doc>
<status status="PASS" starttime="20240229 09:47:58.828" endtime="20240229 09:47:58.840"/>
</kw>
<status status="PASS" starttime="20240229 09:47:58.828" endtime="20240229 09:47:58.840"/>
</kw>
<status status="PASS" starttime="20240229 09:47:58.671" endtime="20240229 09:47:58.840"/>
</kw>
<kw name="Run Keyword And Ignore Error" library="BuiltIn">
<arg>PropertyPagePages.Verify Property Page Title</arg>
<arg>${property_title}</arg>
<doc>Runs the given keyword with the given arguments and ignores possible error.</doc>
<kw name="Verify Property Page Title" library="PropertyPagePages">
<arg>${property_title}</arg>
<kw name="Element Should Contain" library="SeleniumLibrary">
<arg>xpath=//div[@class="row"]//h1</arg>
<arg>${saleProperty_title} di Indonesia</arg>
<doc>Verifies that element ``locator`` contains text ``expected``.</doc>
<msg timestamp="20240229 09:47:58.852" level="INFO">Element 'xpath=//div[@class="row"]//h1' contains text 'Ruang Kantor Dijual di Indonesia'.</msg>
<status status="PASS" starttime="20240229 09:47:58.841" endtime="20240229 09:47:58.852"/>
</kw>
<status status="PASS" starttime="20240229 09:47:58.841" endtime="20240229 09:47:58.852"/>
</kw>
<status status="PASS" starttime="20240229 09:47:58.840" endtime="20240229 09:47:58.852"/>
</kw>
<kw name="Close Window" library="SeleniumLibrary">
<doc>Closes currently opened and selected browser window/tab.</doc>
<status status="PASS" starttime="20240229 09:47:58.852" endtime="20240229 09:47:58.909"/>
</kw>
<kw name="Switch Window" library="SeleniumLibrary">
<arg>MAIN</arg>
<doc>Switches to browser window matching ``locator``.</doc>
<status status="PASS" starttime="20240229 09:47:58.909" endtime="20240229 09:47:58.914"/>
</kw>
<status status="PASS" starttime="20240229 09:47:58.212" endtime="20240229 09:47:58.914"/>
</iter>
<iter>
<var name="${i}">9</var>
<kw name="Log To Console" library="BuiltIn">
<arg>${i}</arg>
<doc>Logs the given message to the console.</doc>
<status status="PASS" starttime="20240229 09:47:58.914" endtime="20240229 09:47:58.914"/>
</kw>
<kw name="Get Property Title" library="HomepagePages">
<arg>${i}</arg>
<kw name="Get Text" library="SeleniumLibrary">
<var>${property_title}</var>
<arg>xpath=//div[contains(@class, 'accordion-content') and contains(@class, 'showContent')]/a[${index}]</arg>
<doc>Returns the text value of the element identified by ``locator``.</doc>
<msg timestamp="20240229 09:47:58.932" level="INFO">${property_title} = Gudang Dijual</msg>
<status status="PASS" starttime="20240229 09:47:58.915" endtime="20240229 09:47:58.932"/>
</kw>
<kw name="Set Test Variable" library="BuiltIn">
<arg>${property_title}</arg>
<doc>Makes a variable available everywhere within the scope of the current test.</doc>
<msg timestamp="20240229 09:47:58.932" level="INFO">${property_title} = Gudang Dijual</msg>
<status status="PASS" starttime="20240229 09:47:58.932" endtime="20240229 09:47:58.932"/>
</kw>
<status status="PASS" starttime="20240229 09:47:58.914" endtime="20240229 09:47:58.932"/>
</kw>
<kw name="Get Property Content Url By Index" library="HomepagePages">
<arg>${i}</arg>
<kw name="Get Element Attribute" library="SeleniumLibrary">
<var>${property_url}</var>
<arg>xpath=//div[contains(@class, 'accordion-content') and contains(@class, 'showContent')]/a[${index}]</arg>
<arg>href</arg>
<doc>Returns the value of ``attribute`` from the element ``locator``.</doc>
<msg timestamp="20240229 09:47:58.944" level="INFO">${property_url} = https://www.99.co/id/jual/gudang</msg>
<status status="PASS" starttime="20240229 09:47:58.932" endtime="20240229 09:47:58.944"/>
</kw>
<kw name="Set Test Variable" library="BuiltIn">
<arg>${property_url}</arg>
<doc>Makes a variable available everywhere within the scope of the current test.</doc>
<msg timestamp="20240229 09:47:58.944" level="INFO">${property_url} = https://www.99.co/id/jual/gudang</msg>
<status status="PASS" starttime="20240229 09:47:58.944" endtime="20240229 09:47:58.944"/>
</kw>
<status status="PASS" starttime="20240229 09:47:58.932" endtime="20240229 09:47:58.945"/>
</kw>
<kw name="Click Property In The New Tab" library="HomepagePages">
<arg>${property_url}</arg>
<kw name="Execute Javascript" library="SeleniumLibrary">
<arg>window.open('${property_url}', '_blank')</arg>
<doc>Executes the given JavaScript code with possible arguments.</doc>
<msg timestamp="20240229 09:47:58.945" level="INFO">Executing JavaScript:
window.open('https://www.99.co/id/jual/gudang', '_blank')
Without any arguments.</msg>
<status status="PASS" starttime="20240229 09:47:58.945" endtime="20240229 09:47:58.970"/>
</kw>
<status status="PASS" starttime="20240229 09:47:58.945" endtime="20240229 09:47:58.970"/>
</kw>
<kw name="Switch Window" library="SeleniumLibrary">
<var>${tab1}</var>
<arg>NEW</arg>
<doc>Switches to browser window matching ``locator``.</doc>
<msg timestamp="20240229 09:47:58.976" level="INFO">${tab1} = EF4AB84CCEFF6AE98EB58F500444B415</msg>
<status status="PASS" starttime="20240229 09:47:58.970" endtime="20240229 09:47:58.976"/>
</kw>
<kw name="Verify Redirect To Expected Url" library="PropertyPagePages">
<arg>${property_url}</arg>
<kw name="Location Should Be" library="SeleniumLibrary">
<arg>${Property_url}</arg>
<doc>Verifies that the current URL is exactly ``url``.</doc>
<msg timestamp="20240229 09:48:00.404" level="INFO">Current location is 'https://www.99.co/id/jual/gudang'.</msg>
<status status="PASS" starttime="20240229 09:47:58.976" endtime="20240229 09:48:00.404"/>
</kw>
<status status="PASS" starttime="20240229 09:47:58.976" endtime="20240229 09:48:00.404"/>
</kw>
<kw name="Verify User Already On Property Page Details" library="PropertyPageLogic">
<kw name="Verify Search Bar" library="PropertyPagePages">
<kw name="Wait Until Element Is Visible" library="SeleniumLibrary">
<arg>name=search-bar</arg>
<arg>timeout=${MIN_TIMEOUT}</arg>
<doc>Waits until the element ``locator`` is visible.</doc>
<status status="PASS" starttime="20240229 09:48:00.405" endtime="20240229 09:48:00.550"/>
</kw>
<status status="PASS" starttime="20240229 09:48:00.404" endtime="20240229 09:48:00.550"/>
</kw>
<kw name="Verify Filter Section" library="PropertyPagePages">
<kw name="Wait Until Element Is Visible" library="SeleniumLibrary">
<arg>class=filterOuter</arg>
<arg>timeout=${MIN_TIMEOUT}</arg>
<doc>Waits until the element ``locator`` is visible.</doc>
<status status="PASS" starttime="20240229 09:48:00.551" endtime="20240229 09:48:00.564"/>
</kw>
<status status="PASS" starttime="20240229 09:48:00.550" endtime="20240229 09:48:00.564"/>
</kw>
<kw name="Verify Filter Quick Section" library="PropertyPagePages">
<kw name="Wait Until Element Is Visible" library="SeleniumLibrary">
<arg>class=FilterQuick</arg>
<arg>timeout=${MIN_TIMEOUT}</arg>
<doc>Waits until the element ``locator`` is visible.</doc>
<status status="PASS" starttime="20240229 09:48:00.565" endtime="20240229 09:48:00.576"/>
</kw>
<status status="PASS" starttime="20240229 09:48:00.564" endtime="20240229 09:48:00.576"/>
</kw>
<kw name="Verify Filter Sorting Section" library="PropertyPagePages">
<kw name="Wait Until Element Is Visible" library="SeleniumLibrary">
<arg>class=FilterQuick__sort</arg>
<arg>timeout=${MIN_TIMEOUT}</arg>
<doc>Waits until the element ``locator`` is visible.</doc>
<status status="PASS" starttime="20240229 09:48:00.577" endtime="20240229 09:48:00.588"/>
</kw>
<status status="PASS" starttime="20240229 09:48:00.576" endtime="20240229 09:48:00.588"/>
</kw>
<status status="PASS" starttime="20240229 09:48:00.404" endtime="20240229 09:48:00.588"/>
</kw>
<kw name="Run Keyword And Ignore Error" library="BuiltIn">
<arg>PropertyPagePages.Verify Property Page Title</arg>
<arg>${property_title}</arg>
<doc>Runs the given keyword with the given arguments and ignores possible error.</doc>
<kw name="Verify Property Page Title" library="PropertyPagePages">
<arg>${property_title}</arg>
<kw name="Element Should Contain" library="SeleniumLibrary">
<arg>xpath=//div[@class="row"]//h1</arg>
<arg>${saleProperty_title} di Indonesia</arg>
<doc>Verifies that element ``locator`` contains text ``expected``.</doc>
<msg timestamp="20240229 09:48:00.601" level="INFO">Element 'xpath=//div[@class="row"]//h1' contains text 'Gudang Dijual di Indonesia'.</msg>
<status status="PASS" starttime="20240229 09:48:00.589" endtime="20240229 09:48:00.601"/>
</kw>
<status status="PASS" starttime="20240229 09:48:00.588" endtime="20240229 09:48:00.601"/>
</kw>
<status status="PASS" starttime="20240229 09:48:00.588" endtime="20240229 09:48:00.602"/>
</kw>
<kw name="Close Window" library="SeleniumLibrary">
<doc>Closes currently opened and selected browser window/tab.</doc>
<status status="PASS" starttime="20240229 09:48:00.602" endtime="20240229 09:48:00.658"/>
</kw>
<kw name="Switch Window" library="SeleniumLibrary">
<arg>MAIN</arg>
<doc>Switches to browser window matching ``locator``.</doc>
<status status="PASS" starttime="20240229 09:48:00.659" endtime="20240229 09:48:00.663"/>
</kw>
<status status="PASS" starttime="20240229 09:47:58.914" endtime="20240229 09:48:00.663"/>
</iter>
<iter>
<var name="${i}">10</var>
<kw name="Log To Console" library="BuiltIn">
<arg>${i}</arg>
<doc>Logs the given message to the console.</doc>
<status status="PASS" starttime="20240229 09:48:00.663" endtime="20240229 09:48:00.663"/>
</kw>
<kw name="Get Property Title" library="HomepagePages">
<arg>${i}</arg>
<kw name="Get Text" library="SeleniumLibrary">
<var>${property_title}</var>
<arg>xpath=//div[contains(@class, 'accordion-content') and contains(@class, 'showContent')]/a[${index}]</arg>
<doc>Returns the text value of the element identified by ``locator``.</doc>
<msg timestamp="20240229 09:48:00.679" level="INFO">${property_title} = Hotel Dijual</msg>
<status status="PASS" starttime="20240229 09:48:00.664" endtime="20240229 09:48:00.679"/>
</kw>
<kw name="Set Test Variable" library="BuiltIn">
<arg>${property_title}</arg>
<doc>Makes a variable available everywhere within the scope of the current test.</doc>
<msg timestamp="20240229 09:48:00.679" level="INFO">${property_title} = Hotel Dijual</msg>
<status status="PASS" starttime="20240229 09:48:00.679" endtime="20240229 09:48:00.679"/>
</kw>
<status status="PASS" starttime="20240229 09:48:00.663" endtime="20240229 09:48:00.679"/>
</kw>
<kw name="Get Property Content Url By Index" library="HomepagePages">
<arg>${i}</arg>
<kw name="Get Element Attribute" library="SeleniumLibrary">
<var>${property_url}</var>
<arg>xpath=//div[contains(@class, 'accordion-content') and contains(@class, 'showContent')]/a[${index}]</arg>
<arg>href</arg>
<doc>Returns the value of ``attribute`` from the element ``locator``.</doc>
<msg timestamp="20240229 09:48:00.691" level="INFO">${property_url} = https://www.99.co/id/jual/hotel</msg>
<status status="PASS" starttime="20240229 09:48:00.680" endtime="20240229 09:48:00.691"/>
</kw>
<kw name="Set Test Variable" library="BuiltIn">
<arg>${property_url}</arg>
<doc>Makes a variable available everywhere within the scope of the current test.</doc>
<msg timestamp="20240229 09:48:00.692" level="INFO">${property_url} = https://www.99.co/id/jual/hotel</msg>
<status status="PASS" starttime="20240229 09:48:00.692" endtime="20240229 09:48:00.692"/>
</kw>
<status status="PASS" starttime="20240229 09:48:00.679" endtime="20240229 09:48:00.692"/>
</kw>
<kw name="Click Property In The New Tab" library="HomepagePages">
<arg>${property_url}</arg>
<kw name="Execute Javascript" library="SeleniumLibrary">
<arg>window.open('${property_url}', '_blank')</arg>
<doc>Executes the given JavaScript code with possible arguments.</doc>
<msg timestamp="20240229 09:48:00.693" level="INFO">Executing JavaScript:
window.open('https://www.99.co/id/jual/hotel', '_blank')
Without any arguments.</msg>
<status status="PASS" starttime="20240229 09:48:00.692" endtime="20240229 09:48:00.719"/>
</kw>
<status status="PASS" starttime="20240229 09:48:00.692" endtime="20240229 09:48:00.719"/>
</kw>
<kw name="Switch Window" library="SeleniumLibrary">
<var>${tab1}</var>
<arg>NEW</arg>
<doc>Switches to browser window matching ``locator``.</doc>
<msg timestamp="20240229 09:48:00.725" level="INFO">${tab1} = EF4AB84CCEFF6AE98EB58F500444B415</msg>
<status status="PASS" starttime="20240229 09:48:00.719" endtime="20240229 09:48:00.725"/>
</kw>
<kw name="Verify Redirect To Expected Url" library="PropertyPagePages">
<arg>${property_url}</arg>
<kw name="Location Should Be" library="SeleniumLibrary">
<arg>${Property_url}</arg>
<doc>Verifies that the current URL is exactly ``url``.</doc>
<msg timestamp="20240229 09:48:00.967" level="INFO">Current location is 'https://www.99.co/id/jual/hotel'.</msg>
<status status="PASS" starttime="20240229 09:48:00.726" endtime="20240229 09:48:00.967"/>
</kw>
<status status="PASS" starttime="20240229 09:48:00.725" endtime="20240229 09:48:00.967"/>
</kw>
<kw name="Verify User Already On Property Page Details" library="PropertyPageLogic">
<kw name="Verify Search Bar" library="PropertyPagePages">
<kw name="Wait Until Element Is Visible" library="SeleniumLibrary">
<arg>name=search-bar</arg>
<arg>timeout=${MIN_TIMEOUT}</arg>
<doc>Waits until the element ``locator`` is visible.</doc>
<status status="PASS" starttime="20240229 09:48:00.968" endtime="20240229 09:48:01.117"/>
</kw>
<status status="PASS" starttime="20240229 09:48:00.967" endtime="20240229 09:48:01.117"/>
</kw>
<kw name="Verify Filter Section" library="PropertyPagePages">
<kw name="Wait Until Element Is Visible" library="SeleniumLibrary">
<arg>class=filterOuter</arg>
<arg>timeout=${MIN_TIMEOUT}</arg>
<doc>Waits until the element ``locator`` is visible.</doc>
<status status="PASS" starttime="20240229 09:48:01.118" endtime="20240229 09:48:01.132"/>
</kw>
<status status="PASS" starttime="20240229 09:48:01.117" endtime="20240229 09:48:01.132"/>
</kw>
<kw name="Verify Filter Quick Section" library="PropertyPagePages">
<kw name="Wait Until Element Is Visible" library="SeleniumLibrary">
<arg>class=FilterQuick</arg>
<arg>timeout=${MIN_TIMEOUT}</arg>
<doc>Waits until the element ``locator`` is visible.</doc>
<status status="PASS" starttime="20240229 09:48:01.132" endtime="20240229 09:48:01.143"/>
</kw>
<status status="PASS" starttime="20240229 09:48:01.132" endtime="20240229 09:48:01.143"/>
</kw>
<kw name="Verify Filter Sorting Section" library="PropertyPagePages">
<kw name="Wait Until Element Is Visible" library="SeleniumLibrary">
<arg>class=FilterQuick__sort</arg>
<arg>timeout=${MIN_TIMEOUT}</arg>
<doc>Waits until the element ``locator`` is visible.</doc>
<status status="PASS" starttime="20240229 09:48:01.144" endtime="20240229 09:48:01.156"/>
</kw>
<status status="PASS" starttime="20240229 09:48:01.143" endtime="20240229 09:48:01.156"/>
</kw>
<status status="PASS" starttime="20240229 09:48:00.967" endtime="20240229 09:48:01.156"/>
</kw>
<kw name="Run Keyword And Ignore Error" library="BuiltIn">
<arg>PropertyPagePages.Verify Property Page Title</arg>
<arg>${property_title}</arg>
<doc>Runs the given keyword with the given arguments and ignores possible error.</doc>
<kw name="Verify Property Page Title" library="PropertyPagePages">
<arg>${property_title}</arg>
<kw name="Element Should Contain" library="SeleniumLibrary">
<arg>xpath=//div[@class="row"]//h1</arg>
<arg>${saleProperty_title} di Indonesia</arg>
<doc>Verifies that element ``locator`` contains text ``expected``.</doc>
<msg timestamp="20240229 09:48:01.167" level="INFO">Element 'xpath=//div[@class="row"]//h1' contains text 'Hotel Dijual di Indonesia'.</msg>
<status status="PASS" starttime="20240229 09:48:01.157" endtime="20240229 09:48:01.167"/>
</kw>
<status status="PASS" starttime="20240229 09:48:01.156" endtime="20240229 09:48:01.168"/>
</kw>
<status status="PASS" starttime="20240229 09:48:01.156" endtime="20240229 09:48:01.168"/>
</kw>
<kw name="Close Window" library="SeleniumLibrary">
<doc>Closes currently opened and selected browser window/tab.</doc>
<status status="PASS" starttime="20240229 09:48:01.168" endtime="20240229 09:48:01.220"/>
</kw>
<kw name="Switch Window" library="SeleniumLibrary">
<arg>MAIN</arg>
<doc>Switches to browser window matching ``locator``.</doc>
<status status="PASS" starttime="20240229 09:48:01.221" endtime="20240229 09:48:01.225"/>
</kw>
<status status="PASS" starttime="20240229 09:48:00.663" endtime="20240229 09:48:01.225"/>
</iter>
<iter>
<var name="${i}">11</var>
<kw name="Log To Console" library="BuiltIn">
<arg>${i}</arg>
<doc>Logs the given message to the console.</doc>
[...]
</kw>
<kw name="Verify User Already On Property Page Details" library="PropertyPageLogic">
<kw name="Verify Search Bar" library="PropertyPagePages">
<kw name="Wait Until Element Is Visible" library="SeleniumLibrary">
<arg>name=search-bar</arg>
<arg>timeout=${MIN_TIMEOUT}</arg>
<doc>Waits until the element ``locator`` is visible.</doc>
<status status="PASS" starttime="20240229 09:48:15.376" endtime="20240229 09:48:15.505"/>
</kw>
<status status="PASS" starttime="20240229 09:48:15.376" endtime="20240229 09:48:15.505"/>
</kw>
<kw name="Verify Filter Section" library="PropertyPagePages">
<kw name="Wait Until Element Is Visible" library="SeleniumLibrary">
<arg>class=filterOuter</arg>
<arg>timeout=${MIN_TIMEOUT}</arg>
<doc>Waits until the element ``locator`` is visible.</doc>
<status status="PASS" starttime="20240229 09:48:15.506" endtime="20240229 09:48:15.554"/>
</kw>
<status status="PASS" starttime="20240229 09:48:15.505" endtime="20240229 09:48:15.554"/>
</kw>
<kw name="Verify Filter Quick Section" library="PropertyPagePages">
<kw name="Wait Until Element Is Visible" library="SeleniumLibrary">
<arg>class=FilterQuick</arg>
<arg>timeout=${MIN_TIMEOUT}</arg>
<doc>Waits until the element ``locator`` is visible.</doc>
<status status="PASS" starttime="20240229 09:48:15.555" endtime="20240229 09:48:15.574"/>
</kw>
<status status="PASS" starttime="20240229 09:48:15.554" endtime="20240229 09:48:15.574"/>
</kw>
<kw name="Verify Filter Sorting Section" library="PropertyPagePages">
<kw name="Wait Until Element Is Visible" library="SeleniumLibrary">
<arg>class=FilterQuick__sort</arg>
<arg>timeout=${MIN_TIMEOUT}</arg>
<doc>Waits until the element ``locator`` is visible.</doc>
<status status="PASS" starttime="20240229 09:48:15.575" endtime="20240229 09:48:15.586"/>
</kw>
<status status="PASS" starttime="20240229 09:48:15.574" endtime="20240229 09:48:15.587"/>
</kw>
<status status="PASS" starttime="20240229 09:48:15.375" endtime="20240229 09:48:15.587"/>
</kw>
<kw name="Run Keyword And Ignore Error" library="BuiltIn">
<arg>PropertyPagePages.Verify Property Page Title</arg>
<arg>${property_title}</arg>
<doc>Runs the given keyword with the given arguments and ignores possible error.</doc>
<kw name="Verify Property Page Title" library="PropertyPagePages">
<arg>${property_title}</arg>
<kw name="Element Should Contain" library="SeleniumLibrary">
<arg>xpath=//div[@class="row"]//h1</arg>
<arg>${saleProperty_title} di Indonesia</arg>
<doc>Verifies that element ``locator`` contains text ``expected``.</doc>
<msg timestamp="20240229 09:48:15.600" level="FAIL">Element 'xpath=//div[@class="row"]//h1' should have contained text 'Gedung Bertingkat Disewa di Indonesia' but its text was 'Sewa Gedung di Indonesia'.</msg>
<status status="FAIL" starttime="20240229 09:48:15.587" endtime="20240229 09:48:15.600"/>
</kw>
<status status="FAIL" starttime="20240229 09:48:15.587" endtime="20240229 09:48:15.600"/>
</kw>
<status status="PASS" starttime="20240229 09:48:15.587" endtime="20240229 09:48:15.600"/>
</kw>
<kw name="Close Window" library="SeleniumLibrary">
<doc>Closes currently opened and selected browser window/tab.</doc>
<status status="PASS" starttime="20240229 09:48:15.600" endtime="20240229 09:48:15.656"/>
</kw>
<kw name="Switch Window" library="SeleniumLibrary">
<arg>MAIN</arg>
<doc>Switches to browser window matching ``locator``.</doc>
<status status="PASS" starttime="20240229 09:48:15.656" endtime="20240229 09:48:15.677"/>
</kw>
<status status="PASS" starttime="20240229 09:48:15.076" endtime="20240229 09:48:15.677"/>
</iter>
<iter>
<var name="${i}">14</var>
<kw name="Log To Console" library="BuiltIn">
<arg>${i}</arg>
<doc>Logs the given message to the console.</doc>
<status status="PASS" starttime="20240229 09:48:15.677" endtime="20240229 09:48:15.678"/>
</kw>
<kw name="Get Property Title" library="HomepagePages">
<arg>${i}</arg>
<kw name="Get Text" library="SeleniumLibrary">
<var>${property_title}</var>
<arg>xpath=//div[contains(@class, 'accordion-content') and contains(@class, 'showContent')]/a[${index}]</arg>
<doc>Returns the text value of the element identified by ``locator``.</doc>
<msg timestamp="20240229 09:48:15.704" level="INFO">${property_title} = Kondotel Disewa</msg>
<status status="PASS" starttime="20240229 09:48:15.679" endtime="20240229 09:48:15.704"/>
</kw>
<kw name="Set Test Variable" library="BuiltIn">
<arg>${property_title}</arg>
<doc>Makes a variable available everywhere within the scope of the current test.</doc>
<msg timestamp="20240229 09:48:15.705" level="INFO">${property_title} = Kondotel Disewa</msg>
<status status="PASS" starttime="20240229 09:48:15.704" endtime="20240229 09:48:15.705"/>
</kw>
<status status="PASS" starttime="20240229 09:48:15.678" endtime="20240229 09:48:15.705"/>
</kw>
<kw name="Get Property Content Url By Index" library="HomepagePages">
<arg>${i}</arg>
<kw name="Get Element Attribute" library="SeleniumLibrary">
<var>${property_url}</var>
<arg>xpath=//div[contains(@class, 'accordion-content') and contains(@class, 'showContent')]/a[${index}]</arg>
<arg>href</arg>
<doc>Returns the value of ``attribute`` from the element ``locator``.</doc>
<msg timestamp="20240229 09:48:15.722" level="INFO">${property_url} = https://www.99.co/id/sewa/kondotel</msg>
<status status="PASS" starttime="20240229 09:48:15.706" endtime="20240229 09:48:15.722"/>
</kw>
<kw name="Set Test Variable" library="BuiltIn">
<arg>${property_url}</arg>
<doc>Makes a variable available everywhere within the scope of the current test.</doc>
<msg timestamp="20240229 09:48:15.734" level="INFO">${property_url} = https://www.99.co/id/sewa/kondotel</msg>
<status status="PASS" starttime="20240229 09:48:15.722" endtime="20240229 09:48:15.734"/>
</kw>
<status status="PASS" starttime="20240229 09:48:15.705" endtime="20240229 09:48:15.734"/>
</kw>
<kw name="Click Property In The New Tab" library="HomepagePages">
<arg>${property_url}</arg>
<kw name="Execute Javascript" library="SeleniumLibrary">
<arg>window.open('${property_url}', '_blank')</arg>
<doc>Executes the given JavaScript code with possible arguments.</doc>
<msg timestamp="20240229 09:48:15.736" level="INFO">Executing JavaScript:
window.open('https://www.99.co/id/sewa/kondotel', '_blank')
Without any arguments.</msg>
<status status="PASS" starttime="20240229 09:48:15.735" endtime="20240229 09:48:15.760"/>
</kw>
<status status="PASS" starttime="20240229 09:48:15.735" endtime="20240229 09:48:15.760"/>
</kw>
<kw name="Switch Window" library="SeleniumLibrary">
<var>${tab1}</var>
<arg>NEW</arg>
<doc>Switches to browser window matching ``locator``.</doc>
<msg timestamp="20240229 09:48:15.766" level="INFO">${tab1} = 83B301369882B410CB911D197FAE7E11</msg>
<status status="PASS" starttime="20240229 09:48:15.760" endtime="20240229 09:48:15.766"/>
</kw>
<kw name="Verify Redirect To Expected Url" library="PropertyPagePages">
<arg>${property_url}</arg>
<kw name="Location Should Be" library="SeleniumLibrary">
<arg>${Property_url}</arg>
<doc>Verifies that the current URL is exactly ``url``.</doc>
<msg timestamp="20240229 09:48:15.935" level="INFO">Current location is 'https://www.99.co/id/sewa/kondotel'.</msg>
<status status="PASS" starttime="20240229 09:48:15.767" endtime="20240229 09:48:15.935"/>
</kw>
<status status="PASS" starttime="20240229 09:48:15.766" endtime="20240229 09:48:15.936"/>
</kw>
<kw name="Verify User Already On Property Page Details" library="PropertyPageLogic">
<kw name="Verify Search Bar" library="PropertyPagePages">
<kw name="Wait Until Element Is Visible" library="SeleniumLibrary">
<arg>name=search-bar</arg>
<arg>timeout=${MIN_TIMEOUT}</arg>
<doc>Waits until the element ``locator`` is visible.</doc>
<status status="PASS" starttime="20240229 09:48:15.940" endtime="20240229 09:48:16.062"/>
</kw>
<status status="PASS" starttime="20240229 09:48:15.939" endtime="20240229 09:48:16.063"/>
</kw>
<kw name="Verify Filter Section" library="PropertyPagePages">
<kw name="Wait Until Element Is Visible" library="SeleniumLibrary">
<arg>class=filterOuter</arg>
<arg>timeout=${MIN_TIMEOUT}</arg>
<doc>Waits until the element ``locator`` is visible.</doc>
<status status="PASS" starttime="20240229 09:48:16.063" endtime="20240229 09:48:16.080"/>
</kw>
<status status="PASS" starttime="20240229 09:48:16.063" endtime="20240229 09:48:16.080"/>
</kw>
<kw name="Verify Filter Quick Section" library="PropertyPagePages">
<kw name="Wait Until Element Is Visible" library="SeleniumLibrary">
<arg>class=FilterQuick</arg>
<arg>timeout=${MIN_TIMEOUT}</arg>
<doc>Waits until the element ``locator`` is visible.</doc>
<status status="PASS" starttime="20240229 09:48:16.081" endtime="20240229 09:48:16.092"/>
</kw>
<status status="PASS" starttime="20240229 09:48:16.080" endtime="20240229 09:48:16.092"/>
</kw>
<kw name="Verify Filter Sorting Section" library="PropertyPagePages">
<kw name="Wait Until Element Is Visible" library="SeleniumLibrary">
<arg>class=FilterQuick__sort</arg>
<arg>timeout=${MIN_TIMEOUT}</arg>
<doc>Waits until the element ``locator`` is visible.</doc>
<status status="PASS" starttime="20240229 09:48:16.093" endtime="20240229 09:48:16.104"/>
</kw>
<status status="PASS" starttime="20240229 09:48:16.093" endtime="20240229 09:48:16.104"/>
</kw>
<status status="PASS" starttime="20240229 09:48:15.936" endtime="20240229 09:48:16.104"/>
</kw>
<kw name="Run Keyword And Ignore Error" library="BuiltIn">
<arg>PropertyPagePages.Verify Property Page Title</arg>
<arg>${property_title}</arg>
<doc>Runs the given keyword with the given arguments and ignores possible error.</doc>
<kw name="Verify Property Page Title" library="PropertyPagePages">
<arg>${property_title}</arg>
<kw name="Element Should Contain" library="SeleniumLibrary">
<arg>xpath=//div[@class="row"]//h1</arg>
<arg>${saleProperty_title} di Indonesia</arg>
<doc>Verifies that element ``locator`` contains text ``expected``.</doc>
<msg timestamp="20240229 09:48:16.117" level="FAIL">Element 'xpath=//div[@class="row"]//h1' should have contained text 'Kondotel Disewa di Indonesia' but its text was 'Sewa Kondotel di Indonesia'.</msg>
<status status="FAIL" starttime="20240229 09:48:16.105" endtime="20240229 09:48:16.117"/>
</kw>
<status status="FAIL" starttime="20240229 09:48:16.105" endtime="20240229 09:48:16.117"/>
</kw>
<status status="PASS" starttime="20240229 09:48:16.105" endtime="20240229 09:48:16.117"/>
</kw>
<kw name="Close Window" library="SeleniumLibrary">
<doc>Closes currently opened and selected browser window/tab.</doc>
<status status="PASS" starttime="20240229 09:48:16.117" endtime="20240229 09:48:16.171"/>
</kw>
<kw name="Switch Window" library="SeleniumLibrary">
<arg>MAIN</arg>
<doc>Switches to browser window matching ``locator``.</doc>
<status status="PASS" starttime="20240229 09:48:16.171" endtime="20240229 09:48:16.175"/>
</kw>
<status status="PASS" starttime="20240229 09:48:15.677" endtime="20240229 09:48:16.175"/>
</iter>
<iter>
<var name="${i}">15</var>
<kw name="Log To Console" library="BuiltIn">
<arg>${i}</arg>
<doc>Logs the given message to the console.</doc>
<status status="PASS" starttime="20240229 09:48:16.175" endtime="20240229 09:48:16.175"/>
</kw>
<kw name="Get Property Title" library="HomepagePages">
<arg>${i}</arg>
<kw name="Get Text" library="SeleniumLibrary">
<var>${property_title}</var>
<arg>xpath=//div[contains(@class, 'accordion-content') and contains(@class, 'showContent')]/a[${index}]</arg>
<doc>Returns the text value of the element identified by ``locator``.</doc>
<msg timestamp="20240229 09:48:16.192" level="INFO">${property_title} = Toko Disewa</msg>
<status status="PASS" starttime="20240229 09:48:16.176" endtime="20240229 09:48:16.192"/>
</kw>
<kw name="Set Test Variable" library="BuiltIn">
<arg>${property_title}</arg>
<doc>Makes a variable available everywhere within the scope of the current test.</doc>
<msg timestamp="20240229 09:48:16.193" level="INFO">${property_title} = Toko Disewa</msg>
<status status="PASS" starttime="20240229 09:48:16.192" endtime="20240229 09:48:16.193"/>
</kw>
<status status="PASS" starttime="20240229 09:48:16.175" endtime="20240229 09:48:16.193"/>
</kw>
<kw name="Get Property Content Url By Index" library="HomepagePages">
<arg>${i}</arg>
<kw name="Get Element Attribute" library="SeleniumLibrary">
<var>${property_url}</var>
<arg>xpath=//div[contains(@class, 'accordion-content') and contains(@class, 'showContent')]/a[${index}]</arg>
<arg>href</arg>
<doc>Returns the value of ``attribute`` from the element ``locator``.</doc>
<msg timestamp="20240229 09:48:16.204" level="INFO">${property_url} = https://www.99.co/id/sewa/toko</msg>
<status status="PASS" starttime="20240229 09:48:16.193" endtime="20240229 09:48:16.204"/>
</kw>
<kw name="Set Test Variable" library="BuiltIn">
<arg>${property_url}</arg>
<doc>Makes a variable available everywhere within the scope of the current test.</doc>
<msg timestamp="20240229 09:48:16.205" level="INFO">${property_url} = https://www.99.co/id/sewa/toko</msg>
<status status="PASS" starttime="20240229 09:48:16.205" endtime="20240229 09:48:16.205"/>
</kw>
<status status="PASS" starttime="20240229 09:48:16.193" endtime="20240229 09:48:16.205"/>
</kw>
<kw name="Click Property In The New Tab" library="HomepagePages">
<arg>${property_url}</arg>
<kw name="Execute Javascript" library="SeleniumLibrary">
<arg>window.open('${property_url}', '_blank')</arg>
<doc>Executes the given JavaScript code with possible arguments.</doc>
<msg timestamp="20240229 09:48:16.206" level="INFO">Executing JavaScript:
window.open('https://www.99.co/id/sewa/toko', '_blank')
Without any arguments.</msg>
<status status="PASS" starttime="20240229 09:48:16.205" endtime="20240229 09:48:16.234"/>
</kw>
<status status="PASS" starttime="20240229 09:48:16.205" endtime="20240229 09:48:16.234"/>
</kw>
<kw name="Switch Window" library="SeleniumLibrary">
<var>${tab1}</var>
<arg>NEW</arg>
<doc>Switches to browser window matching ``locator``.</doc>
<msg timestamp="20240229 09:48:16.240" level="INFO">${tab1} = 83B301369882B410CB911D197FAE7E11</msg>
<status status="PASS" starttime="20240229 09:48:16.234" endtime="20240229 09:48:16.240"/>
</kw>
<kw name="Verify Redirect To Expected Url" library="PropertyPagePages">
<arg>${property_url}</arg>
<kw name="Location Should Be" library="SeleniumLibrary">
<arg>${Property_url}</arg>
<doc>Verifies that the current URL is exactly ``url``.</doc>
<msg timestamp="20240229 09:48:16.433" level="INFO">Current location is 'https://www.99.co/id/sewa/toko'.</msg>
<status status="PASS" starttime="20240229 09:48:16.241" endtime="20240229 09:48:16.433"/>
</kw>
<status status="PASS" starttime="20240229 09:48:16.241" endtime="20240229 09:48:16.433"/>
</kw>
<kw name="Verify User Already On Property Page Details" library="PropertyPageLogic">
<kw name="Verify Search Bar" library="PropertyPagePages">
<kw name="Wait Until Element Is Visible" library="SeleniumLibrary">
<arg>name=search-bar</arg>
<arg>timeout=${MIN_TIMEOUT}</arg>
<doc>Waits until the element ``locator`` is visible.</doc>
<status status="PASS" starttime="20240229 09:48:16.434" endtime="20240229 09:48:16.564"/>
</kw>
<status status="PASS" starttime="20240229 09:48:16.434" endtime="20240229 09:48:16.564"/>
</kw>
<kw name="Verify Filter Section" library="PropertyPagePages">
<kw name="Wait Until Element Is Visible" library="SeleniumLibrary">
<arg>class=filterOuter</arg>
<arg>timeout=${MIN_TIMEOUT}</arg>
<doc>Waits until the element ``locator`` is visible.</doc>
<status status="PASS" starttime="20240229 09:48:16.565" endtime="20240229 09:48:16.577"/>
</kw>
<status status="PASS" starttime="20240229 09:48:16.564" endtime="20240229 09:48:16.577"/>
</kw>
<kw name="Verify Filter Quick Section" library="PropertyPagePages">
<kw name="Wait Until Element Is Visible" library="SeleniumLibrary">
<arg>class=FilterQuick</arg>
<arg>timeout=${MIN_TIMEOUT}</arg>
<doc>Waits until the element ``locator`` is visible.</doc>
<status status="PASS" starttime="20240229 09:48:16.578" endtime="20240229 09:48:16.601"/>
</kw>
<status status="PASS" starttime="20240229 09:48:16.577" endtime="20240229 09:48:16.601"/>
</kw>
<kw name="Verify Filter Sorting Section" library="PropertyPagePages">
<kw name="Wait Until Element Is Visible" library="SeleniumLibrary">
<arg>class=FilterQuick__sort</arg>
<arg>timeout=${MIN_TIMEOUT}</arg>
<doc>Waits until the element ``locator`` is visible.</doc>
<status status="PASS" starttime="20240229 09:48:16.602" endtime="20240229 09:48:16.614"/>
</kw>
<status status="PASS" starttime="20240229 09:48:16.602" endtime="20240229 09:48:16.614"/>
</kw>
<status status="PASS" starttime="20240229 09:48:16.433" endtime="20240229 09:48:16.614"/>
</kw>
<kw name="Run Keyword And Ignore Error" library="BuiltIn">
<arg>PropertyPagePages.Verify Property Page Title</arg>
<arg>${property_title}</arg>
<doc>Runs the given keyword with the given arguments and ignores possible error.</doc>
<kw name="Verify Property Page Title" library="PropertyPagePages">
<arg>${property_title}</arg>
<kw name="Element Should Contain" library="SeleniumLibrary">
<arg>xpath=//div[@class="row"]//h1</arg>
<arg>${saleProperty_title} di Indonesia</arg>
<doc>Verifies that element ``locator`` contains text ``expected``.</doc>
<msg timestamp="20240229 09:48:16.626" level="FAIL">Element 'xpath=//div[@class="row"]//h1' should have contained text 'Toko Disewa di Indonesia' but its text was 'Sewa Toko di Indonesia'.</msg>
<status status="FAIL" starttime="20240229 09:48:16.615" endtime="20240229 09:48:16.626"/>
</kw>
<status status="FAIL" starttime="20240229 09:48:16.614" endtime="20240229 09:48:16.626"/>
</kw>
<status status="PASS" starttime="20240229 09:48:16.614" endtime="20240229 09:48:16.626"/>
</kw>
<kw name="Close Window" library="SeleniumLibrary">
<doc>Closes currently opened and selected browser window/tab.</doc>
<status status="PASS" starttime="20240229 09:48:16.626" endtime="20240229 09:48:16.682"/>
</kw>
<kw name="Switch Window" library="SeleniumLibrary">
<arg>MAIN</arg>
<doc>Switches to browser window matching ``locator``.</doc>
<status status="PASS" starttime="20240229 09:48:16.682" endtime="20240229 09:48:16.686"/>
</kw>
<status status="PASS" starttime="20240229 09:48:16.175" endtime="20240229 09:48:16.686"/>
</iter>
<status status="PASS" starttime="20240229 09:48:07.396" endtime="20240229 09:48:16.686"/>
</for>
<status status="PASS" starttime="20240229 09:48:07.379" endtime="20240229 09:48:16.686"/>
</kw>
<kw name="Capture Failed and Close All Browsers" library="TestTeardown" type="TEARDOWN">
<kw name="Capture Page If Test Failed" library="TestTeardown">
<kw name="Run Keyword If Test Failed" library="BuiltIn">
<arg>Capture Page Screenshot</arg>
<doc>Runs the given keyword with the given arguments, if the test failed.</doc>
<status status="PASS" starttime="20240229 09:48:16.687" endtime="20240229 09:48:16.687"/>
</kw>
<kw name="Run Keyword If Test Failed" library="BuiltIn">
<arg>Capture Current Location</arg>
<doc>Runs the given keyword with the given arguments, if the test failed.</doc>
<status status="PASS" starttime="20240229 09:48:16.687" endtime="20240229 09:48:16.687"/>
</kw>
<status status="PASS" starttime="20240229 09:48:16.687" endtime="20240229 09:48:16.687"/>
</kw>
<kw name="Close All Browsers" library="SeleniumLibrary">
<doc>Closes all open browsers and resets the browser cache.</doc>
<status status="PASS" starttime="20240229 09:48:16.687" endtime="20240229 09:48:16.864"/>
</kw>
<status status="PASS" starttime="20240229 09:48:16.686" endtime="20240229 09:48:16.864"/>
</kw>
<status status="PASS" starttime="20240229 09:48:04.250" endtime="20240229 09:48:16.864"/>
</test>
<status status="PASS" starttime="20240229 09:47:35.192" endtime="20240229 09:48:16.865"/>
</suite>
<statistics>
<total>
<stat pass="2" fail="0" skip="0">All Tests</stat>
</total>
<tag>
</tag>
<suite>
<stat pass="2" fail="0" skip="0" id="s1" name="OpenPropertyUrl">OpenPropertyUrl</stat>
</suite>
</statistics>
<errors>
</errors>
</robot>
