<?xml version="1.0" encoding="UTF-8"?>
<robot generator="Robot 6.0 (Python 3.11.7 on darwin)" generated="20240229 09:39:23.453" rpa="false" schemaversion="3">
<suite id="s1" name="Test" source="/Users/azizahira/Workspace/Automation/Test">
<suite id="s1-s1" name="Open Property Url" source="/Users/azizahira/Workspace/Automation/Test/Open Property Url.robot">
<test id="s1-s1-t1" name="Open All Property For Rent Url" line="14">
<kw name="Open Homepage" library="TestSetup" type="SETUP">
<kw name="Open Chrome Browser" library="TestSetup">
<kw name="Run Keyword If" library="BuiltIn">
<arg>'${HEADLESS_BROWSER}'=='true'</arg>
<arg>Headless Browser Setup</arg>
<doc>Runs the given keyword with the given arguments, if ``condition`` is true.</doc>
<status status="PASS" starttime="20240229 09:39:24.217" endtime="20240229 09:39:24.218"/>
</kw>
<kw name="Open Browser" library="SeleniumLibrary">
<arg>${url}</arg>
<arg>${BROWSER}</arg>
<arg>alias=chrome</arg>
<doc>Opens a new browser instance to the optional ``url``.</doc>
<msg timestamp="20240229 09:39:24.218" level="INFO">Opening browser 'gc' to base url 'about:blank'.</msg>
<status status="PASS" starttime="20240229 09:39:24.218" endtime="20240229 09:39:25.706"/>
</kw>
<timeout value="2 minutes"/>
<status status="PASS" starttime="20240229 09:39:24.217" endtime="20240229 09:39:25.706"/>
</kw>
<kw name="Go To" library="SeleniumLibrary">
<arg>${SERVER}</arg>
<doc>Navigates the current browser window to the provided ``url``.</doc>
<msg timestamp="20240229 09:39:25.707" level="INFO">Opening url 'https://www.99.co/id'</msg>
<status status="PASS" starttime="20240229 09:39:25.706" endtime="20240229 09:39:26.658"/>
</kw>
<status status="PASS" starttime="20240229 09:39:24.216" endtime="20240229 09:39:26.658"/>
</kw>
<kw name="Scroll To Property Section" library="HomepagePages">
<kw name="Scroll Element Into View" library="SeleniumLibrary">
<arg>class=upperFooter</arg>
<doc>Scrolls the element identified by ``locator`` into view.</doc>
<status status="PASS" starttime="20240229 09:39:26.659" endtime="20240229 09:39:27.096"/>
</kw>
<status status="PASS" starttime="20240229 09:39:26.658" endtime="20240229 09:39:27.096"/>
</kw>
<kw name="Open All Property Content by Index" library="HomepageLogic">
<arg>2</arg>
<kw name="Verify Property Content Section Is Visible" library="HomepagePages">
<kw name="Wait Until Element Is Visible" library="SeleniumLibrary">
<arg>xpath=//div[@class="accordion"]</arg>
<arg>timeout=${MED_TIMEOUT}</arg>
<doc>Waits until the element ``locator`` is visible.</doc>
<status status="PASS" starttime="20240229 09:39:27.097" endtime="20240229 09:39:27.121"/>
</kw>
<status status="PASS" starttime="20240229 09:39:27.097" endtime="20240229 09:39:27.121"/>
</kw>
<kw name="Click All Property Content by Index" library="HomepagePages">
<arg>${index}</arg>
<kw name="Click Button" library="SeleniumLibrary">
<arg>xpath=//div[@class="accordion"][${index}]//button</arg>
<doc>Clicks the button identified by ``locator``.</doc>
<msg timestamp="20240229 09:39:27.123" level="INFO">Clicking button 'xpath=//div[@class="accordion"][2]//button'.</msg>
<status status="PASS" starttime="20240229 09:39:27.122" endtime="20240229 09:39:27.188"/>
</kw>
<status status="PASS" starttime="20240229 09:39:27.122" endtime="20240229 09:39:27.189"/>
</kw>
<status status="PASS" starttime="20240229 09:39:27.097" endtime="20240229 09:39:27.189"/>
</kw>
<kw name="Check If Property Content Is Visible" library="HomepageLogic">
<arg>2</arg>
<kw name="Run Keyword And Return Status" library="BuiltIn">
<var>${status}</var>
<arg>HomepagePages.Verify Property Content List Is Visible</arg>
<doc>Runs the given keyword with given arguments and returns the status as a Boolean value.</doc>
<kw name="Verify Property Content List Is Visible" library="HomepagePages">
<kw name="Wait Until Element Is Visible" library="SeleniumLibrary">
<arg>css=.accordion-content.showContent</arg>
<doc>Waits until the element ``locator`` is visible.</doc>
<status status="PASS" starttime="20240229 09:39:27.198" endtime="20240229 09:39:27.248"/>
</kw>
<status status="PASS" starttime="20240229 09:39:27.192" endtime="20240229 09:39:27.248"/>
</kw>
<msg timestamp="20240229 09:39:27.248" level="INFO">${status} = True</msg>
<status status="PASS" starttime="20240229 09:39:27.189" endtime="20240229 09:39:27.248"/>
</kw>
<kw name="Run Keyword If" library="BuiltIn">
<arg>'${status}' == 'False'</arg>
<arg>HomePageLogic.Open All Property Content by Index</arg>
<arg>${index}</arg>
<doc>Runs the given keyword with the given arguments, if ``condition`` is true.</doc>
<status status="PASS" starttime="20240229 09:39:27.248" endtime="20240229 09:39:27.248"/>
</kw>
<status status="PASS" starttime="20240229 09:39:27.189" endtime="20240229 09:39:27.248"/>
</kw>
<kw name="Open Property One By One" library="HomepageLogic">
<kw name="Get Count Property Content" library="HomepagePages">
<kw name="Get Element Count" library="SeleniumLibrary">
<var>${total_content}</var>
<arg>//div[contains(@class, 'accordion-content') and contains(@class, 'showContent')]/a</arg>
<doc>Returns the number of elements matching ``locator``.</doc>
<msg timestamp="20240229 09:39:27.261" level="INFO">${total_content} = 15</msg>
<status status="PASS" starttime="20240229 09:39:27.249" endtime="20240229 09:39:27.261"/>
</kw>
<kw name="Set Test Variable" library="BuiltIn">
<arg>${total_content}</arg>
<doc>Makes a variable available everywhere within the scope of the current test.</doc>
<msg timestamp="20240229 09:39:27.261" level="INFO">${total_content} = 15</msg>
<status status="PASS" starttime="20240229 09:39:27.261" endtime="20240229 09:39:27.261"/>
</kw>
<status status="PASS" starttime="20240229 09:39:27.249" endtime="20240229 09:39:27.261"/>
</kw>
<for flavor="IN RANGE">
<var>${i}</var>
<value>1</value>
<value>${total_content+1}</value>
<iter>
<var name="${i}">1</var>
<kw name="Log To Console" library="BuiltIn">
<arg>${i}</arg>
<doc>Logs the given message to the console.</doc>
<status status="PASS" starttime="20240229 09:39:27.262" endtime="20240229 09:39:27.263"/>
</kw>
<kw name="Get Property Title" library="HomepagePages">
<arg>${i}</arg>
<kw name="Get Text" library="SeleniumLibrary">
<var>${property_title}</var>
<arg>xpath=//div[contains(@class, 'accordion-content') and contains(@class, 'showContent')]/a[${index}]</arg>
<doc>Returns the text value of the element identified by ``locator``.</doc>
<msg timestamp="20240229 09:39:27.339" level="INFO">${property_title} = Rumah Disewa</msg>
<status status="PASS" starttime="20240229 09:39:27.265" endtime="20240229 09:39:27.339"/>
</kw>
<kw name="Set Test Variable" library="BuiltIn">
<arg>${property_title}</arg>
<doc>Makes a variable available everywhere within the scope of the current test.</doc>
<msg timestamp="20240229 09:39:27.339" level="INFO">${property_title} = Rumah Disewa</msg>
<status status="PASS" starttime="20240229 09:39:27.339" endtime="20240229 09:39:27.339"/>
</kw>
<status status="PASS" starttime="20240229 09:39:27.263" endtime="20240229 09:39:27.339"/>
</kw>
<kw name="Get Property Content Url By Index" library="HomepagePages">
<arg>${i}</arg>
<kw name="Get Element Attribute" library="SeleniumLibrary">
<var>${property_url}</var>
<arg>xpath=//div[contains(@class, 'accordion-content') and contains(@class, 'showContent')]/a[${index}]</arg>
<arg>href</arg>
<doc>Returns the value of ``attribute`` from the element ``locator``.</doc>
<msg timestamp="20240229 09:39:27.355" level="INFO">${property_url} = https://www.99.co/id/sewa/rumah</msg>
<status status="PASS" starttime="20240229 09:39:27.340" endtime="20240229 09:39:27.355"/>
</kw>
<kw name="Set Test Variable" library="BuiltIn">
<arg>${property_url}</arg>
<doc>Makes a variable available everywhere within the scope of the current test.</doc>
<msg timestamp="20240229 09:39:27.355" level="INFO">${property_url} = https://www.99.co/id/sewa/rumah</msg>
<status status="PASS" starttime="20240229 09:39:27.355" endtime="20240229 09:39:27.355"/>
</kw>
<status status="PASS" starttime="20240229 09:39:27.340" endtime="20240229 09:39:27.356"/>
</kw>
<kw name="Click Property In The New Tab" library="HomepagePages">
<arg>${property_url}</arg>
<kw name="Execute Javascript" library="SeleniumLibrary">
<arg>window.open('${property_url}', '_blank')</arg>
<doc>Executes the given JavaScript code with possible arguments.</doc>
<msg timestamp="20240229 09:39:27.357" level="INFO">Executing JavaScript:
window.open('https://www.99.co/id/sewa/rumah', '_blank')
Without any arguments.</msg>
<status status="PASS" starttime="20240229 09:39:27.356" endtime="20240229 09:39:27.385"/>
</kw>
<status status="PASS" starttime="20240229 09:39:27.356" endtime="20240229 09:39:27.385"/>
</kw>
<kw name="Switch Window" library="SeleniumLibrary">
<var>${tab1}</var>
<arg>NEW</arg>
<doc>Switches to browser window matching ``locator``.</doc>
<msg timestamp="20240229 09:39:27.394" level="INFO">${tab1} = 56E84B4B990F6EA56D2EECE563C88406</msg>
<status status="PASS" starttime="20240229 09:39:27.386" endtime="20240229 09:39:27.394"/>
</kw>
<kw name="Verify Redirect To Expected Url" library="PropertyPagePages">
<arg>${property_url}</arg>
<kw name="Location Should Be" library="SeleniumLibrary">
<arg>${Property_url}</arg>
<doc>Verifies that the current URL is exactly ``url``.</doc>
<msg timestamp="20240229 09:39:28.880" level="INFO">Current location is 'https://www.99.co/id/sewa/rumah'.</msg>
<status status="PASS" starttime="20240229 09:39:27.395" endtime="20240229 09:39:28.880"/>
</kw>
<status status="PASS" starttime="20240229 09:39:27.394" endtime="20240229 09:39:28.881"/>
</kw>
<kw name="Verify User Already On Property Page Details" library="PropertyPageLogic">
<kw name="Verify Search Bar" library="PropertyPagePages">
<kw name="Wait Until Element Is Visible" library="SeleniumLibrary">
<arg>name=search-bar</arg>
<arg>timeout=${MIN_TIMEOUT}</arg>
<doc>Waits until the element ``locator`` is visible.</doc>
<status status="PASS" starttime="20240229 09:39:28.882" endtime="20240229 09:39:28.904"/>
</kw>
<status status="PASS" starttime="20240229 09:39:28.881" endtime="20240229 09:39:28.904"/>
</kw>
<kw name="Verify Filter Section" library="PropertyPagePages">
<kw name="Wait Until Element Is Visible" library="SeleniumLibrary">
<arg>class=filterOuter</arg>
<arg>timeout=${MIN_TIMEOUT}</arg>
<doc>Waits until the element ``locator`` is visible.</doc>
<status status="PASS" starttime="20240229 09:39:28.905" endtime="20240229 09:39:28.925"/>
</kw>
<status status="PASS" starttime="20240229 09:39:28.904" endtime="20240229 09:39:28.926"/>
</kw>
<kw name="Verify Filter Quick Section" library="PropertyPagePages">
<kw name="Wait Until Element Is Visible" library="SeleniumLibrary">
<arg>class=FilterQuick</arg>
<arg>timeout=${MIN_TIMEOUT}</arg>
<doc>Waits until the element ``locator`` is visible.</doc>
<status status="PASS" starttime="20240229 09:39:28.926" endtime="20240229 09:39:28.942"/>
</kw>
<status status="PASS" starttime="20240229 09:39:28.926" endtime="20240229 09:39:28.942"/>
</kw>
<kw name="Verify Filter Sorting Section" library="PropertyPagePages">
<kw name="Wait Until Element Is Visible" library="SeleniumLibrary">
<arg>class=FilterQuick__sort</arg>
<arg>timeout=${MIN_TIMEOUT}</arg>
<doc>Waits until the element ``locator`` is visible.</doc>
<status status="PASS" starttime="20240229 09:39:28.943" endtime="20240229 09:39:28.958"/>
</kw>
<status status="PASS" starttime="20240229 09:39:28.942" endtime="20240229 09:39:28.958"/>
</kw>
<status status="PASS" starttime="20240229 09:39:28.881" endtime="20240229 09:39:28.958"/>
</kw>
<kw name="Run Keyword And Ignore Error" library="BuiltIn">
<arg>PropertyPagePages.Verify Property Page Title</arg>
<arg>${property_title}</arg>
<doc>Runs the given keyword with the given arguments and ignores possible error.</doc>
<kw name="Verify Property Page Title" library="PropertyPagePages">
<arg>${property_title}</arg>
<kw name="Element Should Contain" library="SeleniumLibrary">
<arg>xpath=//div[@class="row"]//h1</arg>
<arg>${saleProperty_title} di Indonesia</arg>
<doc>Verifies that element ``locator`` contains text ``expected``.</doc>
<msg timestamp="20240229 09:39:29.123" level="FAIL">Element 'xpath=//div[@class="row"]//h1' should have contained text 'Rumah Disewa di Indonesia' but its text was 'Sewa Rumah Kontrakan di Indonesia'.</msg>
<status status="FAIL" starttime="20240229 09:39:28.959" endtime="20240229 09:39:29.129"/>
</kw>
<status status="FAIL" starttime="20240229 09:39:28.959" endtime="20240229 09:39:29.129"/>
</kw>
<status status="PASS" starttime="20240229 09:39:28.959" endtime="20240229 09:39:29.129"/>
</kw>
<kw name="Close Window" library="SeleniumLibrary">
<doc>Closes currently opened and selected browser window/tab.</doc>
<status status="PASS" starttime="20240229 09:39:29.130" endtime="20240229 09:39:29.188"/>
</kw>
<kw name="Switch Window" library="SeleniumLibrary">
<arg>MAIN</arg>
<doc>Switches to browser window matching ``locator``.</doc>
<status status="PASS" starttime="20240229 09:39:29.188" endtime="20240229 09:39:29.194"/>
</kw>
<status status="PASS" starttime="20240229 09:39:27.262" endtime="20240229 09:39:29.194"/>
</iter>
<iter>
<var name="${i}">2</var>
<kw name="Log To Console" library="BuiltIn">
<arg>${i}</arg>
<doc>Logs the given message to the console.</doc>
<status status="PASS" starttime="20240229 09:39:29.194" endtime="20240229 09:39:29.195"/>
</kw>
<kw name="Get Property Title" library="HomepagePages">
<arg>${i}</arg>
<kw name="Get Text" library="SeleniumLibrary">
<var>${property_title}</var>
<arg>xpath=//div[contains(@class, 'accordion-content') and contains(@class, 'showContent')]/a[${index}]</arg>
<doc>Returns the text value of the element identified by ``locator``.</doc>
<msg timestamp="20240229 09:39:29.240" level="INFO">${property_title} = Apartemen Disewa</msg>
<status status="PASS" starttime="20240229 09:39:29.196" endtime="20240229 09:39:29.240"/>
</kw>
<kw name="Set Test Variable" library="BuiltIn">
<arg>${property_title}</arg>
<doc>Makes a variable available everywhere within the scope of the current test.</doc>
<msg timestamp="20240229 09:39:29.241" level="INFO">${property_title} = Apartemen Disewa</msg>
<status status="PASS" starttime="20240229 09:39:29.241" endtime="20240229 09:39:29.241"/>
</kw>
<status status="PASS" starttime="20240229 09:39:29.195" endtime="20240229 09:39:29.241"/>
</kw>
<kw name="Get Property Content Url By Index" library="HomepagePages">
<arg>${i}</arg>
<kw name="Get Element Attribute" library="SeleniumLibrary">
<var>${property_url}</var>
<arg>xpath=//div[contains(@class, 'accordion-content') and contains(@class, 'showContent')]/a[${index}]</arg>
<arg>href</arg>
<doc>Returns the value of ``attribute`` from the element ``locator``.</doc>
<msg timestamp="20240229 09:39:29.256" level="INFO">${property_url} = https://www.99.co/id/sewa/apartemen</msg>
<status status="PASS" starttime="20240229 09:39:29.241" endtime="20240229 09:39:29.257"/>
</kw>
<kw name="Set Test Variable" library="BuiltIn">
<arg>${property_url}</arg>
<doc>Makes a variable available everywhere within the scope of the current test.</doc>
<msg timestamp="20240229 09:39:29.257" level="INFO">${property_url} = https://www.99.co/id/sewa/apartemen</msg>
<status status="PASS" starttime="20240229 09:39:29.257" endtime="20240229 09:39:29.257"/>
</kw>
<status status="PASS" starttime="20240229 09:39:29.241" endtime="20240229 09:39:29.257"/>
</kw>
<kw name="Click Property In The New Tab" library="HomepagePages">
<arg>${property_url}</arg>
<kw name="Execute Javascript" library="SeleniumLibrary">
<arg>window.open('${property_url}', '_blank')</arg>
<doc>Executes the given JavaScript code with possible arguments.</doc>
<msg timestamp="20240229 09:39:29.258" level="INFO">Executing JavaScript:
window.open('https://www.99.co/id/sewa/apartemen', '_blank')
Without any arguments.</msg>
<status status="PASS" starttime="20240229 09:39:29.257" endtime="20240229 09:39:29.285"/>
</kw>
<status status="PASS" starttime="20240229 09:39:29.257" endtime="20240229 09:39:29.285"/>
</kw>
<kw name="Switch Window" library="SeleniumLibrary">
<var>${tab1}</var>
<arg>NEW</arg>
<doc>Switches to browser window matching ``locator``.</doc>
<msg timestamp="20240229 09:39:29.291" level="INFO">${tab1} = 56E84B4B990F6EA56D2EECE563C88406</msg>
<status status="PASS" starttime="20240229 09:39:29.285" endtime="20240229 09:39:29.291"/>
</kw>
<kw name="Verify Redirect To Expected Url" library="PropertyPagePages">
<arg>${property_url}</arg>
<kw name="Location Should Be" library="SeleniumLibrary">
<arg>${Property_url}</arg>
<doc>Verifies that the current URL is exactly ``url``.</doc>
<msg timestamp="20240229 09:39:29.429" level="INFO">Current location is 'https://www.99.co/id/sewa/apartemen'.</msg>
<status status="PASS" starttime="20240229 09:39:29.291" endtime="20240229 09:39:29.429"/>
</kw>
<status status="PASS" starttime="20240229 09:39:29.291" endtime="20240229 09:39:29.429"/>
</kw>
<kw name="Verify User Already On Property Page Details" library="PropertyPageLogic">
<kw name="Verify Search Bar" library="PropertyPagePages">
<kw name="Wait Until Element Is Visible" library="SeleniumLibrary">
<arg>name=search-bar</arg>
<arg>timeout=${MIN_TIMEOUT}</arg>
<doc>Waits until the element ``locator`` is visible.</doc>
<status status="PASS" starttime="20240229 09:39:29.430" endtime="20240229 09:39:29.607"/>
</kw>
<status status="PASS" starttime="20240229 09:39:29.430" endtime="20240229 09:39:29.607"/>
</kw>
<kw name="Verify Filter Section" library="PropertyPagePages">
<kw name="Wait Until Element Is Visible" library="SeleniumLibrary">
<arg>class=filterOuter</arg>
<arg>timeout=${MIN_TIMEOUT}</arg>
<doc>Waits until the element ``locator`` is visible.</doc>
<status status="PASS" starttime="20240229 09:39:29.608" endtime="20240229 09:39:29.620"/>
</kw>
<status status="PASS" starttime="20240229 09:39:29.607" endtime="20240229 09:39:29.620"/>
</kw>
<kw name="Verify Filter Quick Section" library="PropertyPagePages">
<kw name="Wait Until Element Is Visible" library="SeleniumLibrary">
<arg>class=FilterQuick</arg>
<arg>timeout=${MIN_TIMEOUT}</arg>
<doc>Waits until the element ``locator`` is visible.</doc>
<status status="PASS" starttime="20240229 09:39:29.621" endtime="20240229 09:39:29.633"/>
</kw>
<status status="PASS" starttime="20240229 09:39:29.621" endtime="20240229 09:39:29.633"/>
</kw>
<kw name="Verify Filter Sorting Section" library="PropertyPagePages">
<kw name="Wait Until Element Is Visible" library="SeleniumLibrary">
<arg>class=FilterQuick__sort</arg>
<arg>timeout=${MIN_TIMEOUT}</arg>
<doc>Waits until the element ``locator`` is visible.</doc>
<status status="PASS" starttime="20240229 09:39:29.633" endtime="20240229 09:39:29.645"/>
</kw>
<status status="PASS" starttime="20240229 09:39:29.633" endtime="20240229 09:39:29.645"/>
</kw>
<status status="PASS" starttime="20240229 09:39:29.430" endtime="20240229 09:39:29.645"/>
</kw>
<kw name="Run Keyword And Ignore Error" library="BuiltIn">
<arg>PropertyPagePages.Verify Property Page Title</arg>
<arg>${property_title}</arg>
<doc>Runs the given keyword with the given arguments and ignores possible error.</doc>
<kw name="Verify Property Page Title" library="PropertyPagePages">
<arg>${property_title}</arg>
<kw name="Element Should Contain" library="SeleniumLibrary">
<arg>xpath=//div[@class="row"]//h1</arg>
<arg>${saleProperty_title} di Indonesia</arg>
<doc>Verifies that element ``locator`` contains text ``expected``.</doc>
<msg timestamp="20240229 09:39:29.657" level="FAIL">Element 'xpath=//div[@class="row"]//h1' should have contained text 'Apartemen Disewa di Indonesia' but its text was 'Sewa Apartemen di Indonesia'.</msg>
<status status="FAIL" starttime="20240229 09:39:29.646" endtime="20240229 09:39:29.658"/>
</kw>
<status status="FAIL" starttime="20240229 09:39:29.645" endtime="20240229 09:39:29.658"/>
</kw>
<status status="PASS" starttime="20240229 09:39:29.645" endtime="20240229 09:39:29.658"/>
</kw>
<kw name="Close Window" library="SeleniumLibrary">
<doc>Closes currently opened and selected browser window/tab.</doc>
<status status="PASS" starttime="20240229 09:39:29.658" endtime="20240229 09:39:29.715"/>
</kw>
<kw name="Switch Window" library="SeleniumLibrary">
<arg>MAIN</arg>
<doc>Switches to browser window matching ``locator``.</doc>
<status status="PASS" starttime="20240229 09:39:29.716" endtime="20240229 09:39:29.721"/>
</kw>
<status status="PASS" starttime="20240229 09:39:29.194" endtime="20240229 09:39:29.721"/>
</iter>
<iter>
<var name="${i}">3</var>
<kw name="Log To Console" library="BuiltIn">
<arg>${i}</arg>
<doc>Logs the given message to the console.</doc>
<status status="PASS" starttime="20240229 09:39:29.722" endtime="20240229 09:39:29.722"/>
</kw>
<kw name="Get Property Title" library="HomepagePages">
<arg>${i}</arg>
<kw name="Get Text" library="SeleniumLibrary">
<var>${property_title}</var>
<arg>xpath=//div[contains(@class, 'accordion-content') and contains(@class, 'showContent')]/a[${index}]</arg>
<doc>Returns the text value of the element identified by ``locator``.</doc>
<msg timestamp="20240229 09:39:29.741" level="INFO">${property_title} = Ruko Disewa</msg>
<status status="PASS" starttime="20240229 09:39:29.723" endtime="20240229 09:39:29.741"/>
</kw>
<kw name="Set Test Variable" library="BuiltIn">
<arg>${property_title}</arg>
<doc>Makes a variable available everywhere within the scope of the current test.</doc>
<msg timestamp="20240229 09:39:29.741" level="INFO">${property_title} = Ruko Disewa</msg>
<status status="PASS" starttime="20240229 09:39:29.741" endtime="20240229 09:39:29.741"/>
</kw>
<status status="PASS" starttime="20240229 09:39:29.722" endtime="20240229 09:39:29.741"/>
</kw>
<kw name="Get Property Content Url By Index" library="HomepagePages">
<arg>${i}</arg>
<kw name="Get Element Attribute" library="SeleniumLibrary">
<var>${property_url}</var>
<arg>xpath=//div[contains(@class, 'accordion-content') and contains(@class, 'showContent')]/a[${index}]</arg>
<arg>href</arg>
<doc>Returns the value of ``attribute`` from the element ``locator``.</doc>
<msg timestamp="20240229 09:39:29.755" level="INFO">${property_url} = https://www.99.co/id/sewa/ruko</msg>
<status status="PASS" starttime="20240229 09:39:29.742" endtime="20240229 09:39:29.755"/>
</kw>
<kw name="Set Test Variable" library="BuiltIn">
<arg>${property_url}</arg>
<doc>Makes a variable available everywhere within the scope of the current test.</doc>
<msg timestamp="20240229 09:39:29.756" level="INFO">${property_url} = https://www.99.co/id/sewa/ruko</msg>
<status status="PASS" starttime="20240229 09:39:29.755" endtime="20240229 09:39:29.756"/>
</kw>
<status status="PASS" starttime="20240229 09:39:29.741" endtime="20240229 09:39:29.756"/>
</kw>
<kw name="Click Property In The New Tab" library="HomepagePages">
<arg>${property_url}</arg>
<kw name="Execute Javascript" library="SeleniumLibrary">
<arg>window.open('${property_url}', '_blank')</arg>
<doc>Executes the given JavaScript code with possible arguments.</doc>
<msg timestamp="20240229 09:39:29.757" level="INFO">Executing JavaScript:
window.open('https://www.99.co/id/sewa/ruko', '_blank')
Without any arguments.</msg>
<status status="PASS" starttime="20240229 09:39:29.756" endtime="20240229 09:39:29.781"/>
</kw>
<status status="PASS" starttime="20240229 09:39:29.756" endtime="20240229 09:39:29.781"/>
</kw>
<kw name="Switch Window" library="SeleniumLibrary">
<var>${tab1}</var>
<arg>NEW</arg>
<doc>Switches to browser window matching ``locator``.</doc>
<msg timestamp="20240229 09:39:29.788" level="INFO">${tab1} = 56E84B4B990F6EA56D2EECE563C88406</msg>
<status status="PASS" starttime="20240229 09:39:29.781" endtime="20240229 09:39:29.788"/>
</kw>
<kw name="Verify Redirect To Expected Url" library="PropertyPagePages">
<arg>${property_url}</arg>
<kw name="Location Should Be" library="SeleniumLibrary">
<arg>${Property_url}</arg>
<doc>Verifies that the current URL is exactly ``url``.</doc>
<msg timestamp="20240229 09:39:30.047" level="INFO">Current location is 'https://www.99.co/id/sewa/ruko'.</msg>
<status status="PASS" starttime="20240229 09:39:29.789" endtime="20240229 09:39:30.047"/>
</kw>
<status status="PASS" starttime="20240229 09:39:29.788" endtime="20240229 09:39:30.048"/>
</kw>
<kw name="Verify User Already On Property Page Details" library="PropertyPageLogic">
<kw name="Verify Search Bar" library="PropertyPagePages">
<kw name="Wait Until Element Is Visible" library="SeleniumLibrary">
<arg>name=search-bar</arg>
<arg>timeout=${MIN_TIMEOUT}</arg>
<doc>Waits until the element ``locator`` is visible.</doc>
<status status="PASS" starttime="20240229 09:39:30.049" endtime="20240229 09:39:30.186"/>
</kw>
<status status="PASS" starttime="20240229 09:39:30.048" endtime="20240229 09:39:30.186"/>
</kw>
<kw name="Verify Filter Section" library="PropertyPagePages">
<kw name="Wait Until Element Is Visible" library="SeleniumLibrary">
<arg>class=filterOuter</arg>
<arg>timeout=${MIN_TIMEOUT}</arg>
<doc>Waits until the element ``locator`` is visible.</doc>
<status status="PASS" starttime="20240229 09:39:30.187" endtime="20240229 09:39:30.199"/>
</kw>
<status status="PASS" starttime="20240229 09:39:30.186" endtime="20240229 09:39:30.199"/>
</kw>
<kw name="Verify Filter Quick Section" library="PropertyPagePages">
<kw name="Wait Until Element Is Visible" library="SeleniumLibrary">
<arg>class=FilterQuick</arg>
<arg>timeout=${MIN_TIMEOUT}</arg>
<doc>Waits until the element ``locator`` is visible.</doc>
<status status="PASS" starttime="20240229 09:39:30.199" endtime="20240229 09:39:30.212"/>
</kw>
<status status="PASS" starttime="20240229 09:39:30.199" endtime="20240229 09:39:30.212"/>
</kw>
<kw name="Verify Filter Sorting Section" library="PropertyPagePages">
<kw name="Wait Until Element Is Visible" library="SeleniumLibrary">
<arg>class=FilterQuick__sort</arg>
<arg>timeout=${MIN_TIMEOUT}</arg>
<doc>Waits until the element ``locator`` is visible.</doc>
<status status="PASS" starttime="20240229 09:39:30.213" endtime="20240229 09:39:30.224"/>
</kw>
<status status="PASS" starttime="20240229 09:39:30.213" endtime="20240229 09:39:30.224"/>
</kw>
<status status="PASS" starttime="20240229 09:39:30.048" endtime="20240229 09:39:30.224"/>
</kw>
<kw name="Run Keyword And Ignore Error" library="BuiltIn">
<arg>PropertyPagePages.Verify Property Page Title</arg>
<arg>${property_title}</arg>
<doc>Runs the given keyword with the given arguments and ignores possible error.</doc>
<kw name="Verify Property Page Title" library="PropertyPagePages">
<arg>${property_title}</arg>
<kw name="Element Should Contain" library="SeleniumLibrary">
<arg>xpath=//div[@class="row"]//h1</arg>
<arg>${saleProperty_title} di Indonesia</arg>
<doc>Verifies that element ``locator`` contains text ``expected``.</doc>
<msg timestamp="20240229 09:39:30.237" level="FAIL">Element 'xpath=//div[@class="row"]//h1' should have contained text 'Ruko Disewa di Indonesia' but its text was 'Sewa Ruko di Indonesia'.</msg>
<status status="FAIL" starttime="20240229 09:39:30.225" endtime="20240229 09:39:30.237"/>
</kw>
<status status="FAIL" starttime="20240229 09:39:30.225" endtime="20240229 09:39:30.237"/>
</kw>
<status status="PASS" starttime="20240229 09:39:30.224" endtime="20240229 09:39:30.237"/>
</kw>
<kw name="Close Window" library="SeleniumLibrary">
<doc>Closes currently opened and selected browser window/tab.</doc>
<status status="PASS" starttime="20240229 09:39:30.237" endtime="20240229 09:39:30.290"/>
</kw>
<kw name="Switch Window" library="SeleniumLibrary">
<arg>MAIN</arg>
<doc>Switches to browser window matching ``locator``.</doc>
<status status="PASS" starttime="20240229 09:39:30.290" endtime="20240229 09:39:30.295"/>
</kw>
<status status="PASS" starttime="20240229 09:39:29.722" endtime="20240229 09:39:30.295"/>
</iter>
<iter>
<var name="${i}">4</var>
<kw name="Log To Console" library="BuiltIn">
<arg>${i}</arg>
<doc>Logs the given message to the console.</doc>
<status status="PASS" starttime="20240229 09:39:30.296" endtime="20240229 09:39:30.296"/>
</kw>
<kw name="Get Property Title" library="HomepagePages">
<arg>${i}</arg>
<kw name="Get Text" library="SeleniumLibrary">
<var>${property_title}</var>
<arg>xpath=//div[contains(@class, 'accordion-content') and contains(@class, 'showContent')]/a[${index}]</arg>
<doc>Returns the text value of the element identified by ``locator``.</doc>
<msg timestamp="20240229 09:39:30.313" level="INFO">${property_title} = Tanah Disewa</msg>
<status status="PASS" starttime="20240229 09:39:30.296" endtime="20240229 09:39:30.313"/>
</kw>
<kw name="Set Test Variable" library="BuiltIn">
<arg>${property_title}</arg>
<doc>Makes a variable available everywhere within the scope of the current test.</doc>
<msg timestamp="20240229 09:39:30.314" level="INFO">${property_title} = Tanah Disewa</msg>
<status status="PASS" starttime="20240229 09:39:30.313" endtime="20240229 09:39:30.314"/>
</kw>
<status status="PASS" starttime="20240229 09:39:30.296" endtime="20240229 09:39:30.314"/>
</kw>
<kw name="Get Property Content Url By Index" library="HomepagePages">
<arg>${i}</arg>
<kw name="Get Element Attribute" library="SeleniumLibrary">
<var>${property_url}</var>
<arg>xpath=//div[contains(@class, 'accordion-content') and contains(@class, 'showContent')]/a[${index}]</arg>
<arg>href</arg>
<doc>Returns the value of ``attribute`` from the element ``locator``.</doc>
<msg timestamp="20240229 09:39:30.327" level="INFO">${property_url} = https://www.99.co/id/sewa/tanah</msg>
<status status="PASS" starttime="20240229 09:39:30.314" endtime="20240229 09:39:30.327"/>
</kw>
<kw name="Set Test Variable" library="BuiltIn">
<arg>${property_url}</arg>
<doc>Makes a variable available everywhere within the scope of the current test.</doc>
<msg timestamp="20240229 09:39:30.327" level="INFO">${property_url} = https://www.99.co/id/sewa/tanah</msg>
<status status="PASS" starttime="20240229 09:39:30.327" endtime="20240229 09:39:30.327"/>
</kw>
<status status="PASS" starttime="20240229 09:39:30.314" endtime="20240229 09:39:30.327"/>
</kw>
<kw name="Click Property In The New Tab" library="HomepagePages">
<arg>${property_url}</arg>
<kw name="Execute Javascript" library="SeleniumLibrary">
<arg>window.open('${property_url}', '_blank')</arg>
<doc>Executes the given JavaScript code with possible arguments.</doc>
<msg timestamp="20240229 09:39:30.328" level="INFO">Executing JavaScript:
window.open('https://www.99.co/id/sewa/tanah', '_blank')
Without any arguments.</msg>
<status status="PASS" starttime="20240229 09:39:30.328" endtime="20240229 09:39:30.355"/>
</kw>
<status status="PASS" starttime="20240229 09:39:30.327" endtime="20240229 09:39:30.355"/>
</kw>
<kw name="Switch Window" library="SeleniumLibrary">
<var>${tab1}</var>
<arg>NEW</arg>
<doc>Switches to browser window matching ``locator``.</doc>
<msg timestamp="20240229 09:39:30.361" level="INFO">${tab1} = 56E84B4B990F6EA56D2EECE563C88406</msg>
<status status="PASS" starttime="20240229 09:39:30.355" endtime="20240229 09:39:30.361"/>
</kw>
<kw name="Verify Redirect To Expected Url" library="PropertyPagePages">
<arg>${property_url}</arg>
<kw name="Location Should Be" library="SeleniumLibrary">
<arg>${Property_url}</arg>
<doc>Verifies that the current URL is exactly ``url``.</doc>
<msg timestamp="20240229 09:39:30.604" level="INFO">Current location is 'https://www.99.co/id/sewa/tanah'.</msg>
<status status="PASS" starttime="20240229 09:39:30.361" endtime="20240229 09:39:30.604"/>
</kw>
<status status="PASS" starttime="20240229 09:39:30.361" endtime="20240229 09:39:30.604"/>
</kw>
<kw name="Verify User Already On Property Page Details" library="PropertyPageLogic">
<kw name="Verify Search Bar" library="PropertyPagePages">
<kw name="Wait Until Element Is Visible" library="SeleniumLibrary">
<arg>name=search-bar</arg>
<arg>timeout=${MIN_TIMEOUT}</arg>
<doc>Waits until the element ``locator`` is visible.</doc>
<status status="PASS" starttime="20240229 09:39:30.606" endtime="20240229 09:39:30.734"/>
</kw>
<status status="PASS" starttime="20240229 09:39:30.605" endtime="20240229 09:39:30.734"/>
</kw>
<kw name="Verify Filter Section" library="PropertyPagePages">
<kw name="Wait Until Element Is Visible" library="SeleniumLibrary">
<arg>class=filterOuter</arg>
<arg>timeout=${MIN_TIMEOUT}</arg>
<doc>Waits until the element ``locator`` is visible.</doc>
<status status="PASS" starttime="20240229 09:39:30.734" endtime="20240229 09:39:30.748"/>
</kw>
<status status="PASS" starttime="20240229 09:39:30.734" endtime="20240229 09:39:30.748"/>
</kw>
<kw name="Verify Filter Quick Section" library="PropertyPagePages">
<kw name="Wait Until Element Is Visible" library="SeleniumLibrary">
<arg>class=FilterQuick</arg>
<arg>timeout=${MIN_TIMEOUT}</arg>
<doc>Waits until the element ``locator`` is visible.</doc>
<status status="PASS" starttime="20240229 09:39:30.748" endtime="20240229 09:39:30.760"/>
</kw>
<status status="PASS" starttime="20240229 09:39:30.748" endtime="20240229 09:39:30.760"/>
</kw>
<kw name="Verify Filter Sorting Section" library="PropertyPagePages">
<kw name="Wait Until Element Is Visible" library="SeleniumLibrary">
<arg>class=FilterQuick__sort</arg>
<arg>timeout=${MIN_TIMEOUT}</arg>
<doc>Waits until the element ``locator`` is visible.</doc>
<status status="PASS" starttime="20240229 09:39:30.761" endtime="20240229 09:39:30.772"/>
</kw>
<status status="PASS" starttime="20240229 09:39:30.760" endtime="20240229 09:39:30.772"/>
</kw>
<status status="PASS" starttime="20240229 09:39:30.605" endtime="20240229 09:39:30.772"/>
</kw>
<kw name="Run Keyword And Ignore Error" library="BuiltIn">
<arg>PropertyPagePages.Verify Property Page Title</arg>
<arg>${property_title}</arg>
<doc>Runs the given keyword with the given arguments and ignores possible error.</doc>
<kw name="Verify Property Page Title" library="PropertyPagePages">
<arg>${property_title}</arg>
<kw name="Element Should Contain" library="SeleniumLibrary">
<arg>xpath=//div[@class="row"]//h1</arg>
<arg>${saleProperty_title} di Indonesia</arg>
<doc>Verifies that element ``locator`` contains text ``expected``.</doc>
<msg timestamp="20240229 09:39:30.785" level="FAIL">Element 'xpath=//div[@class="row"]//h1' should have contained text 'Tanah Disewa di Indonesia' but its text was 'Sewa Tanah di Indonesia'.</msg>
<status status="FAIL" starttime="20240229 09:39:30.773" endtime="20240229 09:39:30.786"/>
</kw>
<status status="FAIL" starttime="20240229 09:39:30.773" endtime="20240229 09:39:30.786"/>
</kw>
<status status="PASS" starttime="20240229 09:39:30.773" endtime="20240229 09:39:30.786"/>
</kw>
<kw name="Close Window" library="SeleniumLibrary">
<doc>Closes currently opened and selected browser window/tab.</doc>
<status status="PASS" starttime="20240229 09:39:30.786" endtime="20240229 09:39:30.838"/>
</kw>
<kw name="Switch Window" library="SeleniumLibrary">
<arg>MAIN</arg>
<doc>Switches to browser window matching ``locator``.</doc>
<status status="PASS" starttime="20240229 09:39:30.839" endtime="20240229 09:39:30.843"/>
</kw>
<status status="PASS" starttime="20240229 09:39:30.295" endtime="20240229 09:39:30.843"/>
</iter>
<iter>
<var name="${i}">5</var>
<kw name="Log To Console" library="BuiltIn">
<arg>${i}</arg>
<doc>Logs the given message to the console.</doc>
<status status="PASS" starttime="20240229 09:39:30.844" endtime="20240229 09:39:30.844"/>
</kw>
<kw name="Get Property Title" library="HomepagePages">
<arg>${i}</arg>
<kw name="Get Text" library="SeleniumLibrary">
<var>${property_title}</var>
<arg>xpath=//div[contains(@class, 'accordion-content') and contains(@class, 'showContent')]/a[${index}]</arg>
<doc>Returns the text value of the element identified by ``locator``.</doc>
<msg timestamp="20240229 09:39:30.865" level="INFO">${property_title} = Kost Disewa</msg>
<status status="PASS" starttime="20240229 09:39:30.845" endtime="20240229 09:39:30.865"/>
</kw>
<kw name="Set Test Variable" library="BuiltIn">
<arg>${property_title}</arg>
<doc>Makes a variable available everywhere within the scope of the current test.</doc>
<msg timestamp="20240229 09:39:30.865" level="INFO">${property_title} = Kost Disewa</msg>
<status status="PASS" starttime="20240229 09:39:30.865" endtime="20240229 09:39:30.866"/>
</kw>
<status status="PASS" starttime="20240229 09:39:30.844" endtime="20240229 09:39:30.866"/>
</kw>
<kw name="Get Property Content Url By Index" library="HomepagePages">
<arg>${i}</arg>
<kw name="Get Element Attribute" library="SeleniumLibrary">
<var>${property_url}</var>
<arg>xpath=//div[contains(@class, 'accordion-content') and contains(@class, 'showContent')]/a[${index}]</arg>
<arg>href</arg>
<doc>Returns the value of ``attribute`` from the element ``locator``.</doc>
<msg timestamp="20240229 09:39:30.878" level="INFO">${property_url} = https://www.99.co/id/sewa/kost</msg>
<status status="PASS" starttime="20240229 09:39:30.866" endtime="20240229 09:39:30.878"/>
</kw>
<kw name="Set Test Variable" library="BuiltIn">
<arg>${property_url}</arg>
<doc>Makes a variable available everywhere within the scope of the current test.</doc>
<msg timestamp="20240229 09:39:30.879" level="INFO">${property_url} = https://www.99.co/id/sewa/kost</msg>
<status status="PASS" starttime="20240229 09:39:30.878" endtime="20240229 09:39:30.879"/>
</kw>
<status status="PASS" starttime="20240229 09:39:30.866" endtime="20240229 09:39:30.879"/>
</kw>
<kw name="Click Property In The New Tab" library="HomepagePages">
<arg>${property_url}</arg>
<kw name="Execute Javascript" library="SeleniumLibrary">
<arg>window.open('${property_url}', '_blank')</arg>
<doc>Executes the given JavaScript code with possible arguments.</doc>
<msg timestamp="20240229 09:39:30.880" level="INFO">Executing JavaScript:
window.open('https://www.99.co/id/sewa/kost', '_blank')
Without any arguments.</msg>
<status status="PASS" starttime="20240229 09:39:30.879" endtime="20240229 09:39:30.906"/>
</kw>
<status status="PASS" starttime="20240229 09:39:30.879" endtime="20240229 09:39:30.907"/>
</kw>
<kw name="Switch Window" library="SeleniumLibrary">
<var>${tab1}</var>
<arg>NEW</arg>
<doc>Switches to browser window matching ``locator``.</doc>
<msg timestamp="20240229 09:39:30.912" level="INFO">${tab1} = 56E84B4B990F6EA56D2EECE563C88406</msg>
<status status="PASS" starttime="20240229 09:39:30.907" endtime="20240229 09:39:30.912"/>
</kw>
<kw name="Verify Redirect To Expected Url" library="PropertyPagePages">
<arg>${property_url}</arg>
<kw name="Location Should Be" library="SeleniumLibrary">
<arg>${Property_url}</arg>
<doc>Verifies that the current URL is exactly ``url``.</doc>
<msg timestamp="20240229 09:39:31.089" level="INFO">Current location is 'https://www.99.co/id/sewa/kost'.</msg>
<status status="PASS" starttime="20240229 09:39:30.913" endtime="20240229 09:39:31.090"/>
</kw>
<status status="PASS" starttime="20240229 09:39:30.913" endtime="20240229 09:39:31.090"/>
</kw>
<kw name="Verify User Already On Property Page Details" library="PropertyPageLogic">
<kw name="Verify Search Bar" library="PropertyPagePages">
<kw name="Wait Until Element Is Visible" library="SeleniumLibrary">
<arg>name=search-bar</arg>
<arg>timeout=${MIN_TIMEOUT}</arg>
<doc>Waits until the element ``locator`` is visible.</doc>
<status status="PASS" starttime="20240229 09:39:31.091" endtime="20240229 09:39:31.240"/>
</kw>
<status status="PASS" starttime="20240229 09:39:31.090" endtime="20240229 09:39:31.241"/>
</kw>
<kw name="Verify Filter Section" library="PropertyPagePages">
<kw name="Wait Until Element Is Visible" library="SeleniumLibrary">
<arg>class=filterOuter</arg>
<arg>timeout=${MIN_TIMEOUT}</arg>
<doc>Waits until the element ``locator`` is visible.</doc>
<status status="PASS" starttime="20240229 09:39:31.241" endtime="20240229 09:39:31.255"/>
</kw>
<status status="PASS" starttime="20240229 09:39:31.241" endtime="20240229 09:39:31.255"/>
</kw>
<kw name="Verify Filter Quick Section" library="PropertyPagePages">
<kw name="Wait Until Element Is Visible" library="SeleniumLibrary">
<arg>class=FilterQuick</arg>
<arg>timeout=${MIN_TIMEOUT}</arg>
<doc>Waits until the element ``locator`` is visible.</doc>
<status status="PASS" starttime="20240229 09:39:31.255" endtime="20240229 09:39:31.267"/>
</kw>
<status status="PASS" starttime="20240229 09:39:31.255" endtime="20240229 09:39:31.267"/>
</kw>
<kw name="Verify Filter Sorting Section" library="PropertyPagePages">
<kw name="Wait Until Element Is Visible" library="SeleniumLibrary">
<arg>class=FilterQuick__sort</arg>
<arg>timeout=${MIN_TIMEOUT}</arg>
<doc>Waits until the element ``locator`` is visible.</doc>
<status status="PASS" starttime="20240229 09:39:31.267" endtime="20240229 09:39:31.290"/>
</kw>
<status status="PASS" starttime="20240229 09:39:31.267" endtime="20240229 09:39:31.290"/>
</kw>
<status status="PASS" starttime="20240229 09:39:31.090" endtime="20240229 09:39:31.290"/>
</kw>
<kw name="Run Keyword And Ignore Error" library="BuiltIn">
<arg>PropertyPagePages.Verify Property Page Title</arg>
<arg>${property_title}</arg>
<doc>Runs the given keyword with the given arguments and ignores possible error.</doc>
<kw name="Verify Property Page Title" library="PropertyPagePages">
<arg>${property_title}</arg>
<kw name="Element Should Contain" library="SeleniumLibrary">
<arg>xpath=//div[@class="row"]//h1</arg>
<arg>${saleProperty_title} di Indonesia</arg>
<doc>Verifies that element ``locator`` contains text ``expected``.</doc>
<msg timestamp="20240229 09:39:31.302" level="FAIL">Element 'xpath=//div[@class="row"]//h1' should have contained text 'Kost Disewa di Indonesia' but its text was 'Sewa Kost'.</msg>
<status status="FAIL" starttime="20240229 09:39:31.290" endtime="20240229 09:39:31.302"/>
</kw>
<status status="FAIL" starttime="20240229 09:39:31.290" endtime="20240229 09:39:31.302"/>
</kw>
<status status="PASS" starttime="20240229 09:39:31.290" endtime="20240229 09:39:31.302"/>
</kw>
<kw name="Close Window" library="SeleniumLibrary">
<doc>Closes currently opened and selected browser window/tab.</doc>
<status status="PASS" starttime="20240229 09:39:31.302" endtime="20240229 09:39:31.355"/>
</kw>
<kw name="Switch Window" library="SeleniumLibrary">
<arg>MAIN</arg>
<doc>Switches to browser window matching ``locator``.</doc>
<status status="PASS" starttime="20240229 09:39:31.355" endtime="20240229 09:39:31.359"/>
</kw>
<status status="PASS" starttime="20240229 09:39:30.844" endtime="20240229 09:39:31.359"/>
</iter>
<iter>
<var name="${i}">6</var>
<kw name="Log To Console" library="BuiltIn">
<arg>${i}</arg>
<doc>Logs the given message to the console.</doc>
<status status="PASS" starttime="20240229 09:39:31.359" endtime="20240229 09:39:31.360"/>
</kw>
<kw name="Get Property Title" library="HomepagePages">
<arg>${i}</arg>
<kw name="Get Text" library="SeleniumLibrary">
<var>${property_title}</var>
<arg>xpath=//div[contains(@class, 'accordion-content') and contains(@class, 'showContent')]/a[${index}]</arg>
<doc>Returns the text value of the element identified by ``locator``.</doc>
<msg timestamp="20240229 09:39:31.376" level="INFO">${property_title} = Villa Disewa</msg>
<status status="PASS" starttime="20240229 09:39:31.360" endtime="20240229 09:39:31.376"/>
</kw>
<kw name="Set Test Variable" library="BuiltIn">
<arg>${property_title}</arg>
<doc>Makes a variable available everywhere within the scope of the current test.</doc>
<msg timestamp="20240229 09:39:31.376" level="INFO">${property_title} = Villa Disewa</msg>
<status status="PASS" starttime="20240229 09:39:31.376" endtime="20240229 09:39:31.376"/>
</kw>
<status status="PASS" starttime="20240229 09:39:31.360" endtime="20240229 09:39:31.376"/>
</kw>
<kw name="Get Property Content Url By Index" library="HomepagePages">
<arg>${i}</arg>
<kw name="Get Element Attribute" library="SeleniumLibrary">
<var>${property_url}</var>
<arg>xpath=//div[contains(@class, 'accordion-content') and contains(@class, 'showContent')]/a[${index}]</arg>
<arg>href</arg>
<doc>Returns the value of ``attribute`` from the element ``locator``.</doc>
<msg timestamp="20240229 09:39:31.388" level="INFO">${property_url} = https://www.99.co/id/sewa/vila</msg>
<status status="PASS" starttime="20240229 09:39:31.377" endtime="20240229 09:39:31.388"/>
</kw>
<kw name="Set Test Variable" library="BuiltIn">
<arg>${property_url}</arg>
<doc>Makes a variable available everywhere within the scope of the current test.</doc>
<msg timestamp="20240229 09:39:31.389" level="INFO">${property_url} = https://www.99.co/id/sewa/vila</msg>
<status status="PASS" starttime="20240229 09:39:31.388" endtime="20240229 09:39:31.389"/>
</kw>
<status status="PASS" starttime="20240229 09:39:31.377" endtime="20240229 09:39:31.389"/>
</kw>
<kw name="Click Property In The New Tab" library="HomepagePages">
<arg>${property_url}</arg>
<kw name="Execute Javascript" library="SeleniumLibrary">
<arg>window.open('${property_url}', '_blank')</arg>
<doc>Executes the given JavaScript code with possible arguments.</doc>
<msg timestamp="20240229 09:39:31.390" level="INFO">Executing JavaScript:
window.open('https://www.99.co/id/sewa/vila', '_blank')
Without any arguments.</msg>
<status status="PASS" starttime="20240229 09:39:31.389" endtime="20240229 09:39:31.413"/>
</kw>
<status status="PASS" starttime="20240229 09:39:31.389" endtime="20240229 09:39:31.413"/>
</kw>
<kw name="Switch Window" library="SeleniumLibrary">
<var>${tab1}</var>
<arg>NEW</arg>
<doc>Switches to browser window matching ``locator``.</doc>
<msg timestamp="20240229 09:39:31.421" level="INFO">${tab1} = 56E84B4B990F6EA56D2EECE563C88406</msg>
<status status="PASS" starttime="20240229 09:39:31.414" endtime="20240229 09:39:31.421"/>
</kw>
<kw name="Verify Redirect To Expected Url" library="PropertyPagePages">
<arg>${property_url}</arg>
<kw name="Location Should Be" library="SeleniumLibrary">
<arg>${Property_url}</arg>
<doc>Verifies that the current URL is exactly ``url``.</doc>
<msg timestamp="20240229 09:39:31.578" level="INFO">Current location is 'https://www.99.co/id/sewa/vila'.</msg>
<status status="PASS" starttime="20240229 09:39:31.421" endtime="20240229 09:39:31.578"/>
</kw>
<status status="PASS" starttime="20240229 09:39:31.421" endtime="20240229 09:39:31.578"/>
</kw>
<kw name="Verify User Already On Property Page Details" library="PropertyPageLogic">
<kw name="Verify Search Bar" library="PropertyPagePages">
<kw name="Wait Until Element Is Visible" library="SeleniumLibrary">
<arg>name=search-bar</arg>
<arg>timeout=${MIN_TIMEOUT}</arg>
<doc>Waits until the element ``locator`` is visible.</doc>
<status status="PASS" starttime="20240229 09:39:31.579" endtime="20240229 09:39:31.728"/>
</kw>
<status status="PASS" starttime="20240229 09:39:31.578" endtime="20240229 09:39:31.728"/>
</kw>
<kw name="Verify Filter Section" library="PropertyPagePages">
<kw name="Wait Until Element Is Visible" library="SeleniumLibrary">
<arg>class=filterOuter</arg>
<arg>timeout=${MIN_TIMEOUT}</arg>
<doc>Waits until the element ``locator`` is visible.</doc>
<status status="PASS" starttime="20240229 09:39:31.729" endtime="20240229 09:39:31.747"/>
</kw>
<status status="PASS" starttime="20240229 09:39:31.728" endtime="20240229 09:39:31.747"/>
</kw>
<kw name="Verify Filter Quick Section" library="PropertyPagePages">
<kw name="Wait Until Element Is Visible" library="SeleniumLibrary">
<arg>class=FilterQuick</arg>
<arg>timeout=${MIN_TIMEOUT}</arg>
<doc>Waits until the element ``locator`` is visible.</doc>
<status status="PASS" starttime="20240229 09:39:31.748" endtime="20240229 09:39:31.761"/>
</kw>
<status status="PASS" starttime="20240229 09:39:31.748" endtime="20240229 09:39:31.761"/>
</kw>
<kw name="Verify Filter Sorting Section" library="PropertyPagePages">
<kw name="Wait Until Element Is Visible" library="SeleniumLibrary">
<arg>class=FilterQuick__sort</arg>
<arg>timeout=${MIN_TIMEOUT}</arg>
<doc>Waits until the element ``locator`` is visible.</doc>
<status status="PASS" starttime="20240229 09:39:31.762" endtime="20240229 09:39:31.773"/>
</kw>
<status status="PASS" starttime="20240229 09:39:31.761" endtime="20240229 09:39:31.773"/>
</kw>
<status status="PASS" starttime="20240229 09:39:31.578" endtime="20240229 09:39:31.773"/>
</kw>
<kw name="Run Keyword And Ignore Error" library="BuiltIn">
<arg>PropertyPagePages.Verify Property Page Title</arg>
<arg>${property_title}</arg>
<doc>Runs the given keyword with the given arguments and ignores possible error.</doc>
<kw name="Verify Property Page Title" library="PropertyPagePages">
<arg>${property_title}</arg>
<kw name="Element Should Contain" library="SeleniumLibrary">
<arg>xpath=//div[@class="row"]//h1</arg>
<arg>${saleProperty_title} di Indonesia</arg>
<doc>Verifies that element ``locator`` contains text ``expected``.</doc>
<msg timestamp="20240229 09:39:31.787" level="FAIL">Element 'xpath=//div[@class="row"]//h1' should have contained text 'Villa Disewa di Indonesia' but its text was 'Sewa Villa di Indonesia'.</msg>
<status status="FAIL" starttime="20240229 09:39:31.774" endtime="20240229 09:39:31.788"/>
</kw>
<status status="FAIL" starttime="20240229 09:39:31.774" endtime="20240229 09:39:31.788"/>
</kw>
<status status="PASS" starttime="20240229 09:39:31.773" endtime="20240229 09:39:31.788"/>
</kw>
<kw name="Close Window" library="SeleniumLibrary">
<doc>Closes currently opened and selected browser window/tab.</doc>
<status status="PASS" starttime="20240229 09:39:31.788" endtime="20240229 09:39:31.840"/>
</kw>
<kw name="Switch Window" library="SeleniumLibrary">
<arg>MAIN</arg>
<doc>Switches to browser window matching ``locator``.</doc>
<status status="PASS" starttime="20240229 09:39:31.840" endtime="20240229 09:39:31.844"/>
</kw>
<status status="PASS" starttime="20240229 09:39:31.359" endtime="20240229 09:39:31.844"/>
</iter>
<iter>
<var name="${i}">7</var>
<kw name="Log To Console" library="BuiltIn">
<arg>${i}</arg>
<doc>Logs the given message to the console.</doc>
<status status="PASS" starttime="20240229 09:39:31.844" endtime="20240229 09:39:31.844"/>
</kw>
<kw name="Get Property Title" library="HomepagePages">
<arg>${i}</arg>
<kw name="Get Text" library="SeleniumLibrary">
<var>${property_title}</var>
<arg>xpath=//div[contains(@class, 'accordion-content') and contains(@class, 'showContent')]/a[${index}]</arg>
<doc>Returns the text value of the element identified by ``locator``.</doc>
<msg timestamp="20240229 09:39:31.861" level="INFO">${property_title} = Komersial Disewa</msg>
<status status="PASS" starttime="20240229 09:39:31.845" endtime="20240229 09:39:31.861"/>
</kw>
<kw name="Set Test Variable" library="BuiltIn">
<arg>${property_title}</arg>
<doc>Makes a variable available everywhere within the scope of the current test.</doc>
<msg timestamp="20240229 09:39:31.861" level="INFO">${property_title} = Komersial Disewa</msg>
<status status="PASS" starttime="20240229 09:39:31.861" endtime="20240229 09:39:31.861"/>
</kw>
<status status="PASS" starttime="20240229 09:39:31.844" endtime="20240229 09:39:31.861"/>
</kw>
<kw name="Get Property Content Url By Index" library="HomepagePages">
<arg>${i}</arg>
<kw name="Get Element Attribute" library="SeleniumLibrary">
<var>${property_url}</var>
<arg>xpath=//div[contains(@class, 'accordion-content') and contains(@class, 'showContent')]/a[${index}]</arg>
<arg>href</arg>
<doc>Returns the value of ``attribute`` from the element ``locator``.</doc>
<msg timestamp="20240229 09:39:31.873" level="INFO">${property_url} = https://www.99.co/id/sewa/komersial</msg>
<status status="PASS" starttime="20240229 09:39:31.862" endtime="20240229 09:39:31.873"/>
</kw>
<kw name="Set Test Variable" library="BuiltIn">
<arg>${property_url}</arg>
<doc>Makes a variable available everywhere within the scope of the current test.</doc>
<msg timestamp="20240229 09:39:31.874" level="INFO">${property_url} = https://www.99.co/id/sewa/komersial</msg>
<status status="PASS" starttime="20240229 09:39:31.874" endtime="20240229 09:39:31.874"/>
</kw>
<status status="PASS" starttime="20240229 09:39:31.862" endtime="20240229 09:39:31.874"/>
</kw>
<kw name="Click Property In The New Tab" library="HomepagePages">
<arg>${property_url}</arg>
<kw name="Execute Javascript" library="SeleniumLibrary">
<arg>window.open('${property_url}', '_blank')</arg>
<doc>Executes the given JavaScript code with possible arguments.</doc>
<msg timestamp="20240229 09:39:31.875" level="INFO">Executing JavaScript:
window.open('https://www.99.co/id/sewa/komersial', '_blank')
Without any arguments.</msg>
<status status="PASS" starttime="20240229 09:39:31.874" endtime="20240229 09:39:31.898"/>
</kw>
<status status="PASS" starttime="20240229 09:39:31.874" endtime="20240229 09:39:31.898"/>
</kw>
<kw name="Switch Window" library="SeleniumLibrary">
<var>${tab1}</var>
<arg>NEW</arg>
<doc>Switches to browser window matching ``locator``.</doc>
<msg timestamp="20240229 09:39:31.905" level="INFO">${tab1} = 56E84B4B990F6EA56D2EECE563C88406</msg>
<status status="PASS" starttime="20240229 09:39:31.899" endtime="20240229 09:39:31.905"/>
</kw>
<kw name="Verify Redirect To Expected Url" library="PropertyPagePages">
<arg>${property_url}</arg>
<kw name="Location Should Be" library="SeleniumLibrary">
<arg>${Property_url}</arg>
<doc>Verifies that the current URL is exactly ``url``.</doc>
<msg timestamp="20240229 09:39:32.128" level="INFO">Current location is 'https://www.99.co/id/sewa/komersial'.</msg>
<status status="PASS" starttime="20240229 09:39:31.906" endtime="20240229 09:39:32.128"/>
</kw>
<status status="PASS" starttime="20240229 09:39:31.906" endtime="20240229 09:39:32.128"/>
</kw>
<kw name="Verify User Already On Property Page Details" library="PropertyPageLogic">
<kw name="Verify Search Bar" library="PropertyPagePages">
<kw name="Wait Until Element Is Visible" library="SeleniumLibrary">
<arg>name=search-bar</arg>
<arg>timeout=${MIN_TIMEOUT}</arg>
<doc>Waits until the element ``locator`` is visible.</doc>
<status status="PASS" starttime="20240229 09:39:32.129" endtime="20240229 09:39:32.270"/>
</kw>
<status status="PASS" starttime="20240229 09:39:32.128" endtime="20240229 09:39:32.270"/>
</kw>
<kw name="Verify Filter Section" library="PropertyPagePages">
<kw name="Wait Until Element Is Visible" library="SeleniumLibrary">
<arg>class=filterOuter</arg>
<arg>timeout=${MIN_TIMEOUT}</arg>
<doc>Waits until the element ``locator`` is visible.</doc>
<status status="PASS" starttime="20240229 09:39:32.270" endtime="20240229 09:39:32.282"/>
</kw>
<status status="PASS" starttime="20240229 09:39:32.270" endtime="20240229 09:39:32.282"/>
</kw>
<kw name="Verify Filter Quick Section" library="PropertyPagePages">
<kw name="Wait Until Element Is Visible" library="SeleniumLibrary">
<arg>class=FilterQuick</arg>
<arg>timeout=${MIN_TIMEOUT}</arg>
<doc>Waits until the element ``locator`` is visible.</doc>
<status status="PASS" starttime="20240229 09:39:32.283" endtime="20240229 09:39:32.295"/>
</kw>
<status status="PASS" starttime="20240229 09:39:32.282" endtime="20240229 09:39:32.295"/>
</kw>
<kw name="Verify Filter Sorting Section" library="PropertyPagePages">
<kw name="Wait Until Element Is Visible" library="SeleniumLibrary">
<arg>class=FilterQuick__sort</arg>
<arg>timeout=${MIN_TIMEOUT}</arg>
<doc>Waits until the element ``locator`` is visible.</doc>
<status status="PASS" starttime="20240229 09:39:32.295" endtime="20240229 09:39:32.307"/>
</kw>
<status status="PASS" starttime="20240229 09:39:32.295" endtime="20240229 09:39:32.307"/>
</kw>
<status status="PASS" starttime="20240229 09:39:32.128" endtime="20240229 09:39:32.307"/>
</kw>
<kw name="Run Keyword And Ignore Error" library="BuiltIn">
<arg>PropertyPagePages.Verify Property Page Title</arg>
<arg>${property_title}</arg>
<doc>Runs the given keyword with the given arguments and ignores possible error.</doc>
<kw name="Verify Property Page Title" library="PropertyPagePages">
<arg>${property_title}</arg>
<kw name="Element Should Contain" library="SeleniumLibrary">
<arg>xpath=//div[@class="row"]//h1</arg>
<arg>${saleProperty_title} di Indonesia</arg>
<doc>Verifies that element ``locator`` contains text ``expected``.</doc>
<msg timestamp="20240229 09:39:32.320" level="FAIL">Element 'xpath=//div[@class="row"]//h1' should have contained text 'Komersial Disewa di Indonesia' but its text was 'Sewa Komersial'.</msg>
<status status="FAIL" starttime="20240229 09:39:32.308" endtime="20240229 09:39:32.320"/>
</kw>
<status status="FAIL" starttime="20240229 09:39:32.307" endtime="20240229 09:39:32.320"/>
</kw>
<status status="PASS" starttime="20240229 09:39:32.307" endtime="20240229 09:39:32.320"/>
</kw>
<kw name="Close Window" library="SeleniumLibrary">
<doc>Closes currently opened and selected browser window/tab.</doc>
<status status="PASS" starttime="20240229 09:39:32.320" endtime="20240229 09:39:32.375"/>
</kw>
<kw name="Switch Window" library="SeleniumLibrary">
<arg>MAIN</arg>
<doc>Switches to browser window matching ``locator``.</doc>
<status status="PASS" starttime="20240229 09:39:32.375" endtime="20240229 09:39:32.379"/>
</kw>
<status status="PASS" starttime="20240229 09:39:31.844" endtime="20240229 09:39:32.380"/>
</iter>
<iter>
<var name="${i}">8</var>
<kw name="Log To Console" library="BuiltIn">
<arg>${i}</arg>
<doc>Logs the given message to the console.</doc>
<status status="PASS" starttime="20240229 09:39:32.380" endtime="20240229 09:39:32.380"/>
</kw>
<kw name="Get Property Title" library="HomepagePages">
<arg>${i}</arg>
<kw name="Get Text" library="SeleniumLibrary">
<var>${property_title}</var>
<arg>xpath=//div[contains(@class, 'accordion-content') and contains(@class, 'showContent')]/a[${index}]</arg>
<doc>Returns the text value of the element identified by ``locator``.</doc>
<msg timestamp="20240229 09:39:32.400" level="INFO">${property_title} = Ruang Kantor Disewa</msg>
<status status="PASS" starttime="20240229 09:39:32.381" endtime="20240229 09:39:32.400"/>
</kw>
<kw name="Set Test Variable" library="BuiltIn">
<arg>${property_title}</arg>
<doc>Makes a variable available everywhere within the scope of the current test.</doc>
<msg timestamp="20240229 09:39:32.401" level="INFO">${property_title} = Ruang Kantor Disewa</msg>
<status status="PASS" starttime="20240229 09:39:32.400" endtime="20240229 09:39:32.401"/>
</kw>
<status status="PASS" starttime="20240229 09:39:32.380" endtime="20240229 09:39:32.401"/>
</kw>
<kw name="Get Property Content Url By Index" library="HomepagePages">
<arg>${i}</arg>
<kw name="Get Element Attribute" library="SeleniumLibrary">
<var>${property_url}</var>
<arg>xpath=//div[contains(@class, 'accordion-content') and contains(@class, 'showContent')]/a[${index}]</arg>
<arg>href</arg>
<doc>Returns the value of ``attribute`` from the element ``locator``.</doc>
<msg timestamp="20240229 09:39:32.414" level="INFO">${property_url} = https://www.99.co/id/sewa/ruang-kantor</msg>
<status status="PASS" starttime="20240229 09:39:32.401" endtime="20240229 09:39:32.414"/>
</kw>
<kw name="Set Test Variable" library="BuiltIn">
<arg>${property_url}</arg>
<doc>Makes a variable available everywhere within the scope of the current test.</doc>
<msg timestamp="20240229 09:39:32.414" level="INFO">${property_url} = https://www.99.co/id/sewa/ruang-kantor</msg>
<status status="PASS" starttime="20240229 09:39:32.414" endtime="20240229 09:39:32.414"/>
</kw>
<status status="PASS" starttime="20240229 09:39:32.401" endtime="20240229 09:39:32.414"/>
</kw>
<kw name="Click Property In The New Tab" library="HomepagePages">
<arg>${property_url}</arg>
<kw name="Execute Javascript" library="SeleniumLibrary">
<arg>window.open('${property_url}', '_blank')</arg>
<doc>Executes the given JavaScript code with possible arguments.</doc>
<msg timestamp="20240229 09:39:32.415" level="INFO">Executing JavaScript:
window.open('https://www.99.co/id/sewa/ruang-kantor', '_blank')
Without any arguments.</msg>
<status status="PASS" starttime="20240229 09:39:32.415" endtime="20240229 09:39:32.440"/>
</kw>
<status status="PASS" starttime="20240229 09:39:32.415" endtime="20240229 09:39:32.440"/>
</kw>
<kw name="Switch Window" library="SeleniumLibrary">
<var>${tab1}</var>
<arg>NEW</arg>
<doc>Switches to browser window matching ``locator``.</doc>
<msg timestamp="20240229 09:39:32.446" level="INFO">${tab1} = 56E84B4B990F6EA56D2EECE563C88406</msg>
<status status="PASS" starttime="20240229 09:39:32.440" endtime="20240229 09:39:32.446"/>
</kw>
<kw name="Verify Redirect To Expected Url" library="PropertyPagePages">
<arg>${property_url}</arg>
<kw name="Location Should Be" library="SeleniumLibrary">
<arg>${Property_url}</arg>
<doc>Verifies that the current URL is exactly ``url``.</doc>
<msg timestamp="20240229 09:39:32.651" level="INFO">Current location is 'https://www.99.co/id/sewa/ruang-kantor'.</msg>
<status status="PASS" starttime="20240229 09:39:32.447" endtime="20240229 09:39:32.651"/>
</kw>
<status status="PASS" starttime="20240229 09:39:32.446" endtime="20240229 09:39:32.651"/>
</kw>
<kw name="Verify User Already On Property Page Details" library="PropertyPageLogic">
<kw name="Verify Search Bar" library="PropertyPagePages">
<kw name="Wait Until Element Is Visible" library="SeleniumLibrary">
<arg>name=search-bar</arg>
<arg>timeout=${MIN_TIMEOUT}</arg>
<doc>Waits until the element ``locator`` is visible.</doc>
<status status="PASS" starttime="20240229 09:39:32.652" endtime="20240229 09:39:32.784"/>
</kw>
<status status="PASS" starttime="20240229 09:39:32.652" endtime="20240229 09:39:32.784"/>
</kw>
<kw name="Verify Filter Section" library="PropertyPagePages">
<kw name="Wait Until Element Is Visible" library="SeleniumLibrary">
<arg>class=filterOuter</arg>
<arg>timeout=${MIN_TIMEOUT}</arg>
<doc>Waits until the element ``locator`` is visible.</doc>
<status status="PASS" starttime="20240229 09:39:32.785" endtime="20240229 09:39:32.797"/>
</kw>
<status status="PASS" starttime="20240229 09:39:32.784" endtime="20240229 09:39:32.798"/>
</kw>
<kw name="Verify Filter Quick Section" library="PropertyPagePages">
<kw name="Wait Until Element Is Visible" library="SeleniumLibrary">
<arg>class=FilterQuick</arg>
<arg>timeout=${MIN_TIMEOUT}</arg>
<doc>Waits until the element ``locator`` is visible.</doc>
<status status="PASS" starttime="20240229 09:39:32.798" endtime="20240229 09:39:32.810"/>
</kw>
<status status="PASS" starttime="20240229 09:39:32.798" endtime="20240229 09:39:32.810"/>
</kw>
<kw name="Verify Filter Sorting Section" library="PropertyPagePages">
<kw name="Wait Until Element Is Visible" library="SeleniumLibrary">
<arg>class=FilterQuick__sort</arg>
<arg>timeout=${MIN_TIMEOUT}</arg>
<doc>Waits until the element ``locator`` is visible.</doc>
<status status="PASS" starttime="20240229 09:39:32.810" endtime="20240229 09:39:32.822"/>
</kw>
<status status="PASS" starttime="20240229 09:39:32.810" endtime="20240229 09:39:32.822"/>
</kw>
<status status="PASS" starttime="20240229 09:39:32.652" endtime="20240229 09:39:32.822"/>
</kw>
<kw name="Run Keyword And Ignore Error" library="BuiltIn">
<arg>PropertyPagePages.Verify Property Page Title</arg>
<arg>${property_title}</arg>
<doc>Runs the given keyword with the given arguments and ignores possible error.</doc>
<kw name="Verify Property Page Title" library="PropertyPagePages">
<arg>${property_title}</arg>
<kw name="Element Should Contain" library="SeleniumLibrary">
<arg>xpath=//div[@class="row"]//h1</arg>
<arg>${saleProperty_title} di Indonesia</arg>
<doc>Verifies that element ``locator`` contains text ``expected``.</doc>
<msg timestamp="20240229 09:39:32.844" level="FAIL">Element 'xpath=//div[@class="row"]//h1' should have contained text 'Ruang Kantor Disewa di Indonesia' but its text was 'Sewa Ruang Kantor di Indonesia'.</msg>
<status status="FAIL" starttime="20240229 09:39:32.823" endtime="20240229 09:39:32.845"/>
</kw>
<status status="FAIL" starttime="20240229 09:39:32.822" endtime="20240229 09:39:32.845"/>
</kw>
<status status="PASS" starttime="20240229 09:39:32.822" endtime="20240229 09:39:32.845"/>
</kw>
<kw name="Close Window" library="SeleniumLibrary">
<doc>Closes currently opened and selected browser window/tab.</doc>
<status status="PASS" starttime="20240229 09:39:32.845" endtime="20240229 09:39:32.900"/>
</kw>
<kw name="Switch Window" library="SeleniumLibrary">
<arg>MAIN</arg>
<doc>Switches to browser window matching ``locator``.</doc>
<status status="PASS" starttime="20240229 09:39:32.900" endtime="20240229 09:39:32.905"/>
</kw>
<status status="PASS" starttime="20240229 09:39:32.380" endtime="20240229 09:39:32.905"/>
</iter>
<iter>
<var name="${i}">9</var>
<kw name="Log To Console" library="BuiltIn">
<arg>${i}</arg>
<doc>Logs the given message to the console.</doc>
<status status="PASS" starttime="20240229 09:39:32.905" endtime="20240229 09:39:32.905"/>
</kw>
<kw name="Get Property Title" library="HomepagePages">
<arg>${i}</arg>
<kw name="Get Text" library="SeleniumLibrary">
<var>${property_title}</var>
<arg>xpath=//div[contains(@class, 'accordion-content') and contains(@class, 'showContent')]/a[${index}]</arg>
<doc>Returns the text value of the element identified by ``locator``.</doc>
<msg timestamp="20240229 09:39:32.924" level="INFO">${property_title} = Gudang Disewa</msg>
<status status="PASS" starttime="20240229 09:39:32.906" endtime="20240229 09:39:32.924"/>
</kw>
<kw name="Set Test Variable" library="BuiltIn">
<arg>${property_title}</arg>
<doc>Makes a variable available everywhere within the scope of the current test.</doc>
<msg timestamp="20240229 09:39:32.924" level="INFO">${property_title} = Gudang Disewa</msg>
<status status="PASS" starttime="20240229 09:39:32.924" endtime="20240229 09:39:32.924"/>
</kw>
<status status="PASS" starttime="20240229 09:39:32.906" endtime="20240229 09:39:32.924"/>
</kw>
<kw name="Get Property Content Url By Index" library="HomepagePages">
<arg>${i}</arg>
<kw name="Get Element Attribute" library="SeleniumLibrary">
<var>${property_url}</var>
<arg>xpath=//div[contains(@class, 'accordion-content') and contains(@class, 'showContent')]/a[${index}]</arg>
<arg>href</arg>
<doc>Returns the value of ``attribute`` from the element ``locator``.</doc>
<msg timestamp="20240229 09:39:32.939" level="INFO">${property_url} = https://www.99.co/id/sewa/gudang</msg>
<status status="PASS" starttime="20240229 09:39:32.925" endtime="20240229 09:39:32.939"/>
</kw>
<kw name="Set Test Variable" library="BuiltIn">
<arg>${property_url}</arg>
<doc>Makes a variable available everywhere within the scope of the current test.</doc>
<msg timestamp="20240229 09:39:32.939" level="INFO">${property_url} = https://www.99.co/id/sewa/gudang</msg>
<status status="PASS" starttime="20240229 09:39:32.939" endtime="20240229 09:39:32.939"/>
</kw>
<status status="PASS" starttime="20240229 09:39:32.924" endtime="20240229 09:39:32.940"/>
</kw>
<kw name="Click Property In The New Tab" library="HomepagePages">
<arg>${property_url}</arg>
<kw name="Execute Javascript" library="SeleniumLibrary">
<arg>window.open('${property_url}', '_blank')</arg>
<doc>Executes the given JavaScript code with possible arguments.</doc>
<msg timestamp="20240229 09:39:32.941" level="INFO">Executing JavaScript:
window.open('https://www.99.co/id/sewa/gudang', '_blank')
Without any arguments.</msg>
<status status="PASS" starttime="20240229 09:39:32.940" endtime="20240229 09:39:32.968"/>
</kw>
<status status="PASS" starttime="20240229 09:39:32.940" endtime="20240229 09:39:32.968"/>
</kw>
<kw name="Switch Window" library="SeleniumLibrary">
<var>${tab1}</var>
<arg>NEW</arg>
<doc>Switches to browser window matching ``locator``.</doc>
<msg timestamp="20240229 09:39:32.974" level="INFO">${tab1} = 56E84B4B990F6EA56D2EECE563C88406</msg>
<status status="PASS" starttime="20240229 09:39:32.968" endtime="20240229 09:39:32.974"/>
</kw>
<kw name="Verify Redirect To Expected Url" library="PropertyPagePages">
<arg>${property_url}</arg>
<kw name="Location Should Be" library="SeleniumLibrary">
<arg>${Property_url}</arg>
<doc>Verifies that the current URL is exactly ``url``.</doc>
<msg timestamp="20240229 09:39:33.154" level="INFO">Current location is 'https://www.99.co/id/sewa/gudang'.</msg>
<status status="PASS" starttime="20240229 09:39:32.975" endtime="20240229 09:39:33.154"/>
</kw>
<status status="PASS" starttime="20240229 09:39:32.974" endtime="20240229 09:39:33.155"/>
</kw>
<kw name="Verify User Already On Property Page Details" library="PropertyPageLogic">
<kw name="Verify Search Bar" library="PropertyPagePages">
<kw name="Wait Until Element Is Visible" library="SeleniumLibrary">
<arg>name=search-bar</arg>
<arg>timeout=${MIN_TIMEOUT}</arg>
<doc>Waits until the element ``locator`` is visible.</doc>
<status status="PASS" starttime="20240229 09:39:33.155" endtime="20240229 09:39:33.306"/>
</kw>
<status status="PASS" starttime="20240229 09:39:33.155" endtime="20240229 09:39:33.306"/>
</kw>
<kw name="Verify Filter Section" library="PropertyPagePages">
<kw name="Wait Until Element Is Visible" library="SeleniumLibrary">
<arg>class=filterOuter</arg>
<arg>timeout=${MIN_TIMEOUT}</arg>
<doc>Waits until the element ``locator`` is visible.</doc>
<status status="PASS" starttime="20240229 09:39:33.307" endtime="20240229 09:39:33.320"/>
</kw>
<status status="PASS" starttime="20240229 09:39:33.306" endtime="20240229 09:39:33.320"/>
</kw>
<kw name="Verify Filter Quick Section" library="PropertyPagePages">
<kw name="Wait Until Element Is Visible" library="SeleniumLibrary">
<arg>class=FilterQuick</arg>
<arg>timeout=${MIN_TIMEOUT}</arg>
<doc>Waits until the element ``locator`` is visible.</doc>
<status status="PASS" starttime="20240229 09:39:33.321" endtime="20240229 09:39:33.332"/>
</kw>
<status status="PASS" starttime="20240229 09:39:33.320" endtime="20240229 09:39:33.333"/>
</kw>
<kw name="Verify Filter Sorting Section" library="PropertyPagePages">
<kw name="Wait Until Element Is Visible" library="SeleniumLibrary">
<arg>class=FilterQuick__sort</arg>
<arg>timeout=${MIN_TIMEOUT}</arg>
<doc>Waits until the element ``locator`` is visible.</doc>
<status status="PASS" starttime="20240229 09:39:33.333" endtime="20240229 09:39:33.360"/>
</kw>
<status status="PASS" starttime="20240229 09:39:33.333" endtime="20240229 09:39:33.360"/>
</kw>
<status status="PASS" starttime="20240229 09:39:33.155" endtime="20240229 09:39:33.360"/>
</kw>
<kw name="Run Keyword And Ignore Error" library="BuiltIn">
<arg>PropertyPagePages.Verify Property Page Title</arg>
<arg>${property_title}</arg>
<doc>Runs the given keyword with the given arguments and ignores possible error.</doc>
<kw name="Verify Property Page Title" library="PropertyPagePages">
<arg>${property_title}</arg>
<kw name="Element Should Contain" library="SeleniumLibrary">
<arg>xpath=//div[@class="row"]//h1</arg>
<arg>${saleProperty_title} di Indonesia</arg>
<doc>Verifies that element ``locator`` contains text ``expected``.</doc>
<msg timestamp="20240229 09:39:33.373" level="FAIL">Element 'xpath=//div[@class="row"]//h1' should have contained text 'Gudang Disewa di Indonesia' but its text was 'Sewa Gudang di Indonesia'.</msg>
<status status="FAIL" starttime="20240229 09:39:33.361" endtime="20240229 09:39:33.373"/>
</kw>
<status status="FAIL" starttime="20240229 09:39:33.360" endtime="20240229 09:39:33.373"/>
</kw>
<status status="PASS" starttime="20240229 09:39:33.360" endtime="20240229 09:39:33.373"/>
</kw>
<kw name="Close Window" library="SeleniumLibrary">
<doc>Closes currently opened and selected browser window/tab.</doc>
<status status="PASS" starttime="20240229 09:39:33.373" endtime="20240229 09:39:33.426"/>
</kw>
<kw name="Switch Window" library="SeleniumLibrary">
<arg>MAIN</arg>
<doc>Switches to browser window matching ``locator``.</doc>
<status status="PASS" starttime="20240229 09:39:33.426" endtime="20240229 09:39:33.429"/>
</kw>
<status status="PASS" starttime="20240229 09:39:32.905" endtime="20240229 09:39:33.429"/>
</iter>
<iter>
<var name="${i}">10</var>
<kw name="Log To Console" library="BuiltIn">
<arg>${i}</arg>
<doc>Logs the given message to the console.</doc>
<status status="PASS" starttime="20240229 09:39:33.430" endtime="20240229 09:39:33.430"/>
</kw>
<kw name="Get Property Title" library="HomepagePages">
<arg>${i}</arg>
<kw name="Get Text" library="SeleniumLibrary">
<var>${property_title}</var>
<arg>xpath=//div[contains(@class, 'accordion-content') and contains(@class, 'showContent')]/a[${index}]</arg>
<doc>Returns the text value of the element identified by ``locator``.</doc>
<msg timestamp="20240229 09:39:33.447" level="INFO">${property_title} = Hotel Disewa</msg>
<status status="PASS" starttime="20240229 09:39:33.430" endtime="20240229 09:39:33.447"/>
</kw>
<kw name="Set Test Variable" library="BuiltIn">
<arg>${property_title}</arg>
<doc>Makes a variable available everywhere within the scope of the current test.</doc>
<msg timestamp="20240229 09:39:33.447" level="INFO">${property_title} = Hotel Disewa</msg>
<status status="PASS" starttime="20240229 09:39:33.447" endtime="20240229 09:39:33.447"/>
</kw>
<status status="PASS" starttime="20240229 09:39:33.430" endtime="20240229 09:39:33.447"/>
</kw>
<kw name="Get Property Content Url By Index" library="HomepagePages">
<arg>${i}</arg>
<kw name="Get Element Attribute" library="SeleniumLibrary">
<var>${property_url}</var>
<arg>xpath=//div[contains(@class, 'accordion-content') and contains(@class, 'showContent')]/a[${index}]</arg>
<arg>href</arg>
<doc>Returns the value of ``attribute`` from the element ``locator``.</doc>
<msg timestamp="20240229 09:39:33.461" level="INFO">${property_url} = https://www.99.co/id/sewa/hotel</msg>
<status status="PASS" starttime="20240229 09:39:33.448" endtime="20240229 09:39:33.461"/>
</kw>
<kw name="Set Test Variable" library="BuiltIn">
<arg>${property_url}</arg>
<doc>Makes a variable available everywhere within the scope of the current test.</doc>
<msg timestamp="20240229 09:39:33.462" level="INFO">${property_url} = https://www.99.co/id/sewa/hotel</msg>
<status status="PASS" starttime="20240229 09:39:33.461" endtime="20240229 09:39:33.462"/>
</kw>
<status status="PASS" starttime="20240229 09:39:33.448" endtime="20240229 09:39:33.462"/>
</kw>
<kw name="Click Property In The New Tab" library="HomepagePages">
<arg>${property_url}</arg>
<kw name="Execute Javascript" library="SeleniumLibrary">
<arg>window.open('${property_url}', '_blank')</arg>
<doc>Executes the given JavaScript code with possible arguments.</doc>
<msg timestamp="20240229 09:39:33.463" level="INFO">Executing JavaScript:
window.open('https://www.99.co/id/sewa/hotel', '_blank')
Without any arguments.</msg>
<status status="PASS" starttime="20240229 09:39:33.462" endtime="20240229 09:39:33.488"/>
</kw>
<status status="PASS" starttime="20240229 09:39:33.462" endtime="20240229 09:39:33.489"/>
</kw>
<kw name="Switch Window" library="SeleniumLibrary">
<var>${tab1}</var>
<arg>NEW</arg>
<doc>Switches to browser window matching ``locator``.</doc>
<msg timestamp="20240229 09:39:33.495" level="INFO">${tab1} = 56E84B4B990F6EA56D2EECE563C88406</msg>
<status status="PASS" starttime="20240229 09:39:33.489" endtime="20240229 09:39:33.495"/>
</kw>
<kw name="Verify Redirect To Expected Url" library="PropertyPagePages">
<arg>${property_url}</arg>
<kw name="Location Should Be" library="SeleniumLibrary">
<arg>${Property_url}</arg>
<doc>Verifies that the current URL is exactly ``url``.</doc>
<msg timestamp="20240229 09:39:33.709" level="INFO">Current location is 'https://www.99.co/id/sewa/hotel'.</msg>
<status status="PASS" starttime="20240229 09:39:33.495" endtime="20240229 09:39:33.709"/>
</kw>
<status status="PASS" starttime="20240229 09:39:33.495" endtime="20240229 09:39:33.710"/>
</kw>
<kw name="Verify User Already On Property Page Details" library="PropertyPageLogic">
<kw name="Verify Search Bar" library="PropertyPagePages">
<kw name="Wait Until Element Is Visible" library="SeleniumLibrary">
<arg>name=search-bar</arg>
<arg>timeout=${MIN_TIMEOUT}</arg>
<doc>Waits until the element ``locator`` is visible.</doc>
<status status="PASS" starttime="20240229 09:39:33.712" endtime="20240229 09:39:33.827"/>
</kw>
<status status="PASS" starttime="20240229 09:39:33.711" endtime="20240229 09:39:33.827"/>
</kw>
<kw name="Verify Filter Section" library="PropertyPagePages">
<kw name="Wait Until Element Is Visible" library="SeleniumLibrary">
<arg>class=filterOuter</arg>
<arg>timeout=${MIN_TIMEOUT}</arg>
<doc>Waits until the element ``locator`` is visible.</doc>
<status status="PASS" starttime="20240229 09:39:33.828" endtime="20240229 09:39:33.851"/>
</kw>
<status status="PASS" starttime="20240229 09:39:33.828" endtime="20240229 09:39:33.851"/>
</kw>
<kw name="Verify Filter Quick Section" library="PropertyPagePages">
<kw name="Wait Until Element Is Visible" library="SeleniumLibrary">
<arg>class=FilterQuick</arg>
<arg>timeout=${MIN_TIMEOUT}</arg>
<doc>Waits until the element ``locator`` is visible.</doc>
<status status="PASS" starttime="20240229 09:39:33.852" endtime="20240229 09:39:33.863"/>
</kw>
<status status="PASS" starttime="20240229 09:39:33.851" endtime="20240229 09:39:33.863"/>
</kw>
<kw name="Verify Filter Sorting Section" library="PropertyPagePages">
<kw name="Wait Until Element Is Visible" library="SeleniumLibrary">
<arg>class=FilterQuick__sort</arg>
<arg>timeout=${MIN_TIMEOUT}</arg>
<doc>Waits until the element ``locator`` is visible.</doc>
<status status="PASS" starttime="20240229 09:39:33.863" endtime="20240229 09:39:33.875"/>
</kw>
<status status="PASS" starttime="20240229 09:39:33.863" endtime="20240229 09:39:33.875"/>
</kw>
<status status="PASS" starttime="20240229 09:39:33.710" endtime="20240229 09:39:33.875"/>
</kw>
<kw name="Run Keyword And Ignore Error" library="BuiltIn">
<arg>PropertyPagePages.Verify Property Page Title</arg>
<arg>${property_title}</arg>
<doc>Runs the given keyword with the given arguments and ignores possible error.</doc>
<kw name="Verify Property Page Title" library="PropertyPagePages">
<arg>${property_title}</arg>
<kw name="Element Should Contain" library="SeleniumLibrary">
<arg>xpath=//div[@class="row"]//h1</arg>
<arg>${saleProperty_title} di Indonesia</arg>
<doc>Verifies that element ``locator`` contains text ``expected``.</doc>
<msg timestamp="20240229 09:39:33.888" level="FAIL">Element 'xpath=//div[@class="row"]//h1' should have contained text 'Hotel Disewa di Indonesia' but its text was 'Sewa Hotel di Indonesia'.</msg>
<status status="FAIL" starttime="20240229 09:39:33.876" endtime="20240229 09:39:33.888"/>
</kw>
<status status="FAIL" starttime="20240229 09:39:33.875" endtime="20240229 09:39:33.888"/>
</kw>
<status status="PASS" starttime="20240229 09:39:33.875" endtime="20240229 09:39:33.888"/>
</kw>
<kw name="Close Window" library="SeleniumLibrary">
<doc>Closes currently opened and selected browser window/tab.</doc>
<status status="PASS" starttime="20240229 09:39:33.888" endtime="20240229 09:39:33.942"/>
</kw>
<kw name="Switch Window" library="SeleniumLibrary">
<arg>MAIN</arg>
<doc>Switches to browser window matching ``locator``.</doc>
<status status="PASS" starttime="20240229 09:39:33.942" endtime="20240229 09:39:33.946"/>
</kw>
<status status="PASS" starttime="20240229 09:39:33.429" endtime="20240229 09:39:33.946"/>
</iter>
<iter>
<var name="${i}">11</var>
<kw name="Log To Console" library="BuiltIn">
<arg>${i}</arg>
<doc>Logs the given message to the console.</doc>
<status status="PASS" starttime="20240229 09:39:33.946" endtime="20240229 09:39:33.946"/>
</kw>
<kw name="Get Property Title" library="HomepagePages">
<arg>${i}</arg>
<kw name="Get Text" library="SeleniumLibrary">
<var>${property_title}</var>
<arg>xpath=//div[contains(@class, 'accordion-content') and contains(@class, 'showContent')]/a[${index}]</arg>
<doc>Returns the text value of the element identified by ``locator``.</doc>
<msg timestamp="20240229 09:39:33.963" level="INFO">${property_title} = Kios Disewa</msg>
<status status="PASS" starttime="20240229 09:39:33.947" endtime="20240229 09:39:33.963"/>
</kw>
<kw name="Set Test Variable" library="BuiltIn">
<arg>${property_title}</arg>
<doc>Makes a variable available everywhere within the scope of the current test.</doc>
[...]
<kw name="Wait Until Element Is Visible" library="SeleniumLibrary">
<arg>name=search-bar</arg>
<arg>timeout=${MIN_TIMEOUT}</arg>
<doc>Waits until the element ``locator`` is visible.</doc>
<status status="PASS" starttime="20240229 09:39:35.332" endtime="20240229 09:39:35.479"/>
</kw>
<status status="PASS" starttime="20240229 09:39:35.330" endtime="20240229 09:39:35.479"/>
</kw>
<kw name="Verify Filter Section" library="PropertyPagePages">
<kw name="Wait Until Element Is Visible" library="SeleniumLibrary">
<arg>class=filterOuter</arg>
<arg>timeout=${MIN_TIMEOUT}</arg>
<doc>Waits until the element ``locator`` is visible.</doc>
<status status="PASS" starttime="20240229 09:39:35.479" endtime="20240229 09:39:35.492"/>
</kw>
<status status="PASS" starttime="20240229 09:39:35.479" endtime="20240229 09:39:35.492"/>
</kw>
<kw name="Verify Filter Quick Section" library="PropertyPagePages">
<kw name="Wait Until Element Is Visible" library="SeleniumLibrary">
<arg>class=FilterQuick</arg>
<arg>timeout=${MIN_TIMEOUT}</arg>
<doc>Waits until the element ``locator`` is visible.</doc>
<status status="PASS" starttime="20240229 09:39:35.492" endtime="20240229 09:39:35.503"/>
</kw>
<status status="PASS" starttime="20240229 09:39:35.492" endtime="20240229 09:39:35.503"/>
</kw>
<kw name="Verify Filter Sorting Section" library="PropertyPagePages">
<kw name="Wait Until Element Is Visible" library="SeleniumLibrary">
<arg>class=FilterQuick__sort</arg>
<arg>timeout=${MIN_TIMEOUT}</arg>
<doc>Waits until the element ``locator`` is visible.</doc>
<status status="PASS" starttime="20240229 09:39:35.504" endtime="20240229 09:39:35.515"/>
</kw>
<status status="PASS" starttime="20240229 09:39:35.503" endtime="20240229 09:39:35.515"/>
</kw>
<status status="PASS" starttime="20240229 09:39:35.329" endtime="20240229 09:39:35.516"/>
</kw>
<kw name="Run Keyword And Ignore Error" library="BuiltIn">
<arg>PropertyPagePages.Verify Property Page Title</arg>
<arg>${property_title}</arg>
<doc>Runs the given keyword with the given arguments and ignores possible error.</doc>
<kw name="Verify Property Page Title" library="PropertyPagePages">
<arg>${property_title}</arg>
<kw name="Element Should Contain" library="SeleniumLibrary">
<arg>xpath=//div[@class="row"]//h1</arg>
<arg>${saleProperty_title} di Indonesia</arg>
<doc>Verifies that element ``locator`` contains text ``expected``.</doc>
<msg timestamp="20240229 09:39:35.527" level="FAIL">Element 'xpath=//div[@class="row"]//h1' should have contained text 'Gedung Bertingkat Disewa di Indonesia' but its text was 'Sewa Gedung di Indonesia'.</msg>
<status status="FAIL" starttime="20240229 09:39:35.516" endtime="20240229 09:39:35.528"/>
</kw>
<status status="FAIL" starttime="20240229 09:39:35.516" endtime="20240229 09:39:35.528"/>
</kw>
<status status="PASS" starttime="20240229 09:39:35.516" endtime="20240229 09:39:35.528"/>
</kw>
<kw name="Close Window" library="SeleniumLibrary">
<doc>Closes currently opened and selected browser window/tab.</doc>
<status status="PASS" starttime="20240229 09:39:35.528" endtime="20240229 09:39:35.582"/>
</kw>
<kw name="Switch Window" library="SeleniumLibrary">
<arg>MAIN</arg>
<doc>Switches to browser window matching ``locator``.</doc>
<status status="PASS" starttime="20240229 09:39:35.582" endtime="20240229 09:39:35.585"/>
</kw>
<status status="PASS" starttime="20240229 09:39:34.972" endtime="20240229 09:39:35.585"/>
</iter>
<iter>
<var name="${i}">14</var>
<kw name="Log To Console" library="BuiltIn">
<arg>${i}</arg>
<doc>Logs the given message to the console.</doc>
<status status="PASS" starttime="20240229 09:39:35.585" endtime="20240229 09:39:35.586"/>
</kw>
<kw name="Get Property Title" library="HomepagePages">
<arg>${i}</arg>
<kw name="Get Text" library="SeleniumLibrary">
<var>${property_title}</var>
<arg>xpath=//div[contains(@class, 'accordion-content') and contains(@class, 'showContent')]/a[${index}]</arg>
<doc>Returns the text value of the element identified by ``locator``.</doc>
<msg timestamp="20240229 09:39:35.604" level="INFO">${property_title} = Kondotel Disewa</msg>
<status status="PASS" starttime="20240229 09:39:35.586" endtime="20240229 09:39:35.604"/>
</kw>
<kw name="Set Test Variable" library="BuiltIn">
<arg>${property_title}</arg>
<doc>Makes a variable available everywhere within the scope of the current test.</doc>
<msg timestamp="20240229 09:39:35.605" level="INFO">${property_title} = Kondotel Disewa</msg>
<status status="PASS" starttime="20240229 09:39:35.605" endtime="20240229 09:39:35.605"/>
</kw>
<status status="PASS" starttime="20240229 09:39:35.586" endtime="20240229 09:39:35.605"/>
</kw>
<kw name="Get Property Content Url By Index" library="HomepagePages">
<arg>${i}</arg>
<kw name="Get Element Attribute" library="SeleniumLibrary">
<var>${property_url}</var>
<arg>xpath=//div[contains(@class, 'accordion-content') and contains(@class, 'showContent')]/a[${index}]</arg>
<arg>href</arg>
<doc>Returns the value of ``attribute`` from the element ``locator``.</doc>
<msg timestamp="20240229 09:39:35.618" level="INFO">${property_url} = https://www.99.co/id/sewa/kondotel</msg>
<status status="PASS" starttime="20240229 09:39:35.606" endtime="20240229 09:39:35.618"/>
</kw>
<kw name="Set Test Variable" library="BuiltIn">
<arg>${property_url}</arg>
<doc>Makes a variable available everywhere within the scope of the current test.</doc>
<msg timestamp="20240229 09:39:35.619" level="INFO">${property_url} = https://www.99.co/id/sewa/kondotel</msg>
<status status="PASS" starttime="20240229 09:39:35.618" endtime="20240229 09:39:35.619"/>
</kw>
<status status="PASS" starttime="20240229 09:39:35.605" endtime="20240229 09:39:35.619"/>
</kw>
<kw name="Click Property In The New Tab" library="HomepagePages">
<arg>${property_url}</arg>
<kw name="Execute Javascript" library="SeleniumLibrary">
<arg>window.open('${property_url}', '_blank')</arg>
<doc>Executes the given JavaScript code with possible arguments.</doc>
<msg timestamp="20240229 09:39:35.620" level="INFO">Executing JavaScript:
window.open('https://www.99.co/id/sewa/kondotel', '_blank')
Without any arguments.</msg>
<status status="PASS" starttime="20240229 09:39:35.619" endtime="20240229 09:39:35.644"/>
</kw>
<status status="PASS" starttime="20240229 09:39:35.619" endtime="20240229 09:39:35.645"/>
</kw>
<kw name="Switch Window" library="SeleniumLibrary">
<var>${tab1}</var>
<arg>NEW</arg>
<doc>Switches to browser window matching ``locator``.</doc>
<msg timestamp="20240229 09:39:35.651" level="INFO">${tab1} = 56E84B4B990F6EA56D2EECE563C88406</msg>
<status status="PASS" starttime="20240229 09:39:35.645" endtime="20240229 09:39:35.651"/>
</kw>
<kw name="Verify Redirect To Expected Url" library="PropertyPagePages">
<arg>${property_url}</arg>
<kw name="Location Should Be" library="SeleniumLibrary">
<arg>${Property_url}</arg>
<doc>Verifies that the current URL is exactly ``url``.</doc>
<msg timestamp="20240229 09:39:35.859" level="INFO">Current location is 'https://www.99.co/id/sewa/kondotel'.</msg>
<status status="PASS" starttime="20240229 09:39:35.651" endtime="20240229 09:39:35.859"/>
</kw>
<status status="PASS" starttime="20240229 09:39:35.651" endtime="20240229 09:39:35.859"/>
</kw>
<kw name="Verify User Already On Property Page Details" library="PropertyPageLogic">
<kw name="Verify Search Bar" library="PropertyPagePages">
<kw name="Wait Until Element Is Visible" library="SeleniumLibrary">
<arg>name=search-bar</arg>
<arg>timeout=${MIN_TIMEOUT}</arg>
<doc>Waits until the element ``locator`` is visible.</doc>
<status status="PASS" starttime="20240229 09:39:35.860" endtime="20240229 09:39:35.977"/>
</kw>
<status status="PASS" starttime="20240229 09:39:35.860" endtime="20240229 09:39:35.977"/>
</kw>
<kw name="Verify Filter Section" library="PropertyPagePages">
<kw name="Wait Until Element Is Visible" library="SeleniumLibrary">
<arg>class=filterOuter</arg>
<arg>timeout=${MIN_TIMEOUT}</arg>
<doc>Waits until the element ``locator`` is visible.</doc>
<status status="PASS" starttime="20240229 09:39:35.978" endtime="20240229 09:39:35.991"/>
</kw>
<status status="PASS" starttime="20240229 09:39:35.977" endtime="20240229 09:39:35.991"/>
</kw>
<kw name="Verify Filter Quick Section" library="PropertyPagePages">
<kw name="Wait Until Element Is Visible" library="SeleniumLibrary">
<arg>class=FilterQuick</arg>
<arg>timeout=${MIN_TIMEOUT}</arg>
<doc>Waits until the element ``locator`` is visible.</doc>
<status status="PASS" starttime="20240229 09:39:35.992" endtime="20240229 09:39:36.003"/>
</kw>
<status status="PASS" starttime="20240229 09:39:35.991" endtime="20240229 09:39:36.004"/>
</kw>
<kw name="Verify Filter Sorting Section" library="PropertyPagePages">
<kw name="Wait Until Element Is Visible" library="SeleniumLibrary">
<arg>class=FilterQuick__sort</arg>
<arg>timeout=${MIN_TIMEOUT}</arg>
<doc>Waits until the element ``locator`` is visible.</doc>
<status status="PASS" starttime="20240229 09:39:36.004" endtime="20240229 09:39:36.016"/>
</kw>
<status status="PASS" starttime="20240229 09:39:36.004" endtime="20240229 09:39:36.016"/>
</kw>
<status status="PASS" starttime="20240229 09:39:35.859" endtime="20240229 09:39:36.016"/>
</kw>
<kw name="Run Keyword And Ignore Error" library="BuiltIn">
<arg>PropertyPagePages.Verify Property Page Title</arg>
<arg>${property_title}</arg>
<doc>Runs the given keyword with the given arguments and ignores possible error.</doc>
<kw name="Verify Property Page Title" library="PropertyPagePages">
<arg>${property_title}</arg>
<kw name="Element Should Contain" library="SeleniumLibrary">
<arg>xpath=//div[@class="row"]//h1</arg>
<arg>${saleProperty_title} di Indonesia</arg>
<doc>Verifies that element ``locator`` contains text ``expected``.</doc>
<msg timestamp="20240229 09:39:36.034" level="FAIL">Element 'xpath=//div[@class="row"]//h1' should have contained text 'Kondotel Disewa di Indonesia' but its text was 'Sewa Kondotel di Indonesia'.</msg>
<status status="FAIL" starttime="20240229 09:39:36.017" endtime="20240229 09:39:36.034"/>
</kw>
<status status="FAIL" starttime="20240229 09:39:36.017" endtime="20240229 09:39:36.034"/>
</kw>
<status status="PASS" starttime="20240229 09:39:36.016" endtime="20240229 09:39:36.035"/>
</kw>
<kw name="Close Window" library="SeleniumLibrary">
<doc>Closes currently opened and selected browser window/tab.</doc>
<status status="PASS" starttime="20240229 09:39:36.035" endtime="20240229 09:39:36.088"/>
</kw>
<kw name="Switch Window" library="SeleniumLibrary">
<arg>MAIN</arg>
<doc>Switches to browser window matching ``locator``.</doc>
<status status="PASS" starttime="20240229 09:39:36.088" endtime="20240229 09:39:36.093"/>
</kw>
<status status="PASS" starttime="20240229 09:39:35.585" endtime="20240229 09:39:36.093"/>
</iter>
<iter>
<var name="${i}">15</var>
<kw name="Log To Console" library="BuiltIn">
<arg>${i}</arg>
<doc>Logs the given message to the console.</doc>
<status status="PASS" starttime="20240229 09:39:36.093" endtime="20240229 09:39:36.094"/>
</kw>
<kw name="Get Property Title" library="HomepagePages">
<arg>${i}</arg>
<kw name="Get Text" library="SeleniumLibrary">
<var>${property_title}</var>
<arg>xpath=//div[contains(@class, 'accordion-content') and contains(@class, 'showContent')]/a[${index}]</arg>
<doc>Returns the text value of the element identified by ``locator``.</doc>
<msg timestamp="20240229 09:39:36.112" level="INFO">${property_title} = Toko Disewa</msg>
<status status="PASS" starttime="20240229 09:39:36.094" endtime="20240229 09:39:36.112"/>
</kw>
<kw name="Set Test Variable" library="BuiltIn">
<arg>${property_title}</arg>
<doc>Makes a variable available everywhere within the scope of the current test.</doc>
<msg timestamp="20240229 09:39:36.113" level="INFO">${property_title} = Toko Disewa</msg>
<status status="PASS" starttime="20240229 09:39:36.113" endtime="20240229 09:39:36.113"/>
</kw>
<status status="PASS" starttime="20240229 09:39:36.094" endtime="20240229 09:39:36.113"/>
</kw>
<kw name="Get Property Content Url By Index" library="HomepagePages">
<arg>${i}</arg>
<kw name="Get Element Attribute" library="SeleniumLibrary">
<var>${property_url}</var>
<arg>xpath=//div[contains(@class, 'accordion-content') and contains(@class, 'showContent')]/a[${index}]</arg>
<arg>href</arg>
<doc>Returns the value of ``attribute`` from the element ``locator``.</doc>
<msg timestamp="20240229 09:39:36.125" level="INFO">${property_url} = https://www.99.co/id/sewa/toko</msg>
<status status="PASS" starttime="20240229 09:39:36.113" endtime="20240229 09:39:36.125"/>
</kw>
<kw name="Set Test Variable" library="BuiltIn">
<arg>${property_url}</arg>
<doc>Makes a variable available everywhere within the scope of the current test.</doc>
<msg timestamp="20240229 09:39:36.125" level="INFO">${property_url} = https://www.99.co/id/sewa/toko</msg>
<status status="PASS" starttime="20240229 09:39:36.125" endtime="20240229 09:39:36.125"/>
</kw>
<status status="PASS" starttime="20240229 09:39:36.113" endtime="20240229 09:39:36.126"/>
</kw>
<kw name="Click Property In The New Tab" library="HomepagePages">
<arg>${property_url}</arg>
<kw name="Execute Javascript" library="SeleniumLibrary">
<arg>window.open('${property_url}', '_blank')</arg>
<doc>Executes the given JavaScript code with possible arguments.</doc>
<msg timestamp="20240229 09:39:36.127" level="INFO">Executing JavaScript:
window.open('https://www.99.co/id/sewa/toko', '_blank')
Without any arguments.</msg>
<status status="PASS" starttime="20240229 09:39:36.126" endtime="20240229 09:39:36.153"/>
</kw>
<status status="PASS" starttime="20240229 09:39:36.126" endtime="20240229 09:39:36.153"/>
</kw>
<kw name="Switch Window" library="SeleniumLibrary">
<var>${tab1}</var>
<arg>NEW</arg>
<doc>Switches to browser window matching ``locator``.</doc>
<msg timestamp="20240229 09:39:36.161" level="INFO">${tab1} = 56E84B4B990F6EA56D2EECE563C88406</msg>
<status status="PASS" starttime="20240229 09:39:36.153" endtime="20240229 09:39:36.161"/>
</kw>
<kw name="Verify Redirect To Expected Url" library="PropertyPagePages">
<arg>${property_url}</arg>
<kw name="Location Should Be" library="SeleniumLibrary">
<arg>${Property_url}</arg>
<doc>Verifies that the current URL is exactly ``url``.</doc>
<msg timestamp="20240229 09:39:36.334" level="INFO">Current location is 'https://www.99.co/id/sewa/toko'.</msg>
<status status="PASS" starttime="20240229 09:39:36.161" endtime="20240229 09:39:36.334"/>
</kw>
<status status="PASS" starttime="20240229 09:39:36.161" endtime="20240229 09:39:36.334"/>
</kw>
<kw name="Verify User Already On Property Page Details" library="PropertyPageLogic">
<kw name="Verify Search Bar" library="PropertyPagePages">
<kw name="Wait Until Element Is Visible" library="SeleniumLibrary">
<arg>name=search-bar</arg>
<arg>timeout=${MIN_TIMEOUT}</arg>
<doc>Waits until the element ``locator`` is visible.</doc>
<status status="PASS" starttime="20240229 09:39:36.335" endtime="20240229 09:39:36.456"/>
</kw>
<status status="PASS" starttime="20240229 09:39:36.335" endtime="20240229 09:39:36.456"/>
</kw>
<kw name="Verify Filter Section" library="PropertyPagePages">
<kw name="Wait Until Element Is Visible" library="SeleniumLibrary">
<arg>class=filterOuter</arg>
<arg>timeout=${MIN_TIMEOUT}</arg>
<doc>Waits until the element ``locator`` is visible.</doc>
<status status="PASS" starttime="20240229 09:39:36.456" endtime="20240229 09:39:36.480"/>
</kw>
<status status="PASS" starttime="20240229 09:39:36.456" endtime="20240229 09:39:36.480"/>
</kw>
<kw name="Verify Filter Quick Section" library="PropertyPagePages">
<kw name="Wait Until Element Is Visible" library="SeleniumLibrary">
<arg>class=FilterQuick</arg>
<arg>timeout=${MIN_TIMEOUT}</arg>
<doc>Waits until the element ``locator`` is visible.</doc>
<status status="PASS" starttime="20240229 09:39:36.480" endtime="20240229 09:39:36.492"/>
</kw>
<status status="PASS" starttime="20240229 09:39:36.480" endtime="20240229 09:39:36.492"/>
</kw>
<kw name="Verify Filter Sorting Section" library="PropertyPagePages">
<kw name="Wait Until Element Is Visible" library="SeleniumLibrary">
<arg>class=FilterQuick__sort</arg>
<arg>timeout=${MIN_TIMEOUT}</arg>
<doc>Waits until the element ``locator`` is visible.</doc>
<status status="PASS" starttime="20240229 09:39:36.493" endtime="20240229 09:39:36.504"/>
</kw>
<status status="PASS" starttime="20240229 09:39:36.492" endtime="20240229 09:39:36.504"/>
</kw>
<status status="PASS" starttime="20240229 09:39:36.335" endtime="20240229 09:39:36.504"/>
</kw>
<kw name="Run Keyword And Ignore Error" library="BuiltIn">
<arg>PropertyPagePages.Verify Property Page Title</arg>
<arg>${property_title}</arg>
<doc>Runs the given keyword with the given arguments and ignores possible error.</doc>
<kw name="Verify Property Page Title" library="PropertyPagePages">
<arg>${property_title}</arg>
<kw name="Element Should Contain" library="SeleniumLibrary">
<arg>xpath=//div[@class="row"]//h1</arg>
<arg>${saleProperty_title} di Indonesia</arg>
<doc>Verifies that element ``locator`` contains text ``expected``.</doc>
<msg timestamp="20240229 09:39:36.516" level="FAIL">Element 'xpath=//div[@class="row"]//h1' should have contained text 'Toko Disewa di Indonesia' but its text was 'Sewa Toko di Indonesia'.</msg>
<status status="FAIL" starttime="20240229 09:39:36.505" endtime="20240229 09:39:36.517"/>
</kw>
<status status="FAIL" starttime="20240229 09:39:36.504" endtime="20240229 09:39:36.517"/>
</kw>
<status status="PASS" starttime="20240229 09:39:36.504" endtime="20240229 09:39:36.517"/>
</kw>
<kw name="Close Window" library="SeleniumLibrary">
<doc>Closes currently opened and selected browser window/tab.</doc>
<status status="PASS" starttime="20240229 09:39:36.517" endtime="20240229 09:39:36.574"/>
</kw>
<kw name="Switch Window" library="SeleniumLibrary">
<arg>MAIN</arg>
<doc>Switches to browser window matching ``locator``.</doc>
<status status="PASS" starttime="20240229 09:39:36.574" endtime="20240229 09:39:36.581"/>
</kw>
<status status="PASS" starttime="20240229 09:39:36.093" endtime="20240229 09:39:36.581"/>
</iter>
<status status="PASS" starttime="20240229 09:39:27.261" endtime="20240229 09:39:36.581"/>
</for>
<status status="PASS" starttime="20240229 09:39:27.249" endtime="20240229 09:39:36.581"/>
</kw>
<kw name="Capture Failed and Close All Browsers" library="TestTeardown" type="TEARDOWN">
<kw name="Capture Page If Test Failed" library="TestTeardown">
<kw name="Run Keyword If Test Failed" library="BuiltIn">
<arg>Capture Page Screenshot</arg>
<doc>Runs the given keyword with the given arguments, if the test failed.</doc>
<status status="PASS" starttime="20240229 09:39:36.582" endtime="20240229 09:39:36.583"/>
</kw>
<kw name="Run Keyword If Test Failed" library="BuiltIn">
<arg>Capture Current Location</arg>
<doc>Runs the given keyword with the given arguments, if the test failed.</doc>
<status status="PASS" starttime="20240229 09:39:36.583" endtime="20240229 09:39:36.583"/>
</kw>
<status status="PASS" starttime="20240229 09:39:36.582" endtime="20240229 09:39:36.583"/>
</kw>
<kw name="Close All Browsers" library="SeleniumLibrary">
<doc>Closes all open browsers and resets the browser cache.</doc>
<status status="PASS" starttime="20240229 09:39:36.583" endtime="20240229 09:39:36.723"/>
</kw>
<status status="PASS" starttime="20240229 09:39:36.582" endtime="20240229 09:39:36.723"/>
</kw>
<status status="PASS" starttime="20240229 09:39:24.216" endtime="20240229 09:39:36.723"/>
</test>
<status status="PASS" starttime="20240229 09:39:23.474" endtime="20240229 09:39:36.724"/>
</suite>
<status status="PASS" starttime="20240229 09:39:23.454" endtime="20240229 09:39:36.725"/>
</suite>
<statistics>
<total>
<stat pass="1" fail="0" skip="0">All Tests</stat>
</total>
<tag>
</tag>
<suite>
<stat pass="1" fail="0" skip="0" id="s1" name="Test">Test</stat>
<stat pass="1" fail="0" skip="0" id="s1-s1" name="Open Property Url">Test.Open Property Url</stat>
</suite>
</statistics>
<errors>
</errors>
</robot>
